0 verbose cli C:\Program Files\nodejs\node.exe C:\Program Files\nodejs\node_modules\npm\bin\npm-cli.js
1 info using npm@11.6.2
2 info using node@v24.13.0
3 silly config load:file:C:\Program Files\nodejs\node_modules\npm\npmrc
4 silly config load:file:C:\Users\ferna\refrigeracion-don-carlos-erp\backend\.npmrc
5 silly config load:file:C:\Users\ferna\.npmrc
6 silly config load:file:C:\Users\ferna\AppData\Roaming\npm\etc\npmrc
7 verbose title npm install jsonwebtoken
8 verbose argv "install" "jsonwebtoken"
9 verbose logfile logs-max:10 dir:C:\Users\ferna\refrigeracion-don-carlos-erp\backend\UsersfernaAppDataLocalnpm-cache\_logs\2026-04-10T00_15_30_215Z-
10 verbose logfile C:\Users\ferna\refrigeracion-don-carlos-erp\backend\UsersfernaAppDataLocalnpm-cache\_logs\2026-04-10T00_15_30_215Z-debug-0.log
11 silly logfile start cleaning logs, removing 1 files
12 silly packumentCache heap:4496293888 maxSize:1124073472 maxEntrySize:562036736
13 silly logfile done cleaning log files
14 verbose shrinkwrap failed to load node_modules/.package-lock.json out of date, updated: node_modules
15 silly idealTree buildDeps
16 silly fetch manifest jsonwebtoken@^9.0.2
17 silly packumentCache full:https://registry.npmjs.org/jsonwebtoken cache-miss
18 http fetch GET 200 https://registry.npmjs.org/jsonwebtoken 384ms (cache miss)
19 silly packumentCache full:https://registry.npmjs.org/jsonwebtoken set size:undefined disposed:false
20 silly placeDep ROOT jsonwebtoken@9.0.3 REPLACE for: refrigeracion-don-carlos-erp-backend@1.0.0 want: ^9.0.2
21 silly reify moves {}
22 silly audit bulk request {
22 silly audit   '@mapbox/node-pre-gyp': [ '1.0.11' ],
22 silly audit   '@prisma/client': [ '5.22.0' ],
22 silly audit   '@prisma/debug': [ '5.22.0' ],
22 silly audit   '@prisma/engines': [ '5.22.0' ],
22 silly audit   '@prisma/engines-version': [ '5.22.0-44.605197351a3c8bdd595af2d2a9bc3025bca48ea2' ],
22 silly audit   '@prisma/fetch-engine': [ '5.22.0' ],
22 silly audit   '@prisma/get-platform': [ '5.22.0' ],
22 silly audit   abbrev: [ '1.1.1' ],
22 silly audit   accepts: [ '1.3.8' ],
22 silly audit   'agent-base': [ '6.0.2' ],
22 silly audit   debug: [ '4.4.3', '2.6.9' ],
22 silly audit   ms: [ '2.1.3', '2.0.0' ],
22 silly audit   'ansi-regex': [ '5.0.1' ],
22 silly audit   anymatch: [ '3.1.3' ],
22 silly audit   aproba: [ '2.1.0' ],
22 silly audit   'are-we-there-yet': [ '2.0.0' ],
22 silly audit   'array-flatten': [ '1.1.1' ],
22 silly audit   'balanced-match': [ '4.0.4', '1.0.2' ],
22 silly audit   'basic-auth': [ '2.0.1' ],
22 silly audit   'safe-buffer': [ '5.1.2', '5.2.1' ],
22 silly audit   bcrypt: [ '5.1.1' ],
22 silly audit   bcryptjs: [ '3.0.3' ],
22 silly audit   'binary-extensions': [ '2.3.0' ],
22 silly audit   'body-parser': [ '1.20.4' ],
22 silly audit   'brace-expansion': [ '5.0.5', '1.1.13' ],
22 silly audit   braces: [ '3.0.3' ],
22 silly audit   'buffer-equal-constant-time': [ '1.0.1' ],
22 silly audit   bytes: [ '3.1.2' ],
22 silly audit   'call-bind-apply-helpers': [ '1.0.2' ],
22 silly audit   'call-bound': [ '1.0.4' ],
22 silly audit   chokidar: [ '3.6.0' ],
22 silly audit   chownr: [ '2.0.0' ],
22 silly audit   'color-support': [ '1.1.3' ],
22 silly audit   'concat-map': [ '0.0.1' ],
22 silly audit   'console-control-strings': [ '1.1.0' ],
22 silly audit   'content-disposition': [ '0.5.4' ],
22 silly audit   'content-type': [ '1.0.5' ],
22 silly audit   cookie: [ '0.7.2' ],
22 silly audit   'cookie-signature': [ '1.0.7' ],
22 silly audit   cors: [ '2.8.6' ],
22 silly audit   delegates: [ '1.0.0' ],
22 silly audit   depd: [ '2.0.0' ],
22 silly audit   destroy: [ '1.2.0' ],
22 silly audit   'detect-libc': [ '2.1.2' ],
22 silly audit   dotenv: [ '16.6.1' ],
22 silly audit   'dunder-proto': [ '1.0.1' ],
22 silly audit   'ecdsa-sig-formatter': [ '1.0.11' ],
22 silly audit   'ee-first': [ '1.1.1' ],
22 silly audit   'emoji-regex': [ '8.0.0' ],
22 silly audit   encodeurl: [ '2.0.0' ],
22 silly audit   'es-define-property': [ '1.0.1' ],
22 silly audit   'es-errors': [ '1.3.0' ],
22 silly audit   'es-object-atoms': [ '1.1.1' ],
22 silly audit   'escape-html': [ '1.0.3' ],
22 silly audit   etag: [ '1.8.1' ],
22 silly audit   express: [ '4.22.1' ],
22 silly audit   'express-rate-limit': [ '6.11.2' ],
22 silly audit   'fill-range': [ '7.1.1' ],
22 silly audit   finalhandler: [ '1.3.2' ],
22 silly audit   forwarded: [ '0.2.0' ],
22 silly audit   fresh: [ '0.5.2' ],
22 silly audit   'fs-minipass': [ '2.1.0' ],
22 silly audit   minipass: [ '3.3.6', '5.0.0' ],
22 silly audit   'fs.realpath': [ '1.0.0' ],
22 silly audit   fsevents: [ '2.3.3' ],
22 silly audit   'function-bind': [ '1.1.2' ],
22 silly audit   gauge: [ '3.0.2' ],
22 silly audit   'get-intrinsic': [ '1.3.0' ],
22 silly audit   'get-proto': [ '1.0.1' ],
22 silly audit   glob: [ '7.2.3' ],
22 silly audit   'glob-parent': [ '5.1.2' ],
22 silly audit   minimatch: [ '3.1.5', '10.2.5' ],
22 silly audit   gopd: [ '1.2.0' ],
22 silly audit   'has-flag': [ '3.0.0' ],
22 silly audit   'has-symbols': [ '1.1.0' ],
22 silly audit   'has-unicode': [ '2.0.1' ],
22 silly audit   hasown: [ '2.0.2' ],
22 silly audit   helmet: [ '7.2.0' ],
22 silly audit   'http-errors': [ '2.0.1' ],
22 silly audit   'https-proxy-agent': [ '5.0.1' ],
22 silly audit   'iconv-lite': [ '0.4.24' ],
22 silly audit   'ignore-by-default': [ '1.0.1' ],
22 silly audit   inflight: [ '1.0.6' ],
22 silly audit   inherits: [ '2.0.4' ],
22 silly audit   'ipaddr.js': [ '1.9.1' ],
22 silly audit   'is-binary-path': [ '2.1.0' ],
22 silly audit   'is-extglob': [ '2.1.1' ],
22 silly audit   'is-fullwidth-code-point': [ '3.0.0' ],
22 silly audit   'is-glob': [ '4.0.3' ],
22 silly audit   'is-number': [ '7.0.0' ],
22 silly audit   jwa: [ '2.0.1' ],
22 silly audit   jws: [ '4.0.1' ],
22 silly audit   'lodash.includes': [ '4.3.0' ],
22 silly audit   'lodash.isboolean': [ '3.0.3' ],
22 silly audit   'lodash.isinteger': [ '4.0.4' ],
22 silly audit   'lodash.isnumber': [ '3.0.3' ],
22 silly audit   'lodash.isplainobject': [ '4.0.6' ],
22 silly audit   'lodash.isstring': [ '4.0.1' ],
22 silly audit   'lodash.once': [ '4.1.1' ],
22 silly audit   'make-dir': [ '3.1.0' ],
22 silly audit   semver: [ '6.3.1', '7.7.4' ],
22 silly audit   'math-intrinsics': [ '1.1.0' ],
22 silly audit   'media-typer': [ '0.3.0' ],
22 silly audit   'merge-descriptors': [ '1.0.3' ],
22 silly audit   methods: [ '1.1.2' ],
22 silly audit   mime: [ '1.6.0' ],
22 silly audit   'mime-db': [ '1.52.0' ],
22 silly audit   'mime-types': [ '2.1.35' ],
22 silly audit   minizlib: [ '2.1.2' ],
22 silly audit   mkdirp: [ '1.0.4' ],
22 silly audit   morgan: [ '1.10.1' ],
22 silly audit   'on-finished': [ '2.3.0', '2.4.1' ],
22 silly audit   negotiator: [ '0.6.3' ],
22 silly audit   'node-addon-api': [ '5.1.0' ],
22 silly audit   'node-fetch': [ '2.7.0' ],
22 silly audit   nodemon: [ '3.1.14' ],
22 silly audit   nopt: [ '5.0.0' ],
22 silly audit   'normalize-path': [ '3.0.0' ],
22 silly audit   npmlog: [ '5.0.1' ],
22 silly audit   'object-assign': [ '4.1.1' ],
22 silly audit   'object-inspect': [ '1.13.4' ],
22 silly audit   'on-headers': [ '1.1.0' ],
22 silly audit   once: [ '1.4.0' ],
22 silly audit   parseurl: [ '1.3.3' ],
22 silly audit   'path-is-absolute': [ '1.0.1' ],
22 silly audit   'path-to-regexp': [ '0.1.13' ],
22 silly audit   picomatch: [ '2.3.2' ],
22 silly audit   prisma: [ '5.22.0' ],
22 silly audit   'proxy-addr': [ '2.0.7' ],
22 silly audit   'pstree.remy': [ '1.1.8' ],
22 silly audit   qs: [ '6.14.2' ],
22 silly audit   'range-parser': [ '1.2.1' ],
22 silly audit   'raw-body': [ '2.5.3' ],
22 silly audit   'readable-stream': [ '3.6.2' ],
22 silly audit   readdirp: [ '3.6.0' ],
22 silly audit   rimraf: [ '3.0.2' ],
22 silly audit   'safer-buffer': [ '2.1.2' ],
22 silly audit   send: [ '0.19.2' ],
22 silly audit   'serve-static': [ '1.16.3' ],
22 silly audit   'set-blocking': [ '2.0.0' ],
22 silly audit   setprototypeof: [ '1.2.0' ],
22 silly audit   'side-channel': [ '1.1.0' ],
22 silly audit   'side-channel-list': [ '1.0.1' ],
22 silly audit   'side-channel-map': [ '1.0.1' ],
22 silly audit   'side-channel-weakmap': [ '1.0.2' ],
22 silly audit   'signal-exit': [ '3.0.7' ],
22 silly audit   'simple-update-notifier': [ '2.0.0' ],
22 silly audit   statuses: [ '2.0.2' ],
22 silly audit   string_decoder: [ '1.3.0' ],
22 silly audit   'string-width': [ '4.2.3' ],
22 silly audit   'strip-ansi': [ '6.0.1' ],
22 silly audit   'supports-color': [ '5.5.0' ],
22 silly audit   tar: [ '6.2.1' ],
22 silly audit   'to-regex-range': [ '5.0.1' ],
22 silly audit   toidentifier: [ '1.0.1' ],
22 silly audit   touch: [ '3.1.1' ],
22 silly audit   tr46: [ '0.0.3' ],
22 silly audit   'type-is': [ '1.6.18' ],
22 silly audit   undefsafe: [ '2.0.5' ],
22 silly audit   unpipe: [ '1.0.0' ],
22 silly audit   'util-deprecate': [ '1.0.2' ],
22 silly audit   'utils-merge': [ '1.0.1' ],
22 silly audit   uuid: [ '13.0.0' ],
22 silly audit   vary: [ '1.1.2' ],
22 silly audit   'webidl-conversions': [ '3.0.1' ],
22 silly audit   'whatwg-url': [ '5.0.0' ],
22 silly audit   'wide-align': [ '1.1.5' ],
22 silly audit   wrappy: [ '1.0.2' ],
22 silly audit   yallist: [ '4.0.0' ],
22 silly audit   jsonwebtoken: [ '9.0.3' ]
22 silly audit }
23 http fetch POST 200 https://registry.npmjs.org/-/npm/v1/security/advisories/bulk 287ms
24 silly audit report {
24 silly audit report   tar: [
24 silly audit report     {
24 silly audit report       id: 1112659,
24 silly audit report       url: 'https://github.com/advisories/GHSA-34x7-hfp2-rc4v',
24 silly audit report       title: 'node-tar Vulnerable to Arbitrary File Creation/Overwrite via Hardlink Path Traversal',
24 silly audit report       severity: 'high',
24 silly audit report       vulnerable_versions: '<7.5.7',
24 silly audit report       cwe: [Array],
24 silly audit report       cvss: [Object]
24 silly audit report     },
24 silly audit report     {
24 silly audit report       id: 1113300,
24 silly audit report       url: 'https://github.com/advisories/GHSA-8qq5-rm4j-mr97',
24 silly audit report       title: 'node-tar is Vulnerable to Arbitrary File Overwrite and Symlink Poisoning via Insufficient Path Sanitization',
24 silly audit report       severity: 'high',
24 silly audit report       vulnerable_versions: '<=7.5.2',
24 silly audit report       cwe: [Array],
24 silly audit report       cvss: [Object]
24 silly audit report     },
24 silly audit report     {
24 silly audit report       id: 1113375,
24 silly audit report       url: 'https://github.com/advisories/GHSA-83g3-92jg-28cx',
24 silly audit report       title: 'Arbitrary File Read/Write via Hardlink Target Escape Through Symlink Chain in node-tar Extraction',
24 silly audit report       severity: 'high',
24 silly audit report       vulnerable_versions: '<7.5.8',
24 silly audit report       cwe: [Array],
24 silly audit report       cvss: [Object]
24 silly audit report     },
24 silly audit report     {
24 silly audit report       id: 1114200,
24 silly audit report       url: 'https://github.com/advisories/GHSA-qffp-2rhf-9h96',
24 silly audit report       title: 'tar has Hardlink Path Traversal via Drive-Relative Linkpath',
24 silly audit report       severity: 'high',
24 silly audit report       vulnerable_versions: '<=7.5.9',
24 silly audit report       cwe: [Array],
24 silly audit report       cvss: [Object]
24 silly audit report     },
24 silly audit report     {
24 silly audit report       id: 1114302,
24 silly audit report       url: 'https://github.com/advisories/GHSA-9ppj-qmqm-q256',
24 silly audit report       title: 'node-tar Symlink Path Traversal via Drive-Relative Linkpath',
24 silly audit report       severity: 'high',
24 silly audit report       vulnerable_versions: '<=7.5.10',
24 silly audit report       cwe: [Array],
24 silly audit report       cvss: [Object]
24 silly audit report     },
24 silly audit report     {
24 silly audit report       id: 1114680,
24 silly audit report       url: 'https://github.com/advisories/GHSA-r6q2-hw4h-h46w',
24 silly audit report       title: 'Race Condition in node-tar Path Reservations via Unicode Ligature Collisions on macOS APFS',
24 silly audit report       severity: 'high',
24 silly audit report       vulnerable_versions: '<=7.5.3',
24 silly audit report       cwe: [Array],
24 silly audit report       cvss: [Object]
24 silly audit report     }
24 silly audit report   ]
24 silly audit report }
25 silly packumentCache corgi:https://registry.npmjs.org/tar cache-miss
26 http fetch GET 200 https://registry.npmjs.org/tar 86ms (cache revalidated)
27 silly packumentCache corgi:https://registry.npmjs.org/tar set size:199254 disposed:false
28 silly packumentCache corgi:https://registry.npmjs.org/@mapbox%2fnode-pre-gyp cache-miss
29 http fetch GET 200 https://registry.npmjs.org/@mapbox%2fnode-pre-gyp 92ms (cache revalidated)
30 silly packumentCache corgi:https://registry.npmjs.org/@mapbox%2fnode-pre-gyp set size:47144 disposed:false
31 silly packumentCache corgi:https://registry.npmjs.org/bcrypt cache-miss
32 http fetch GET 200 https://registry.npmjs.org/bcrypt 75ms (cache revalidated)
33 silly packumentCache corgi:https://registry.npmjs.org/bcrypt set size:52606 disposed:false
34 verbose cwd C:\Users\ferna\refrigeracion-don-carlos-erp\backend
35 verbose os Windows_NT 10.0.19045
36 verbose node v24.13.0
37 verbose npm  v11.6.2
38 verbose exit 0
39 info ok
