0 verbose cli C:\Program Files\nodejs\node.exe C:\Program Files\nodejs\node_modules\npm\bin\npm-cli.js
1 info using npm@11.6.2
2 info using node@v24.13.0
3 silly config load:file:C:\Program Files\nodejs\node_modules\npm\npmrc
4 silly config load:file:C:\Users\ferna\refrigeracion-don-carlos-erp\backend\.npmrc
5 silly config load:file:C:\Users\ferna\.npmrc
6 silly config load:file:C:\Users\ferna\AppData\Roaming\npm\etc\npmrc
7 verbose title npm exec prisma generate
8 verbose argv "exec" "--" "prisma" "generate"
9 verbose logfile logs-max:10 dir:C:\Users\ferna\refrigeracion-don-carlos-erp\backend\UsersfernaAppDataLocalnpm-cache\_logs\2026-04-09T18_37_40_486Z-
10 verbose logfile C:\Users\ferna\refrigeracion-don-carlos-erp\backend\UsersfernaAppDataLocalnpm-cache\_logs\2026-04-09T18_37_40_486Z-debug-0.log
11 silly logfile done cleaning log files
12 http fetch GET 200 https://registry.npmjs.org/npm 333ms
13 verbose cwd C:\Users\ferna\refrigeracion-don-carlos-erp\backend
14 verbose os Windows_NT 10.0.19045
15 verbose node v24.13.0
16 verbose npm  v11.6.2
17 notice
17 notice New minor version of npm available! 11.6.2 -> 11.12.1
17 notice Changelog: https://github.com/npm/cli/releases/tag/v11.12.1
17 notice To update run: npm install -g npm@11.12.1
17 notice  { force: true, Symbol(proc-log.meta): true }
18 verbose exit 0
19 info ok
