0 verbose cli C:\Program Files\nodejs\node.exe C:\Program Files\nodejs\node_modules\npm\bin\npm-cli.js
1 info using npm@11.6.2
2 info using node@v24.13.0
3 silly config load:file:C:\Program Files\nodejs\node_modules\npm\npmrc
4 silly config load:file:C:\Users\ferna\refrigeracion-don-carlos-erp\backend\.npmrc
5 silly config load:file:C:\Users\ferna\.npmrc
6 silly config load:file:C:\Users\ferna\AppData\Roaming\npm\etc\npmrc
7 verbose title npm install bcryptjs
8 verbose argv "install" "bcryptjs"
9 verbose logfile logs-max:10 dir:C:\Users\ferna\refrigeracion-don-carlos-erp\backend\UsersfernaAppDataLocalnpm-cache\_logs\2026-04-09T18_45_53_506Z-
10 verbose logfile C:\Users\ferna\refrigeracion-don-carlos-erp\backend\UsersfernaAppDataLocalnpm-cache\_logs\2026-04-09T18_45_53_506Z-debug-0.log
11 silly logfile done cleaning log files
12 silly packumentCache heap:4496293888 maxSize:1124073472 maxEntrySize:562036736
13 silly idealTree buildDeps
14 silly fetch manifest bcryptjs@*
15 silly packumentCache full:https://registry.npmjs.org/bcryptjs cache-miss
16 http fetch GET 200 https://registry.npmjs.org/bcryptjs 439ms (cache miss)
17 silly packumentCache full:https://registry.npmjs.org/bcryptjs set size:undefined disposed:false
18 silly placeDep ROOT bcryptjs@3.0.3 OK for: refrigeracion-don-carlos-erp-backend@1.0.0 want: *
19 silly reify mark retired [
19 silly reify   'C:\\Users\\ferna\\refrigeracion-don-carlos-erp\\backend\\node_modules\\color-support',
19 silly reify   'C:\\Users\\ferna\\refrigeracion-don-carlos-erp\\backend\\node_modules\\.bin\\color-support',
19 silly reify   'C:\\Users\\ferna\\refrigeracion-don-carlos-erp\\backend\\node_modules\\.bin\\color-support.cmd',
19 silly reify   'C:\\Users\\ferna\\refrigeracion-don-carlos-erp\\backend\\node_modules\\.bin\\color-support.ps1'
19 silly reify ]
20 silly reify mark retired [
20 silly reify   'C:\\Users\\ferna\\refrigeracion-don-carlos-erp\\backend\\node_modules\\debug\\node_modules\\ms'
20 silly reify ]
21 silly reify mark retired [
21 silly reify   'C:\\Users\\ferna\\refrigeracion-don-carlos-erp\\backend\\node_modules\\make-dir\\node_modules\\semver',
21 silly reify   'C:\\Users\\ferna\\refrigeracion-don-carlos-erp\\backend\\node_modules\\make-dir\\node_modules\\.bin\\semver',
21 silly reify   'C:\\Users\\ferna\\refrigeracion-don-carlos-erp\\backend\\node_modules\\make-dir\\node_modules\\.bin\\semver.cmd',
21 silly reify   'C:\\Users\\ferna\\refrigeracion-don-carlos-erp\\backend\\node_modules\\make-dir\\node_modules\\.bin\\semver.ps1'
21 silly reify ]
22 silly reify mark retired [
22 silly reify   'C:\\Users\\ferna\\refrigeracion-don-carlos-erp\\backend\\node_modules\\mime',
22 silly reify   'C:\\Users\\ferna\\refrigeracion-don-carlos-erp\\backend\\node_modules\\.bin\\mime',
22 silly reify   'C:\\Users\\ferna\\refrigeracion-don-carlos-erp\\backend\\node_modules\\.bin\\mime.cmd',
22 silly reify   'C:\\Users\\ferna\\refrigeracion-don-carlos-erp\\backend\\node_modules\\.bin\\mime.ps1'
22 silly reify ]
23 silly reify mark retired [
23 silly reify   'C:\\Users\\ferna\\refrigeracion-don-carlos-erp\\backend\\node_modules\\minipass'
23 silly reify ]
24 silly reify mark retired [
24 silly reify   'C:\\Users\\ferna\\refrigeracion-don-carlos-erp\\backend\\node_modules\\mkdirp',
24 silly reify   'C:\\Users\\ferna\\refrigeracion-don-carlos-erp\\backend\\node_modules\\.bin\\mkdirp',
24 silly reify   'C:\\Users\\ferna\\refrigeracion-don-carlos-erp\\backend\\node_modules\\.bin\\mkdirp.cmd',
24 silly reify   'C:\\Users\\ferna\\refrigeracion-don-carlos-erp\\backend\\node_modules\\.bin\\mkdirp.ps1'
24 silly reify ]
25 silly reify mark retired [
25 silly reify   'C:\\Users\\ferna\\refrigeracion-don-carlos-erp\\backend\\node_modules\\ms'
25 silly reify ]
26 silly reify mark retired [
26 silly reify   'C:\\Users\\ferna\\refrigeracion-don-carlos-erp\\backend\\node_modules\\nodemon',
26 silly reify   'C:\\Users\\ferna\\refrigeracion-don-carlos-erp\\backend\\node_modules\\.bin\\nodemon',
26 silly reify   'C:\\Users\\ferna\\refrigeracion-don-carlos-erp\\backend\\node_modules\\.bin\\nodemon.cmd',
26 silly reify   'C:\\Users\\ferna\\refrigeracion-don-carlos-erp\\backend\\node_modules\\.bin\\nodemon.ps1'
26 silly reify ]
27 silly reify mark retired [
27 silly reify   'C:\\Users\\ferna\\refrigeracion-don-carlos-erp\\backend\\node_modules\\nopt',
27 silly reify   'C:\\Users\\ferna\\refrigeracion-don-carlos-erp\\backend\\node_modules\\.bin\\nopt',
27 silly reify   'C:\\Users\\ferna\\refrigeracion-don-carlos-erp\\backend\\node_modules\\.bin\\nopt.cmd',
27 silly reify   'C:\\Users\\ferna\\refrigeracion-don-carlos-erp\\backend\\node_modules\\.bin\\nopt.ps1'
27 silly reify ]
28 silly reify mark retired [
28 silly reify   'C:\\Users\\ferna\\refrigeracion-don-carlos-erp\\backend\\node_modules\\prisma',
28 silly reify   'C:\\Users\\ferna\\refrigeracion-don-carlos-erp\\backend\\node_modules\\.bin\\prisma',
28 silly reify   'C:\\Users\\ferna\\refrigeracion-don-carlos-erp\\backend\\node_modules\\.bin\\prisma.cmd',
28 silly reify   'C:\\Users\\ferna\\refrigeracion-don-carlos-erp\\backend\\node_modules\\.bin\\prisma.ps1'
28 silly reify ]
29 silly reify mark retired [
29 silly reify   'C:\\Users\\ferna\\refrigeracion-don-carlos-erp\\backend\\node_modules\\semver',
29 silly reify   'C:\\Users\\ferna\\refrigeracion-don-carlos-erp\\backend\\node_modules\\.bin\\semver',
29 silly reify   'C:\\Users\\ferna\\refrigeracion-don-carlos-erp\\backend\\node_modules\\.bin\\semver.cmd',
29 silly reify   'C:\\Users\\ferna\\refrigeracion-don-carlos-erp\\backend\\node_modules\\.bin\\semver.ps1'
29 silly reify ]
30 silly reify mark retired [
30 silly reify   'C:\\Users\\ferna\\refrigeracion-don-carlos-erp\\backend\\node_modules\\tar\\node_modules\\minipass'
30 silly reify ]
31 silly reify mark retired [
31 silly reify   'C:\\Users\\ferna\\refrigeracion-don-carlos-erp\\backend\\node_modules\\rimraf',
31 silly reify   'C:\\Users\\ferna\\refrigeracion-don-carlos-erp\\backend\\node_modules\\.bin\\rimraf',
31 silly reify   'C:\\Users\\ferna\\refrigeracion-don-carlos-erp\\backend\\node_modules\\.bin\\rimraf.cmd',
31 silly reify   'C:\\Users\\ferna\\refrigeracion-don-carlos-erp\\backend\\node_modules\\.bin\\rimraf.ps1'
31 silly reify ]
32 silly reify mark retired [
32 silly reify   'C:\\Users\\ferna\\refrigeracion-don-carlos-erp\\backend\\node_modules\\uuid',
32 silly reify   'C:\\Users\\ferna\\refrigeracion-don-carlos-erp\\backend\\node_modules\\.bin\\uuid',
32 silly reify   'C:\\Users\\ferna\\refrigeracion-don-carlos-erp\\backend\\node_modules\\.bin\\uuid.cmd',
32 silly reify   'C:\\Users\\ferna\\refrigeracion-don-carlos-erp\\backend\\node_modules\\.bin\\uuid.ps1'
32 silly reify ]
33 silly reify mark retired [
33 silly reify   'C:\\Users\\ferna\\refrigeracion-don-carlos-erp\\backend\\node_modules\\@mapbox\\node-pre-gyp',
33 silly reify   'C:\\Users\\ferna\\refrigeracion-don-carlos-erp\\backend\\node_modules\\.bin\\node-pre-gyp',
33 silly reify   'C:\\Users\\ferna\\refrigeracion-don-carlos-erp\\backend\\node_modules\\.bin\\node-pre-gyp.cmd',
33 silly reify   'C:\\Users\\ferna\\refrigeracion-don-carlos-erp\\backend\\node_modules\\.bin\\node-pre-gyp.ps1'
33 silly reify ]
34 silly reify mark retired [
34 silly reify   'C:\\Users\\ferna\\refrigeracion-don-carlos-erp\\backend\\node_modules\\touch',
34 silly reify   'C:\\Users\\ferna\\refrigeracion-don-carlos-erp\\backend\\node_modules\\.bin\\nodetouch',
34 silly reify   'C:\\Users\\ferna\\refrigeracion-don-carlos-erp\\backend\\node_modules\\.bin\\nodetouch.cmd',
34 silly reify   'C:\\Users\\ferna\\refrigeracion-don-carlos-erp\\backend\\node_modules\\.bin\\nodetouch.ps1'
34 silly reify ]
35 silly reify moves {
35 silly reify   'C:\\Users\\ferna\\refrigeracion-don-carlos-erp\\backend\\node_modules\\color-support': 'C:\\Users\\ferna\\refrigeracion-don-carlos-erp\\backend\\node_modules\\.color-support-DNqCQELp',
35 silly reify   'C:\\Users\\ferna\\refrigeracion-don-carlos-erp\\backend\\node_modules\\.bin\\color-support': 'C:\\Users\\ferna\\refrigeracion-don-carlos-erp\\backend\\node_modules\\.bin\\.color-support-7RRBo1tB',
35 silly reify   'C:\\Users\\ferna\\refrigeracion-don-carlos-erp\\backend\\node_modules\\.bin\\color-support.cmd': 'C:\\Users\\ferna\\refrigeracion-don-carlos-erp\\backend\\node_modules\\.bin\\.color-support.cmd-Lulmk4gi',
35 silly reify   'C:\\Users\\ferna\\refrigeracion-don-carlos-erp\\backend\\node_modules\\.bin\\color-support.ps1': 'C:\\Users\\ferna\\refrigeracion-don-carlos-erp\\backend\\node_modules\\.bin\\.color-support.ps1-6AWaGyvu',
35 silly reify   'C:\\Users\\ferna\\refrigeracion-don-carlos-erp\\backend\\node_modules\\debug\\node_modules\\ms': 'C:\\Users\\ferna\\refrigeracion-don-carlos-erp\\backend\\node_modules\\debug\\node_modules\\.ms-3xFGbAN1',
35 silly reify   'C:\\Users\\ferna\\refrigeracion-don-carlos-erp\\backend\\node_modules\\make-dir\\node_modules\\semver': 'C:\\Users\\ferna\\refrigeracion-don-carlos-erp\\backend\\node_modules\\make-dir\\node_modules\\.semver-pINeVt92',
35 silly reify   'C:\\Users\\ferna\\refrigeracion-don-carlos-erp\\backend\\node_modules\\make-dir\\node_modules\\.bin\\semver': 'C:\\Users\\ferna\\refrigeracion-don-carlos-erp\\backend\\node_modules\\make-dir\\node_modules\\.bin\\.semver-D9jBRrmI',
35 silly reify   'C:\\Users\\ferna\\refrigeracion-don-carlos-erp\\backend\\node_modules\\make-dir\\node_modules\\.bin\\semver.cmd': 'C:\\Users\\ferna\\refrigeracion-don-carlos-erp\\backend\\node_modules\\make-dir\\node_modules\\.bin\\.semver.cmd-R4QBnchs',
35 silly reify   'C:\\Users\\ferna\\refrigeracion-don-carlos-erp\\backend\\node_modules\\make-dir\\node_modules\\.bin\\semver.ps1': 'C:\\Users\\ferna\\refrigeracion-don-carlos-erp\\backend\\node_modules\\make-dir\\node_modules\\.bin\\.semver.ps1-l434UQCg',
35 silly reify   'C:\\Users\\ferna\\refrigeracion-don-carlos-erp\\backend\\node_modules\\mime': 'C:\\Users\\ferna\\refrigeracion-don-carlos-erp\\backend\\node_modules\\.mime-pRNhnAYo',
35 silly reify   'C:\\Users\\ferna\\refrigeracion-don-carlos-erp\\backend\\node_modules\\.bin\\mime': 'C:\\Users\\ferna\\refrigeracion-don-carlos-erp\\backend\\node_modules\\.bin\\.mime-dSxOBWBl',
35 silly reify   'C:\\Users\\ferna\\refrigeracion-don-carlos-erp\\backend\\node_modules\\.bin\\mime.cmd': 'C:\\Users\\ferna\\refrigeracion-don-carlos-erp\\backend\\node_modules\\.bin\\.mime.cmd-612juIJ6',
35 silly reify   'C:\\Users\\ferna\\refrigeracion-don-carlos-erp\\backend\\node_modules\\.bin\\mime.ps1': 'C:\\Users\\ferna\\refrigeracion-don-carlos-erp\\backend\\node_modules\\.bin\\.mime.ps1-M2IEhOui',
35 silly reify   'C:\\Users\\ferna\\refrigeracion-don-carlos-erp\\backend\\node_modules\\minipass': 'C:\\Users\\ferna\\refrigeracion-don-carlos-erp\\backend\\node_modules\\.minipass-yKMYnfwQ',
35 silly reify   'C:\\Users\\ferna\\refrigeracion-don-carlos-erp\\backend\\node_modules\\mkdirp': 'C:\\Users\\ferna\\refrigeracion-don-carlos-erp\\backend\\node_modules\\.mkdirp-YUQzPwxH',
35 silly reify   'C:\\Users\\ferna\\refrigeracion-don-carlos-erp\\backend\\node_modules\\.bin\\mkdirp': 'C:\\Users\\ferna\\refrigeracion-don-carlos-erp\\backend\\node_modules\\.bin\\.mkdirp-nRSUUDS8',
35 silly reify   'C:\\Users\\ferna\\refrigeracion-don-carlos-erp\\backend\\node_modules\\.bin\\mkdirp.cmd': 'C:\\Users\\ferna\\refrigeracion-don-carlos-erp\\backend\\node_modules\\.bin\\.mkdirp.cmd-mEiqup6u',
35 silly reify   'C:\\Users\\ferna\\refrigeracion-don-carlos-erp\\backend\\node_modules\\.bin\\mkdirp.ps1': 'C:\\Users\\ferna\\refrigeracion-don-carlos-erp\\backend\\node_modules\\.bin\\.mkdirp.ps1-JKt6XMo2',
35 silly reify   'C:\\Users\\ferna\\refrigeracion-don-carlos-erp\\backend\\node_modules\\ms': 'C:\\Users\\ferna\\refrigeracion-don-carlos-erp\\backend\\node_modules\\.ms-umPEb2Y3',
35 silly reify   'C:\\Users\\ferna\\refrigeracion-don-carlos-erp\\backend\\node_modules\\nodemon': 'C:\\Users\\ferna\\refrigeracion-don-carlos-erp\\backend\\node_modules\\.nodemon-GJcvAPxL',
35 silly reify   'C:\\Users\\ferna\\refrigeracion-don-carlos-erp\\backend\\node_modules\\.bin\\nodemon': 'C:\\Users\\ferna\\refrigeracion-don-carlos-erp\\backend\\node_modules\\.bin\\.nodemon-28Sn0W4n',
35 silly reify   'C:\\Users\\ferna\\refrigeracion-don-carlos-erp\\backend\\node_modules\\.bin\\nodemon.cmd': 'C:\\Users\\ferna\\refrigeracion-don-carlos-erp\\backend\\node_modules\\.bin\\.nodemon.cmd-CYyTBH5f',
35 silly reify   'C:\\Users\\ferna\\refrigeracion-don-carlos-erp\\backend\\node_modules\\.bin\\nodemon.ps1': 'C:\\Users\\ferna\\refrigeracion-don-carlos-erp\\backend\\node_modules\\.bin\\.nodemon.ps1-Dewf3bGZ',
35 silly reify   'C:\\Users\\ferna\\refrigeracion-don-carlos-erp\\backend\\node_modules\\nopt': 'C:\\Users\\ferna\\refrigeracion-don-carlos-erp\\backend\\node_modules\\.nopt-ElWUl9RU',
35 silly reify   'C:\\Users\\ferna\\refrigeracion-don-carlos-erp\\backend\\node_modules\\.bin\\nopt': 'C:\\Users\\ferna\\refrigeracion-don-carlos-erp\\backend\\node_modules\\.bin\\.nopt-H9eSP3Jy',
35 silly reify   'C:\\Users\\ferna\\refrigeracion-don-carlos-erp\\backend\\node_modules\\.bin\\nopt.cmd': 'C:\\Users\\ferna\\refrigeracion-don-carlos-erp\\backend\\node_modules\\.bin\\.nopt.cmd-Y8zt0Vku',
35 silly reify   'C:\\Users\\ferna\\refrigeracion-don-carlos-erp\\backend\\node_modules\\.bin\\nopt.ps1': 'C:\\Users\\ferna\\refrigeracion-don-carlos-erp\\backend\\node_modules\\.bin\\.nopt.ps1-zw5BsbbY',
35 silly reify   'C:\\Users\\ferna\\refrigeracion-don-carlos-erp\\backend\\node_modules\\prisma': 'C:\\Users\\ferna\\refrigeracion-don-carlos-erp\\backend\\node_modules\\.prisma-7JUaQWub',
35 silly reify   'C:\\Users\\ferna\\refrigeracion-don-carlos-erp\\backend\\node_modules\\.bin\\prisma': 'C:\\Users\\ferna\\refrigeracion-don-carlos-erp\\backend\\node_modules\\.bin\\.prisma-sh9tnDwC',
35 silly reify   'C:\\Users\\ferna\\refrigeracion-don-carlos-erp\\backend\\node_modules\\.bin\\prisma.cmd': 'C:\\Users\\ferna\\refrigeracion-don-carlos-erp\\backend\\node_modules\\.bin\\.prisma.cmd-PIwX0WII',
35 silly reify   'C:\\Users\\ferna\\refrigeracion-don-carlos-erp\\backend\\node_modules\\.bin\\prisma.ps1': 'C:\\Users\\ferna\\refrigeracion-don-carlos-erp\\backend\\node_modules\\.bin\\.prisma.ps1-S5hge0F1',
35 silly reify   'C:\\Users\\ferna\\refrigeracion-don-carlos-erp\\backend\\node_modules\\semver': 'C:\\Users\\ferna\\refrigeracion-don-carlos-erp\\backend\\node_modules\\.semver-bUhjytZg',
35 silly reify   'C:\\Users\\ferna\\refrigeracion-don-carlos-erp\\backend\\node_modules\\.bin\\semver': 'C:\\Users\\ferna\\refrigeracion-don-carlos-erp\\backend\\node_modules\\.bin\\.semver-qylEVCRC',
35 silly reify   'C:\\Users\\ferna\\refrigeracion-don-carlos-erp\\backend\\node_modules\\.bin\\semver.cmd': 'C:\\Users\\ferna\\refrigeracion-don-carlos-erp\\backend\\node_modules\\.bin\\.semver.cmd-g0BrHJ0J',
35 silly reify   'C:\\Users\\ferna\\refrigeracion-don-carlos-erp\\backend\\node_modules\\.bin\\semver.ps1': 'C:\\Users\\ferna\\refrigeracion-don-carlos-erp\\backend\\node_modules\\.bin\\.semver.ps1-hFme1u0B',
35 silly reify   'C:\\Users\\ferna\\refrigeracion-don-carlos-erp\\backend\\node_modules\\tar\\node_modules\\minipass': 'C:\\Users\\ferna\\refrigeracion-don-carlos-erp\\backend\\node_modules\\tar\\node_modules\\.minipass-PWuBaZHe',
35 silly reify   'C:\\Users\\ferna\\refrigeracion-don-carlos-erp\\backend\\node_modules\\rimraf': 'C:\\Users\\ferna\\refrigeracion-don-carlos-erp\\backend\\node_modules\\.rimraf-HnNWMHV7',
35 silly reify   'C:\\Users\\ferna\\refrigeracion-don-carlos-erp\\backend\\node_modules\\.bin\\rimraf': 'C:\\Users\\ferna\\refrigeracion-don-carlos-erp\\backend\\node_modules\\.bin\\.rimraf-W1OsenEs',
35 silly reify   'C:\\Users\\ferna\\refrigeracion-don-carlos-erp\\backend\\node_modules\\.bin\\rimraf.cmd': 'C:\\Users\\ferna\\refrigeracion-don-carlos-erp\\backend\\node_modules\\.bin\\.rimraf.cmd-BpmwbnJx',
35 silly reify   'C:\\Users\\ferna\\refrigeracion-don-carlos-erp\\backend\\node_modules\\.bin\\rimraf.ps1': 'C:\\Users\\ferna\\refrigeracion-don-carlos-erp\\backend\\node_modules\\.bin\\.rimraf.ps1-5gHCxXFJ',
35 silly reify   'C:\\Users\\ferna\\refrigeracion-don-carlos-erp\\backend\\node_modules\\uuid': 'C:\\Users\\ferna\\refrigeracion-don-carlos-erp\\backend\\node_modules\\.uuid-mgMKgqPe',
35 silly reify   'C:\\Users\\ferna\\refrigeracion-don-carlos-erp\\backend\\node_modules\\.bin\\uuid': 'C:\\Users\\ferna\\refrigeracion-don-carlos-erp\\backend\\node_modules\\.bin\\.uuid-gei76JBH',
35 silly reify   'C:\\Users\\ferna\\refrigeracion-don-carlos-erp\\backend\\node_modules\\.bin\\uuid.cmd': 'C:\\Users\\ferna\\refrigeracion-don-carlos-erp\\backend\\node_modules\\.bin\\.uuid.cmd-TK5DqGhJ',
35 silly reify   'C:\\Users\\ferna\\refrigeracion-don-carlos-erp\\backend\\node_modules\\.bin\\uuid.ps1': 'C:\\Users\\ferna\\refrigeracion-don-carlos-erp\\backend\\node_modules\\.bin\\.uuid.ps1-NtFdWqjI',
35 silly reify   'C:\\Users\\ferna\\refrigeracion-don-carlos-erp\\backend\\node_modules\\@mapbox\\node-pre-gyp': 'C:\\Users\\ferna\\refrigeracion-don-carlos-erp\\backend\\node_modules\\@mapbox\\.node-pre-gyp-gS9WCFLr',
35 silly reify   'C:\\Users\\ferna\\refrigeracion-don-carlos-erp\\backend\\node_modules\\.bin\\node-pre-gyp': 'C:\\Users\\ferna\\refrigeracion-don-carlos-erp\\backend\\node_modules\\.bin\\.node-pre-gyp-UApEhwtW',
35 silly reify   'C:\\Users\\ferna\\refrigeracion-don-carlos-erp\\backend\\node_modules\\.bin\\node-pre-gyp.cmd': 'C:\\Users\\ferna\\refrigeracion-don-carlos-erp\\backend\\node_modules\\.bin\\.node-pre-gyp.cmd-bp5jnGq8',
35 silly reify   'C:\\Users\\ferna\\refrigeracion-don-carlos-erp\\backend\\node_modules\\.bin\\node-pre-gyp.ps1': 'C:\\Users\\ferna\\refrigeracion-don-carlos-erp\\backend\\node_modules\\.bin\\.node-pre-gyp.ps1-km3COhMa',
35 silly reify   'C:\\Users\\ferna\\refrigeracion-don-carlos-erp\\backend\\node_modules\\touch': 'C:\\Users\\ferna\\refrigeracion-don-carlos-erp\\backend\\node_modules\\.touch-qxf2Jaz7',
35 silly reify   'C:\\Users\\ferna\\refrigeracion-don-carlos-erp\\backend\\node_modules\\.bin\\nodetouch': 'C:\\Users\\ferna\\refrigeracion-don-carlos-erp\\backend\\node_modules\\.bin\\.nodetouch-G3kKvaap',
35 silly reify   'C:\\Users\\ferna\\refrigeracion-don-carlos-erp\\backend\\node_modules\\.bin\\nodetouch.cmd': 'C:\\Users\\ferna\\refrigeracion-don-carlos-erp\\backend\\node_modules\\.bin\\.nodetouch.cmd-RYSncIud',
35 silly reify   'C:\\Users\\ferna\\refrigeracion-don-carlos-erp\\backend\\node_modules\\.bin\\nodetouch.ps1': 'C:\\Users\\ferna\\refrigeracion-don-carlos-erp\\backend\\node_modules\\.bin\\.nodetouch.ps1-qHJCogOQ'
35 silly reify }
36 silly audit bulk request {
36 silly audit   '@mapbox/node-pre-gyp': [ '1.0.11' ],
36 silly audit   '@prisma/client': [ '5.22.0' ],
36 silly audit   '@prisma/debug': [ '5.22.0' ],
36 silly audit   '@prisma/engines': [ '5.22.0' ],
36 silly audit   '@prisma/engines-version': [ '5.22.0-44.605197351a3c8bdd595af2d2a9bc3025bca48ea2' ],
36 silly audit   '@prisma/fetch-engine': [ '5.22.0' ],
36 silly audit   '@prisma/get-platform': [ '5.22.0' ],
36 silly audit   abbrev: [ '1.1.1' ],
36 silly audit   accepts: [ '1.3.8' ],
36 silly audit   'agent-base': [ '6.0.2' ],
36 silly audit   debug: [ '4.4.3', '2.6.9' ],
36 silly audit   ms: [ '2.1.3', '2.0.0' ],
36 silly audit   'ansi-regex': [ '5.0.1' ],
36 silly audit   anymatch: [ '3.1.3' ],
36 silly audit   aproba: [ '2.1.0' ],
36 silly audit   'are-we-there-yet': [ '2.0.0' ],
36 silly audit   'array-flatten': [ '1.1.1' ],
36 silly audit   'balanced-match': [ '4.0.4', '1.0.2' ],
36 silly audit   'basic-auth': [ '2.0.1' ],
36 silly audit   'safe-buffer': [ '5.1.2', '5.2.1' ],
36 silly audit   bcrypt: [ '5.1.1' ],
36 silly audit   'binary-extensions': [ '2.3.0' ],
36 silly audit   'body-parser': [ '1.20.4' ],
36 silly audit   'brace-expansion': [ '5.0.5', '1.1.13' ],
36 silly audit   braces: [ '3.0.3' ],
36 silly audit   'buffer-equal-constant-time': [ '1.0.1' ],
36 silly audit   bytes: [ '3.1.2' ],
36 silly audit   'call-bind-apply-helpers': [ '1.0.2' ],
36 silly audit   'call-bound': [ '1.0.4' ],
36 silly audit   chokidar: [ '3.6.0' ],
36 silly audit   chownr: [ '2.0.0' ],
36 silly audit   'color-support': [ '1.1.3' ],
36 silly audit   'concat-map': [ '0.0.1' ],
36 silly audit   'console-control-strings': [ '1.1.0' ],
36 silly audit   'content-disposition': [ '0.5.4' ],
36 silly audit   'content-type': [ '1.0.5' ],
36 silly audit   cookie: [ '0.7.2' ],
36 silly audit   'cookie-signature': [ '1.0.7' ],
36 silly audit   cors: [ '2.8.6' ],
36 silly audit   delegates: [ '1.0.0' ],
36 silly audit   depd: [ '2.0.0' ],
36 silly audit   destroy: [ '1.2.0' ],
36 silly audit   'detect-libc': [ '2.1.2' ],
36 silly audit   dotenv: [ '16.6.1' ],
36 silly audit   'dunder-proto': [ '1.0.1' ],
36 silly audit   'ecdsa-sig-formatter': [ '1.0.11' ],
36 silly audit   'ee-first': [ '1.1.1' ],
36 silly audit   'emoji-regex': [ '8.0.0' ],
36 silly audit   encodeurl: [ '2.0.0' ],
36 silly audit   'es-define-property': [ '1.0.1' ],
36 silly audit   'es-errors': [ '1.3.0' ],
36 silly audit   'es-object-atoms': [ '1.1.1' ],
36 silly audit   'escape-html': [ '1.0.3' ],
36 silly audit   etag: [ '1.8.1' ],
36 silly audit   express: [ '4.22.1' ],
36 silly audit   'express-rate-limit': [ '6.11.2' ],
36 silly audit   'fill-range': [ '7.1.1' ],
36 silly audit   finalhandler: [ '1.3.2' ],
36 silly audit   forwarded: [ '0.2.0' ],
36 silly audit   fresh: [ '0.5.2' ],
36 silly audit   'fs-minipass': [ '2.1.0' ],
36 silly audit   minipass: [ '3.3.6', '5.0.0' ],
36 silly audit   'fs.realpath': [ '1.0.0' ],
36 silly audit   fsevents: [ '2.3.3' ],
36 silly audit   'function-bind': [ '1.1.2' ],
36 silly audit   gauge: [ '3.0.2' ],
36 silly audit   'get-intrinsic': [ '1.3.0' ],
36 silly audit   'get-proto': [ '1.0.1' ],
36 silly audit   glob: [ '7.2.3' ],
36 silly audit   'glob-parent': [ '5.1.2' ],
36 silly audit   minimatch: [ '3.1.5', '10.2.5' ],
36 silly audit   gopd: [ '1.2.0' ],
36 silly audit   'has-flag': [ '3.0.0' ],
36 silly audit   'has-symbols': [ '1.1.0' ],
36 silly audit   'has-unicode': [ '2.0.1' ],
36 silly audit   hasown: [ '2.0.2' ],
36 silly audit   helmet: [ '7.2.0' ],
36 silly audit   'http-errors': [ '2.0.1' ],
36 silly audit   'https-proxy-agent': [ '5.0.1' ],
36 silly audit   'iconv-lite': [ '0.4.24' ],
36 silly audit   'ignore-by-default': [ '1.0.1' ],
36 silly audit   inflight: [ '1.0.6' ],
36 silly audit   inherits: [ '2.0.4' ],
36 silly audit   'ipaddr.js': [ '1.9.1' ],
36 silly audit   'is-binary-path': [ '2.1.0' ],
36 silly audit   'is-extglob': [ '2.1.1' ],
36 silly audit   'is-fullwidth-code-point': [ '3.0.0' ],
36 silly audit   'is-glob': [ '4.0.3' ],
36 silly audit   'is-number': [ '7.0.0' ],
36 silly audit   jsonwebtoken: [ '9.0.3' ],
36 silly audit   jwa: [ '2.0.1' ],
36 silly audit   jws: [ '4.0.1' ],
36 silly audit   'lodash.includes': [ '4.3.0' ],
36 silly audit   'lodash.isboolean': [ '3.0.3' ],
36 silly audit   'lodash.isinteger': [ '4.0.4' ],
36 silly audit   'lodash.isnumber': [ '3.0.3' ],
36 silly audit   'lodash.isplainobject': [ '4.0.6' ],
36 silly audit   'lodash.isstring': [ '4.0.1' ],
36 silly audit   'lodash.once': [ '4.1.1' ],
36 silly audit   'make-dir': [ '3.1.0' ],
36 silly audit   semver: [ '6.3.1', '7.7.4' ],
36 silly audit   'math-intrinsics': [ '1.1.0' ],
36 silly audit   'media-typer': [ '0.3.0' ],
36 silly audit   'merge-descriptors': [ '1.0.3' ],
36 silly audit   methods: [ '1.1.2' ],
36 silly audit   mime: [ '1.6.0' ],
36 silly audit   'mime-db': [ '1.52.0' ],
36 silly audit   'mime-types': [ '2.1.35' ],
36 silly audit   minizlib: [ '2.1.2' ],
36 silly audit   mkdirp: [ '1.0.4' ],
36 silly audit   morgan: [ '1.10.1' ],
36 silly audit   'on-finished': [ '2.3.0', '2.4.1' ],
36 silly audit   negotiator: [ '0.6.3' ],
36 silly audit   'node-addon-api': [ '5.1.0' ],
36 silly audit   'node-fetch': [ '2.7.0' ],
36 silly audit   nodemon: [ '3.1.14' ],
36 silly audit   nopt: [ '5.0.0' ],
36 silly audit   'normalize-path': [ '3.0.0' ],
36 silly audit   npmlog: [ '5.0.1' ],
36 silly audit   'object-assign': [ '4.1.1' ],
36 silly audit   'object-inspect': [ '1.13.4' ],
36 silly audit   'on-headers': [ '1.1.0' ],
36 silly audit   once: [ '1.4.0' ],
36 silly audit   parseurl: [ '1.3.3' ],
36 silly audit   'path-is-absolute': [ '1.0.1' ],
36 silly audit   'path-to-regexp': [ '0.1.13' ],
36 silly audit   picomatch: [ '2.3.2' ],
36 silly audit   prisma: [ '5.22.0' ],
36 silly audit   'proxy-addr': [ '2.0.7' ],
36 silly audit   'pstree.remy': [ '1.1.8' ],
36 silly audit   qs: [ '6.14.2' ],
36 silly audit   'range-parser': [ '1.2.1' ],
36 silly audit   'raw-body': [ '2.5.3' ],
36 silly audit   'readable-stream': [ '3.6.2' ],
36 silly audit   readdirp: [ '3.6.0' ],
36 silly audit   rimraf: [ '3.0.2' ],
36 silly audit   'safer-buffer': [ '2.1.2' ],
36 silly audit   send: [ '0.19.2' ],
36 silly audit   'serve-static': [ '1.16.3' ],
36 silly audit   'set-blocking': [ '2.0.0' ],
36 silly audit   setprototypeof: [ '1.2.0' ],
36 silly audit   'side-channel': [ '1.1.0' ],
36 silly audit   'side-channel-list': [ '1.0.1' ],
36 silly audit   'side-channel-map': [ '1.0.1' ],
36 silly audit   'side-channel-weakmap': [ '1.0.2' ],
36 silly audit   'signal-exit': [ '3.0.7' ],
36 silly audit   'simple-update-notifier': [ '2.0.0' ],
36 silly audit   statuses: [ '2.0.2' ],
36 silly audit   string_decoder: [ '1.3.0' ],
36 silly audit   'string-width': [ '4.2.3' ],
36 silly audit   'strip-ansi': [ '6.0.1' ],
36 silly audit   'supports-color': [ '5.5.0' ],
36 silly audit   tar: [ '6.2.1' ],
36 silly audit   'to-regex-range': [ '5.0.1' ],
36 silly audit   toidentifier: [ '1.0.1' ],
36 silly audit   touch: [ '3.1.1' ],
36 silly audit   tr46: [ '0.0.3' ],
36 silly audit   'type-is': [ '1.6.18' ],
36 silly audit   undefsafe: [ '2.0.5' ],
36 silly audit   unpipe: [ '1.0.0' ],
36 silly audit   'util-deprecate': [ '1.0.2' ],
36 silly audit   'utils-merge': [ '1.0.1' ],
36 silly audit   uuid: [ '13.0.0' ],
36 silly audit   vary: [ '1.1.2' ],
36 silly audit   'webidl-conversions': [ '3.0.1' ],
36 silly audit   'whatwg-url': [ '5.0.0' ],
36 silly audit   'wide-align': [ '1.1.5' ],
36 silly audit   wrappy: [ '1.0.2' ],
36 silly audit   yallist: [ '4.0.0' ],
36 silly audit   bcryptjs: [ '3.0.3' ]
36 silly audit }
37 http cache bcryptjs@https://registry.npmjs.org/bcryptjs/-/bcryptjs-3.0.3.tgz 1ms (cache hit)
38 http cache touch@https://registry.npmjs.org/touch/-/touch-3.1.1.tgz 0ms (cache hit)
39 http cache @mapbox/node-pre-gyp@https://registry.npmjs.org/@mapbox/node-pre-gyp/-/node-pre-gyp-1.0.11.tgz 0ms (cache hit)
40 http cache rimraf@https://registry.npmjs.org/rimraf/-/rimraf-3.0.2.tgz 0ms (cache hit)
41 http cache uuid@https://registry.npmjs.org/uuid/-/uuid-13.0.0.tgz 0ms (cache hit)
42 http cache semver@https://registry.npmjs.org/semver/-/semver-7.7.4.tgz 0ms (cache hit)
43 http cache prisma@https://registry.npmjs.org/prisma/-/prisma-5.22.0.tgz 0ms (cache hit)
44 http cache nopt@https://registry.npmjs.org/nopt/-/nopt-5.0.0.tgz 0ms (cache hit)
45 http cache nodemon@https://registry.npmjs.org/nodemon/-/nodemon-3.1.14.tgz 0ms (cache hit)
46 http cache ms@https://registry.npmjs.org/ms/-/ms-2.0.0.tgz 0ms (cache hit)
47 http cache mkdirp@https://registry.npmjs.org/mkdirp/-/mkdirp-1.0.4.tgz 0ms (cache hit)
48 http cache mime@https://registry.npmjs.org/mime/-/mime-1.6.0.tgz 0ms (cache hit)
49 http cache minipass@https://registry.npmjs.org/minipass/-/minipass-5.0.0.tgz 0ms (cache hit)
50 http cache color-support@https://registry.npmjs.org/color-support/-/color-support-1.1.3.tgz 0ms (cache hit)
51 http cache ms@https://registry.npmjs.org/ms/-/ms-2.1.3.tgz 0ms (cache hit)
52 http cache minipass@https://registry.npmjs.org/minipass/-/minipass-3.3.6.tgz 0ms (cache hit)
53 http cache ms@https://registry.npmjs.org/ms/-/ms-2.1.3.tgz 0ms (cache hit)
54 http cache semver@https://registry.npmjs.org/semver/-/semver-6.3.1.tgz 0ms (cache hit)
55 http cache ms@https://registry.npmjs.org/ms/-/ms-2.1.3.tgz 0ms (cache hit)
56 http cache ms@https://registry.npmjs.org/ms/-/ms-2.1.3.tgz 0ms (cache hit)
57 silly tarball no local data for bcryptjs@https://registry.npmjs.org/bcryptjs/-/bcryptjs-3.0.3.tgz. Extracting by manifest.
58 http cache ms@https://registry.npmjs.org/ms/-/ms-2.1.3.tgz 0ms (cache hit)
59 silly tarball no local data for touch@https://registry.npmjs.org/touch/-/touch-3.1.1.tgz. Extracting by manifest.
60 http cache minipass@https://registry.npmjs.org/minipass/-/minipass-3.3.6.tgz 0ms (cache hit)
61 silly tarball no local data for @mapbox/node-pre-gyp@https://registry.npmjs.org/@mapbox/node-pre-gyp/-/node-pre-gyp-1.0.11.tgz. Extracting by manifest.
62 silly tarball no local data for rimraf@https://registry.npmjs.org/rimraf/-/rimraf-3.0.2.tgz. Extracting by manifest.
63 silly tarball no local data for uuid@https://registry.npmjs.org/uuid/-/uuid-13.0.0.tgz. Extracting by manifest.
64 silly tarball no local data for semver@https://registry.npmjs.org/semver/-/semver-7.7.4.tgz. Extracting by manifest.
65 silly tarball no local data for prisma@https://registry.npmjs.org/prisma/-/prisma-5.22.0.tgz. Extracting by manifest.
66 silly tarball no local data for nopt@https://registry.npmjs.org/nopt/-/nopt-5.0.0.tgz. Extracting by manifest.
67 silly tarball no local data for nodemon@https://registry.npmjs.org/nodemon/-/nodemon-3.1.14.tgz. Extracting by manifest.
68 silly tarball no local data for ms@https://registry.npmjs.org/ms/-/ms-2.0.0.tgz. Extracting by manifest.
69 silly tarball no local data for mkdirp@https://registry.npmjs.org/mkdirp/-/mkdirp-1.0.4.tgz. Extracting by manifest.
70 silly tarball no local data for mime@https://registry.npmjs.org/mime/-/mime-1.6.0.tgz. Extracting by manifest.
71 silly tarball no local data for minipass@https://registry.npmjs.org/minipass/-/minipass-5.0.0.tgz. Extracting by manifest.
72 silly tarball no local data for color-support@https://registry.npmjs.org/color-support/-/color-support-1.1.3.tgz. Extracting by manifest.
73 silly tarball no local data for ms@https://registry.npmjs.org/ms/-/ms-2.1.3.tgz. Extracting by manifest.
74 silly tarball no local data for minipass@https://registry.npmjs.org/minipass/-/minipass-3.3.6.tgz. Extracting by manifest.
75 silly tarball no local data for ms@https://registry.npmjs.org/ms/-/ms-2.1.3.tgz. Extracting by manifest.
76 silly tarball no local data for semver@https://registry.npmjs.org/semver/-/semver-6.3.1.tgz. Extracting by manifest.
77 silly tarball no local data for ms@https://registry.npmjs.org/ms/-/ms-2.1.3.tgz. Extracting by manifest.
78 silly tarball no local data for ms@https://registry.npmjs.org/ms/-/ms-2.1.3.tgz. Extracting by manifest.
79 silly tarball no local data for ms@https://registry.npmjs.org/ms/-/ms-2.1.3.tgz. Extracting by manifest.
80 silly tarball no local data for minipass@https://registry.npmjs.org/minipass/-/minipass-3.3.6.tgz. Extracting by manifest.
81 http fetch GET 200 https://registry.npmjs.org/touch/-/touch-3.1.1.tgz 485ms (cache miss)
82 http fetch POST 200 https://registry.npmjs.org/-/npm/v1/security/advisories/bulk 568ms
83 silly audit report {
83 silly audit report   tar: [
83 silly audit report     {
83 silly audit report       id: 1112659,
83 silly audit report       url: 'https://github.com/advisories/GHSA-34x7-hfp2-rc4v',
83 silly audit report       title: 'node-tar Vulnerable to Arbitrary File Creation/Overwrite via Hardlink Path Traversal',
83 silly audit report       severity: 'high',
83 silly audit report       vulnerable_versions: '<7.5.7',
83 silly audit report       cwe: [Array],
83 silly audit report       cvss: [Object]
83 silly audit report     },
83 silly audit report     {
83 silly audit report       id: 1113300,
83 silly audit report       url: 'https://github.com/advisories/GHSA-8qq5-rm4j-mr97',
83 silly audit report       title: 'node-tar is Vulnerable to Arbitrary File Overwrite and Symlink Poisoning via Insufficient Path Sanitization',
83 silly audit report       severity: 'high',
83 silly audit report       vulnerable_versions: '<=7.5.2',
83 silly audit report       cwe: [Array],
83 silly audit report       cvss: [Object]
83 silly audit report     },
83 silly audit report     {
83 silly audit report       id: 1113375,
83 silly audit report       url: 'https://github.com/advisories/GHSA-83g3-92jg-28cx',
83 silly audit report       title: 'Arbitrary File Read/Write via Hardlink Target Escape Through Symlink Chain in node-tar Extraction',
83 silly audit report       severity: 'high',
83 silly audit report       vulnerable_versions: '<7.5.8',
83 silly audit report       cwe: [Array],
83 silly audit report       cvss: [Object]
83 silly audit report     },
83 silly audit report     {
83 silly audit report       id: 1114200,
83 silly audit report       url: 'https://github.com/advisories/GHSA-qffp-2rhf-9h96',
83 silly audit report       title: 'tar has Hardlink Path Traversal via Drive-Relative Linkpath',
83 silly audit report       severity: 'high',
83 silly audit report       vulnerable_versions: '<=7.5.9',
83 silly audit report       cwe: [Array],
83 silly audit report       cvss: [Object]
83 silly audit report     },
83 silly audit report     {
83 silly audit report       id: 1114302,
83 silly audit report       url: 'https://github.com/advisories/GHSA-9ppj-qmqm-q256',
83 silly audit report       title: 'node-tar Symlink Path Traversal via Drive-Relative Linkpath',
83 silly audit report       severity: 'high',
83 silly audit report       vulnerable_versions: '<=7.5.10',
83 silly audit report       cwe: [Array],
83 silly audit report       cvss: [Object]
83 silly audit report     },
83 silly audit report     {
83 silly audit report       id: 1114680,
83 silly audit report       url: 'https://github.com/advisories/GHSA-r6q2-hw4h-h46w',
83 silly audit report       title: 'Race Condition in node-tar Path Reservations via Unicode Ligature Collisions on macOS APFS',
83 silly audit report       severity: 'high',
83 silly audit report       vulnerable_versions: '<=7.5.3',
83 silly audit report       cwe: [Array],
83 silly audit report       cvss: [Object]
83 silly audit report     }
83 silly audit report   ]
83 silly audit report }
84 silly packumentCache corgi:https://registry.npmjs.org/tar cache-miss
85 http fetch GET 200 https://registry.npmjs.org/ms/-/ms-2.1.3.tgz 544ms (cache miss)
86 http fetch GET 200 https://registry.npmjs.org/ms/-/ms-2.1.3.tgz 580ms (cache miss)
87 http fetch GET 200 https://registry.npmjs.org/ms/-/ms-2.1.3.tgz 625ms (cache miss)
88 http fetch GET 200 https://registry.npmjs.org/ms/-/ms-2.1.3.tgz 713ms (cache miss)
89 http fetch GET 200 https://registry.npmjs.org/rimraf/-/rimraf-3.0.2.tgz 884ms (cache miss)
90 warn deprecated rimraf@3.0.2: Rimraf versions prior to v4 are no longer supported
91 http fetch GET 200 https://registry.npmjs.org/bcryptjs/-/bcryptjs-3.0.3.tgz 1201ms (cache miss)
92 http fetch GET 200 https://registry.npmjs.org/minipass/-/minipass-3.3.6.tgz 1198ms (cache miss)
93 http fetch GET 200 https://registry.npmjs.org/minipass/-/minipass-3.3.6.tgz 1291ms (cache miss)
94 http fetch GET 200 https://registry.npmjs.org/ms/-/ms-2.1.3.tgz 1290ms (cache miss)
95 http fetch GET 200 https://registry.npmjs.org/color-support/-/color-support-1.1.3.tgz 1304ms (cache miss)
96 http fetch GET 200 https://registry.npmjs.org/ms/-/ms-2.0.0.tgz 1401ms (cache miss)
97 http fetch GET 200 https://registry.npmjs.org/tar 915ms (cache miss)
98 silly packumentCache corgi:https://registry.npmjs.org/tar set size:undefined disposed:false
99 http fetch GET 200 https://registry.npmjs.org/semver/-/semver-6.3.1.tgz 1473ms (cache miss)
100 http fetch GET 200 https://registry.npmjs.org/nopt/-/nopt-5.0.0.tgz 1487ms (cache miss)
101 http fetch GET 200 https://registry.npmjs.org/minipass/-/minipass-5.0.0.tgz 1491ms (cache miss)
102 silly packumentCache corgi:https://registry.npmjs.org/@mapbox%2fnode-pre-gyp cache-miss
103 http fetch GET 200 https://registry.npmjs.org/mime/-/mime-1.6.0.tgz 2353ms (cache miss)
104 http fetch GET 200 https://registry.npmjs.org/mkdirp/-/mkdirp-1.0.4.tgz 2360ms (cache miss)
105 http fetch GET 200 https://registry.npmjs.org/@mapbox%2fnode-pre-gyp 128ms (cache miss)
106 silly packumentCache corgi:https://registry.npmjs.org/@mapbox%2fnode-pre-gyp set size:undefined disposed:false
107 silly packumentCache corgi:https://registry.npmjs.org/bcrypt cache-miss
108 http fetch GET 200 https://registry.npmjs.org/bcrypt 159ms (cache miss)
109 silly packumentCache corgi:https://registry.npmjs.org/bcrypt set size:undefined disposed:false
110 http fetch GET 200 https://registry.npmjs.org/@mapbox/node-pre-gyp/-/node-pre-gyp-1.0.11.tgz 2925ms (cache miss)
111 http fetch GET 200 https://registry.npmjs.org/semver/-/semver-7.7.4.tgz 3155ms (cache miss)
112 http fetch GET 200 https://registry.npmjs.org/nodemon/-/nodemon-3.1.14.tgz 3163ms (cache miss)
113 http fetch GET 200 https://registry.npmjs.org/uuid/-/uuid-13.0.0.tgz 3225ms (cache miss)
114 http fetch GET 200 https://registry.npmjs.org/prisma/-/prisma-5.22.0.tgz 4964ms (cache miss)
115 info run prisma@5.22.0 preinstall node_modules/prisma node scripts/preinstall-entry.js
116 info run prisma@5.22.0 preinstall { code: 0, signal: null }
117 silly ADD node_modules/bcryptjs
118 silly CHANGE node_modules/touch
119 silly CHANGE node_modules/@mapbox/node-pre-gyp
120 silly CHANGE node_modules/uuid
121 silly CHANGE node_modules/rimraf
122 silly REMOVE node_modules/tar/node_modules/minipass
123 silly ADD node_modules/send/node_modules/ms
124 silly CHANGE node_modules/semver
125 silly CHANGE node_modules/prisma
126 silly CHANGE node_modules/nopt
127 silly CHANGE node_modules/nodemon
128 silly ADD node_modules/nodemon/node_modules/ms
129 silly CHANGE node_modules/ms
130 silly CHANGE node_modules/mkdirp
131 silly ADD node_modules/minizlib/node_modules/minipass
132 silly CHANGE node_modules/minipass
133 silly CHANGE node_modules/mime
134 silly CHANGE node_modules/make-dir/node_modules/semver
135 silly ADD node_modules/jsonwebtoken/node_modules/ms
136 silly ADD node_modules/https-proxy-agent/node_modules/ms
137 silly ADD node_modules/agent-base/node_modules/ms
138 silly ADD node_modules/fs-minipass/node_modules/minipass
139 silly REMOVE node_modules/debug/node_modules/ms
140 silly CHANGE node_modules/color-support
141 verbose cwd C:\Users\ferna\refrigeracion-don-carlos-erp\backend
142 verbose os Windows_NT 10.0.19045
143 verbose node v24.13.0
144 verbose npm  v11.6.2
145 verbose exit 0
146 info ok
