0 verbose cli C:\Program Files\nodejs\node.exe C:\Program Files\nodejs\node_modules\npm\bin\npm-cli.js
1 info using npm@11.6.2
2 info using node@v24.13.0
3 silly config load:file:C:\Program Files\nodejs\node_modules\npm\npmrc
4 silly config load:file:C:\Users\ferna\refrigeracion-don-carlos-erp\.npmrc
5 silly config load:file:C:\Users\ferna\.npmrc
6 silly config load:file:C:\Users\ferna\AppData\Roaming\npm\etc\npmrc
7 verbose title npm install @prisma/client
8 verbose argv "install" "@prisma/client" "--legacy-peer-deps"
9 verbose logfile logs-max:10 dir:C:\Users\ferna\refrigeracion-don-carlos-erp\UsersfernaAppDataLocalnpm-cache\_logs\2026-04-09T18_35_03_912Z-
10 verbose logfile C:\Users\ferna\refrigeracion-don-carlos-erp\UsersfernaAppDataLocalnpm-cache\_logs\2026-04-09T18_35_03_912Z-debug-0.log
11 silly logfile done cleaning log files
12 silly packumentCache heap:4496293888 maxSize:1124073472 maxEntrySize:562036736
13 silly idealTree buildDeps
14 silly fetch manifest @prisma/client@*
15 silly packumentCache full:https://registry.npmjs.org/@prisma%2fclient cache-miss
16 http fetch GET 200 https://registry.npmjs.org/@prisma%2fclient 1680ms (cache miss)
17 silly packumentCache full:https://registry.npmjs.org/@prisma%2fclient set size:undefined disposed:false
18 silly placeDep ROOT @prisma/client@7.7.0 OK for:  want: *
19 silly fetch manifest @prisma/client-runtime-utils@7.7.0
20 silly packumentCache full:https://registry.npmjs.org/@prisma%2fclient-runtime-utils cache-miss
21 http fetch GET 200 https://registry.npmjs.org/@prisma%2fclient-runtime-utils 1045ms (cache miss)
22 silly packumentCache full:https://registry.npmjs.org/@prisma%2fclient-runtime-utils set size:undefined disposed:false
23 silly placeDep ROOT @prisma/client-runtime-utils@7.7.0 OK for: @prisma/client@7.7.0 want: 7.7.0
24 silly reify moves {}
25 silly audit bulk request {
25 silly audit   '@electric-sql/pglite': [ '0.4.1' ],
25 silly audit   '@electric-sql/pglite-socket': [ '0.1.1' ],
25 silly audit   '@electric-sql/pglite-tools': [ '0.3.1' ],
25 silly audit   '@hono/node-server': [ '1.19.11' ],
25 silly audit   '@kurkle/color': [ '0.3.4' ],
25 silly audit   '@prisma/config': [ '7.7.0' ],
25 silly audit   '@prisma/debug': [ '7.7.0', '7.2.0' ],
25 silly audit   '@prisma/dev': [ '0.24.3' ],
25 silly audit   '@prisma/engines': [ '7.7.0' ],
25 silly audit   '@prisma/engines-version': [ '7.6.0-1.75cbdc1eb7150937890ad5465d861175c6624711' ],
25 silly audit   '@prisma/get-platform': [ '7.7.0', '7.2.0' ],
25 silly audit   '@prisma/fetch-engine': [ '7.7.0' ],
25 silly audit   '@prisma/query-plan-executor': [ '7.2.0' ],
25 silly audit   '@prisma/streams-local': [ '0.1.2' ],
25 silly audit   '@prisma/studio-core': [ '0.27.3' ],
25 silly audit   '@radix-ui/primitive': [ '1.1.3' ],
25 silly audit   '@radix-ui/react-compose-refs': [ '1.1.2' ],
25 silly audit   '@radix-ui/react-primitive': [ '2.1.3' ],
25 silly audit   '@radix-ui/react-slot': [ '1.2.3' ],
25 silly audit   '@radix-ui/react-toggle': [ '1.1.10' ],
25 silly audit   '@radix-ui/react-use-controllable-state': [ '1.2.2' ],
25 silly audit   '@radix-ui/react-use-effect-event': [ '0.0.2' ],
25 silly audit   '@radix-ui/react-use-layout-effect': [ '1.1.1' ],
25 silly audit   '@standard-schema/spec': [ '1.1.0' ],
25 silly audit   ajv: [ '8.18.0' ],
25 silly audit   'aws-ssl-profiles': [ '1.1.2' ],
25 silly audit   'better-result': [ '2.8.2' ],
25 silly audit   c12: [ '3.1.0' ],
25 silly audit   'chart.js': [ '4.5.1' ],
25 silly audit   chokidar: [ '4.0.3' ],
25 silly audit   citty: [ '0.1.6', '0.2.2' ],
25 silly audit   confbox: [ '0.2.4' ],
25 silly audit   consola: [ '3.4.2' ],
25 silly audit   'cross-spawn': [ '7.0.6' ],
25 silly audit   'deepmerge-ts': [ '7.1.5' ],
25 silly audit   defu: [ '6.1.7' ],
25 silly audit   denque: [ '2.1.0' ],
25 silly audit   destr: [ '2.0.5' ],
25 silly audit   dotenv: [ '16.6.1' ],
25 silly audit   effect: [ '3.20.0' ],
25 silly audit   empathic: [ '2.0.0' ],
25 silly audit   'env-paths': [ '3.0.0' ],
25 silly audit   exsolve: [ '1.0.8' ],
25 silly audit   'fast-check': [ '3.23.2' ],
25 silly audit   'fast-deep-equal': [ '3.1.3' ],
25 silly audit   'fast-uri': [ '3.1.0' ],
25 silly audit   'foreground-child': [ '3.3.1' ],
25 silly audit   'generate-function': [ '2.3.1' ],
25 silly audit   'get-port-please': [ '3.2.0' ],
25 silly audit   giget: [ '2.0.0' ],
25 silly audit   'graceful-fs': [ '4.2.11' ],
25 silly audit   grammex: [ '3.1.12' ],
25 silly audit   graphmatch: [ '1.1.1' ],
25 silly audit   hono: [ '4.12.12' ],
25 silly audit   'http-status-codes': [ '2.3.0' ],
25 silly audit   'iconv-lite': [ '0.7.2' ],
25 silly audit   'is-property': [ '1.0.2' ],
25 silly audit   isexe: [ '2.0.0' ],
25 silly audit   jiti: [ '2.6.1' ],
25 silly audit   'json-schema-traverse': [ '1.0.0' ],
25 silly audit   long: [ '5.3.2' ],
25 silly audit   'lru.min': [ '1.1.4' ],
25 silly audit   mysql2: [ '3.15.3' ],
25 silly audit   'named-placeholders': [ '1.1.6' ],
25 silly audit   'node-fetch-native': [ '1.6.7' ],
25 silly audit   nypm: [ '0.6.5' ],
25 silly audit   ohash: [ '2.0.11' ],
25 silly audit   'path-key': [ '3.1.1' ],
25 silly audit   pathe: [ '2.0.3' ],
25 silly audit   'perfect-debounce': [ '1.0.0' ],
25 silly audit   'pkg-types': [ '2.3.0' ],
25 silly audit   postgres: [ '3.4.7' ],
25 silly audit   prisma: [ '7.7.0' ],
25 silly audit   'proper-lockfile': [ '4.1.2' ],
25 silly audit   'signal-exit': [ '3.0.7', '4.1.0' ],
25 silly audit   'pure-rand': [ '6.1.0' ],
25 silly audit   rc9: [ '2.1.2' ],
25 silly audit   readdirp: [ '4.1.2' ],
25 silly audit   remeda: [ '2.33.4' ],
25 silly audit   'require-from-string': [ '2.0.2' ],
25 silly audit   retry: [ '0.12.0' ],
25 silly audit   'safer-buffer': [ '2.1.2' ],
25 silly audit   'seq-queue': [ '0.0.5' ],
25 silly audit   'shebang-command': [ '2.0.0' ],
25 silly audit   'shebang-regex': [ '3.0.0' ],
25 silly audit   sqlstring: [ '2.3.3' ],
25 silly audit   'std-env': [ '3.10.0' ],
25 silly audit   tinyexec: [ '1.1.1' ],
25 silly audit   valibot: [ '1.2.0' ],
25 silly audit   which: [ '2.0.2' ],
25 silly audit   zeptomatch: [ '2.1.0' ],
25 silly audit   '@prisma/client': [ '7.7.0' ],
25 silly audit   '@prisma/client-runtime-utils': [ '7.7.0' ]
25 silly audit }
26 http cache @prisma/client@https://registry.npmjs.org/@prisma/client/-/client-7.7.0.tgz 0ms (cache hit)
27 http cache @prisma/client-runtime-utils@https://registry.npmjs.org/@prisma/client-runtime-utils/-/client-runtime-utils-7.7.0.tgz 0ms (cache hit)
28 silly tarball no local data for @prisma/client@https://registry.npmjs.org/@prisma/client/-/client-7.7.0.tgz. Extracting by manifest.
29 silly tarball no local data for @prisma/client-runtime-utils@https://registry.npmjs.org/@prisma/client-runtime-utils/-/client-runtime-utils-7.7.0.tgz. Extracting by manifest.
30 http fetch POST 200 https://registry.npmjs.org/-/npm/v1/security/advisories/bulk 240ms
31 silly audit report {
31 silly audit report   '@hono/node-server': [
31 silly audit report     {
31 silly audit report       id: 1116281,
31 silly audit report       url: 'https://github.com/advisories/GHSA-92pp-h63x-v22m',
31 silly audit report       title: '@hono/node-server: Middleware bypass via repeated slashes in serveStatic',
31 silly audit report       severity: 'moderate',
31 silly audit report       vulnerable_versions: '<1.19.13',
31 silly audit report       cwe: [Array],
31 silly audit report       cvss: [Object]
31 silly audit report     }
31 silly audit report   ]
31 silly audit report }
32 silly packumentCache corgi:https://registry.npmjs.org/@hono%2fnode-server cache-miss
33 http fetch GET 200 https://registry.npmjs.org/@prisma/client-runtime-utils/-/client-runtime-utils-7.7.0.tgz 304ms (cache miss)
34 http fetch GET 200 https://registry.npmjs.org/@hono%2fnode-server 128ms (cache miss)
35 silly packumentCache corgi:https://registry.npmjs.org/@hono%2fnode-server set size:undefined disposed:false
36 silly packumentCache corgi:https://registry.npmjs.org/@prisma%2fdev cache-miss
37 http fetch GET 200 https://registry.npmjs.org/@prisma%2fdev 156ms (cache miss)
38 silly packumentCache corgi:https://registry.npmjs.org/@prisma%2fdev set size:undefined disposed:false
39 silly packumentCache corgi:https://registry.npmjs.org/prisma cache-miss
40 http fetch GET 200 https://registry.npmjs.org/prisma 162ms (cache revalidated)
41 silly packumentCache corgi:https://registry.npmjs.org/prisma set size:22761067 disposed:false
42 http fetch GET 200 https://registry.npmjs.org/@prisma/client/-/client-7.7.0.tgz 7662ms (cache miss)
43 silly ADD node_modules/@prisma/client-runtime-utils
44 silly ADD node_modules/@prisma/client
45 verbose cwd C:\Users\ferna\refrigeracion-don-carlos-erp
46 verbose os Windows_NT 10.0.19045
47 verbose node v24.13.0
48 verbose npm  v11.6.2
49 verbose exit 0
50 info ok
