0 verbose cli C:\Program Files\nodejs\node.exe C:\Program Files\nodejs\node_modules\npm\bin\npm-cli.js
1 info using npm@11.6.2
2 info using node@v24.13.0
3 silly config load:file:C:\Program Files\nodejs\node_modules\npm\npmrc
4 silly config load:file:C:\Users\ferna\refrigeracion-don-carlos-erp\.npmrc
5 silly config load:file:C:\Users\ferna\.npmrc
6 silly config load:file:C:\Users\ferna\AppData\Roaming\npm\etc\npmrc
7 verbose title npm install prisma@latest
8 verbose argv "install" "prisma@latest" "--save-dev" "--legacy-peer-deps"
9 verbose logfile logs-max:10 dir:C:\Users\ferna\refrigeracion-don-carlos-erp\UsersfernaAppDataLocalnpm-cache\_logs\2026-04-09T18_14_06_385Z-
10 verbose logfile C:\Users\ferna\refrigeracion-don-carlos-erp\UsersfernaAppDataLocalnpm-cache\_logs\2026-04-09T18_14_06_385Z-debug-0.log
11 silly logfile done cleaning log files
12 silly packumentCache heap:4496293888 maxSize:1124073472 maxEntrySize:562036736
13 silly packumentCache corgi:https://registry.npmjs.org/prisma cache-miss
14 http fetch GET 200 https://registry.npmjs.org/prisma 1234ms (cache miss)
15 silly packumentCache corgi:https://registry.npmjs.org/prisma set size:undefined disposed:false
16 silly idealTree buildDeps
17 silly fetch manifest prisma@7.7.0
18 silly packumentCache full:https://registry.npmjs.org/prisma cache-miss
19 http fetch GET 200 https://registry.npmjs.org/prisma 1347ms (cache miss)
20 silly packumentCache full:https://registry.npmjs.org/prisma set size:undefined disposed:false
21 silly placeDep ROOT prisma@7.7.0 OK for:  want: 7.7.0
22 silly fetch manifest mysql2@3.15.3
23 silly packumentCache full:https://registry.npmjs.org/mysql2 cache-miss
24 silly fetch manifest postgres@3.4.7
25 silly packumentCache full:https://registry.npmjs.org/postgres cache-miss
26 silly fetch manifest @prisma/dev@0.24.3
27 silly packumentCache full:https://registry.npmjs.org/@prisma%2fdev cache-miss
28 http fetch GET 200 https://registry.npmjs.org/mysql2 158ms (cache miss)
29 silly packumentCache full:https://registry.npmjs.org/mysql2 set size:undefined disposed:false
30 silly fetch manifest @prisma/config@7.7.0
31 silly packumentCache full:https://registry.npmjs.org/@prisma%2fconfig cache-miss
32 http fetch GET 200 https://registry.npmjs.org/postgres 204ms (cache miss)
33 silly packumentCache full:https://registry.npmjs.org/postgres set size:undefined disposed:false
34 silly fetch manifest @prisma/engines@7.7.0
35 silly packumentCache full:https://registry.npmjs.org/@prisma%2fengines cache-miss
36 http fetch GET 200 https://registry.npmjs.org/@prisma%2fdev 258ms (cache miss)
37 silly packumentCache full:https://registry.npmjs.org/@prisma%2fdev set size:undefined disposed:false
38 silly fetch manifest @prisma/studio-core@0.27.3
39 silly packumentCache full:https://registry.npmjs.org/@prisma%2fstudio-core cache-miss
40 http fetch GET 200 https://registry.npmjs.org/@prisma%2fconfig 335ms (cache miss)
41 silly packumentCache full:https://registry.npmjs.org/@prisma%2fconfig set size:undefined disposed:false
42 http fetch GET 200 https://registry.npmjs.org/@prisma%2fstudio-core 357ms (cache miss)
43 silly packumentCache full:https://registry.npmjs.org/@prisma%2fstudio-core set size:undefined disposed:false
44 http fetch GET 200 https://registry.npmjs.org/@prisma%2fengines 1002ms (cache miss)
45 silly packumentCache full:https://registry.npmjs.org/@prisma%2fengines set size:undefined disposed:false
46 silly placeDep ROOT @prisma/config@7.7.0 OK for: prisma@7.7.0 want: 7.7.0
47 silly placeDep ROOT @prisma/dev@0.24.3 OK for: prisma@7.7.0 want: 0.24.3
48 silly placeDep ROOT @prisma/engines@7.7.0 OK for: prisma@7.7.0 want: 7.7.0
49 silly placeDep ROOT @prisma/studio-core@0.27.3 OK for: prisma@7.7.0 want: 0.27.3
50 silly placeDep ROOT mysql2@3.15.3 OK for: prisma@7.7.0 want: 3.15.3
51 silly placeDep ROOT postgres@3.4.7 OK for: prisma@7.7.0 want: 3.4.7
52 silly fetch manifest c12@3.1.0
53 silly packumentCache full:https://registry.npmjs.org/c12 cache-miss
54 silly fetch manifest deepmerge-ts@7.1.5
55 silly packumentCache full:https://registry.npmjs.org/deepmerge-ts cache-miss
56 silly fetch manifest effect@3.20.0
57 silly packumentCache full:https://registry.npmjs.org/effect cache-miss
58 http fetch GET 200 https://registry.npmjs.org/c12 83ms (cache miss)
59 silly packumentCache full:https://registry.npmjs.org/c12 set size:undefined disposed:false
60 silly fetch manifest empathic@2.0.0
61 silly packumentCache full:https://registry.npmjs.org/empathic cache-miss
62 http fetch GET 200 https://registry.npmjs.org/deepmerge-ts 100ms (cache miss)
63 silly packumentCache full:https://registry.npmjs.org/deepmerge-ts set size:undefined disposed:false
64 silly fetch manifest hono@^4.12.8
65 silly packumentCache full:https://registry.npmjs.org/hono cache-miss
66 http fetch GET 200 https://registry.npmjs.org/empathic 82ms (cache miss)
67 silly packumentCache full:https://registry.npmjs.org/empathic set size:undefined disposed:false
68 silly fetch manifest pathe@2.0.3
69 silly packumentCache full:https://registry.npmjs.org/pathe cache-miss
70 http fetch GET 200 https://registry.npmjs.org/hono 173ms (cache miss)
71 silly packumentCache full:https://registry.npmjs.org/hono set size:undefined disposed:false
72 silly fetch manifest remeda@2.33.4
73 silly packumentCache full:https://registry.npmjs.org/remeda cache-miss
74 http fetch GET 200 https://registry.npmjs.org/pathe 170ms (cache miss)
75 silly packumentCache full:https://registry.npmjs.org/pathe set size:undefined disposed:false
76 silly fetch manifest std-env@3.10.0
77 silly packumentCache full:https://registry.npmjs.org/std-env cache-miss
78 http fetch GET 200 https://registry.npmjs.org/remeda 114ms (cache miss)
79 silly packumentCache full:https://registry.npmjs.org/remeda set size:undefined disposed:false
80 silly fetch manifest valibot@1.2.0
81 silly packumentCache full:https://registry.npmjs.org/valibot cache-miss
82 http fetch GET 200 https://registry.npmjs.org/std-env 200ms (cache miss)
83 silly packumentCache full:https://registry.npmjs.org/std-env set size:undefined disposed:false
84 silly fetch manifest zeptomatch@2.1.0
85 silly packumentCache full:https://registry.npmjs.org/zeptomatch cache-miss
86 http fetch GET 200 https://registry.npmjs.org/valibot 114ms (cache miss)
87 silly packumentCache full:https://registry.npmjs.org/valibot set size:undefined disposed:false
88 silly fetch manifest get-port-please@3.2.0
89 silly packumentCache full:https://registry.npmjs.org/get-port-please cache-miss
90 http fetch GET 200 https://registry.npmjs.org/zeptomatch 63ms (cache miss)
91 silly packumentCache full:https://registry.npmjs.org/zeptomatch set size:undefined disposed:false
92 silly fetch manifest proper-lockfile@4.1.2
93 silly packumentCache full:https://registry.npmjs.org/proper-lockfile cache-miss
94 http fetch GET 200 https://registry.npmjs.org/get-port-please 62ms (cache miss)
95 silly packumentCache full:https://registry.npmjs.org/get-port-please set size:undefined disposed:false
96 silly fetch manifest foreground-child@3.3.1
97 silly packumentCache full:https://registry.npmjs.org/foreground-child cache-miss
98 http fetch GET 200 https://registry.npmjs.org/effect 632ms (cache miss)
99 silly packumentCache full:https://registry.npmjs.org/effect set size:undefined disposed:false
100 silly fetch manifest @hono/node-server@1.19.11
101 silly packumentCache full:https://registry.npmjs.org/@hono%2fnode-server cache-miss
102 http fetch GET 200 https://registry.npmjs.org/foreground-child 103ms (cache miss)
103 silly packumentCache full:https://registry.npmjs.org/foreground-child set size:undefined disposed:false
104 silly fetch manifest http-status-codes@2.3.0
105 silly packumentCache full:https://registry.npmjs.org/http-status-codes cache-miss
106 http fetch GET 200 https://registry.npmjs.org/http-status-codes 72ms (cache miss)
107 silly packumentCache full:https://registry.npmjs.org/http-status-codes set size:undefined disposed:false
108 silly fetch manifest @electric-sql/pglite@0.4.1
109 silly packumentCache full:https://registry.npmjs.org/@electric-sql%2fpglite cache-miss
110 http fetch GET 200 https://registry.npmjs.org/@hono%2fnode-server 124ms (cache miss)
111 silly packumentCache full:https://registry.npmjs.org/@hono%2fnode-server set size:undefined disposed:false
112 silly fetch manifest @prisma/get-platform@7.2.0
113 silly packumentCache full:https://registry.npmjs.org/@prisma%2fget-platform cache-miss
114 http fetch GET 200 https://registry.npmjs.org/@electric-sql%2fpglite 81ms (cache miss)
115 silly packumentCache full:https://registry.npmjs.org/@electric-sql%2fpglite set size:undefined disposed:false
116 silly fetch manifest @prisma/streams-local@0.1.2
117 silly packumentCache full:https://registry.npmjs.org/@prisma%2fstreams-local cache-miss
118 http fetch GET 200 https://registry.npmjs.org/proper-lockfile 676ms (cache miss)
119 silly packumentCache full:https://registry.npmjs.org/proper-lockfile set size:undefined disposed:false
120 silly fetch manifest @electric-sql/pglite-tools@0.3.1
121 silly packumentCache full:https://registry.npmjs.org/@electric-sql%2fpglite-tools cache-miss
122 http fetch GET 200 https://registry.npmjs.org/@prisma%2fstreams-local 472ms (cache miss)
123 silly packumentCache full:https://registry.npmjs.org/@prisma%2fstreams-local set size:undefined disposed:false
124 silly fetch manifest @electric-sql/pglite-socket@0.1.1
125 silly packumentCache full:https://registry.npmjs.org/@electric-sql%2fpglite-socket cache-miss
126 http fetch GET 200 https://registry.npmjs.org/@electric-sql%2fpglite-socket 335ms (cache miss)
127 silly packumentCache full:https://registry.npmjs.org/@electric-sql%2fpglite-socket set size:undefined disposed:false
128 silly fetch manifest @prisma/query-plan-executor@7.2.0
129 silly packumentCache full:https://registry.npmjs.org/@prisma%2fquery-plan-executor cache-miss
130 http fetch GET 200 https://registry.npmjs.org/@prisma%2fget-platform 879ms (cache miss)
131 silly packumentCache full:https://registry.npmjs.org/@prisma%2fget-platform set size:undefined disposed:false
132 silly fetch manifest @prisma/engines-version@7.6.0-1.75cbdc1eb7150937890ad5465d861175c6624711
133 silly packumentCache full:https://registry.npmjs.org/@prisma%2fengines-version cache-miss
134 http fetch GET 200 https://registry.npmjs.org/@prisma%2fquery-plan-executor 272ms (cache miss)
135 silly packumentCache full:https://registry.npmjs.org/@prisma%2fquery-plan-executor set size:undefined disposed:false
136 silly fetch manifest @prisma/debug@7.7.0
137 silly packumentCache full:https://registry.npmjs.org/@prisma%2fdebug cache-miss
138 http fetch GET 200 https://registry.npmjs.org/@electric-sql%2fpglite-tools 833ms (cache miss)
139 silly packumentCache full:https://registry.npmjs.org/@electric-sql%2fpglite-tools set size:undefined disposed:false
140 silly fetch manifest @prisma/fetch-engine@7.7.0
141 silly packumentCache full:https://registry.npmjs.org/@prisma%2ffetch-engine cache-miss
142 http fetch GET 200 https://registry.npmjs.org/@prisma%2fengines-version 1070ms (cache miss)
143 silly packumentCache full:https://registry.npmjs.org/@prisma%2fengines-version set size:undefined disposed:false
144 silly fetch manifest @prisma/get-platform@7.7.0
145 silly packumentCache full:https://registry.npmjs.org/@prisma%2fget-platform cache-miss
146 http cache https://registry.npmjs.org/@prisma%2fget-platform 159ms (cache hit)
147 silly packumentCache full:https://registry.npmjs.org/@prisma%2fget-platform set size:28343525 disposed:false
148 silly fetch manifest @radix-ui/react-toggle@1.1.10
149 silly packumentCache full:https://registry.npmjs.org/@radix-ui%2freact-toggle cache-miss
150 http fetch GET 200 https://registry.npmjs.org/@prisma%2fdebug 1736ms (cache miss)
151 silly packumentCache full:https://registry.npmjs.org/@prisma%2fdebug set size:undefined disposed:false
152 silly fetch manifest chart.js@4.5.1
153 silly packumentCache full:https://registry.npmjs.org/chart.js cache-miss
154 http fetch GET 200 https://registry.npmjs.org/@radix-ui%2freact-toggle 610ms (cache miss)
155 silly packumentCache full:https://registry.npmjs.org/@radix-ui%2freact-toggle set size:undefined disposed:false
156 silly fetch manifest long@^5.2.1
157 silly packumentCache full:https://registry.npmjs.org/long cache-miss
158 http fetch GET 200 https://registry.npmjs.org/chart.js 639ms (cache miss)
159 silly packumentCache full:https://registry.npmjs.org/chart.js set size:undefined disposed:false
160 silly fetch manifest denque@^2.1.0
161 silly packumentCache full:https://registry.npmjs.org/denque cache-miss
162 http fetch GET 200 https://registry.npmjs.org/@prisma%2ffetch-engine 2432ms (cache miss)
163 silly packumentCache full:https://registry.npmjs.org/@prisma%2ffetch-engine set size:undefined disposed:false
164 silly fetch manifest lru.min@^1.0.0
165 silly packumentCache full:https://registry.npmjs.org/lru.min cache-miss
166 http fetch GET 200 https://registry.npmjs.org/long 848ms (cache miss)
167 silly packumentCache full:https://registry.npmjs.org/long set size:undefined disposed:false
168 silly fetch manifest seq-queue@^0.0.5
169 silly packumentCache full:https://registry.npmjs.org/seq-queue cache-miss
170 http fetch GET 200 https://registry.npmjs.org/denque 248ms (cache miss)
171 silly packumentCache full:https://registry.npmjs.org/denque set size:undefined disposed:false
172 silly fetch manifest sqlstring@^2.3.2
173 silly packumentCache full:https://registry.npmjs.org/sqlstring cache-miss
174 http fetch GET 200 https://registry.npmjs.org/lru.min 85ms (cache miss)
175 silly packumentCache full:https://registry.npmjs.org/lru.min set size:undefined disposed:false
176 silly fetch manifest iconv-lite@^0.7.0
177 silly packumentCache full:https://registry.npmjs.org/iconv-lite cache-miss
178 http fetch GET 200 https://registry.npmjs.org/seq-queue 476ms (cache miss)
179 silly packumentCache full:https://registry.npmjs.org/seq-queue set size:undefined disposed:false
180 silly fetch manifest aws-ssl-profiles@^1.1.1
181 silly packumentCache full:https://registry.npmjs.org/aws-ssl-profiles cache-miss
182 http fetch GET 200 https://registry.npmjs.org/sqlstring 476ms (cache miss)
183 silly packumentCache full:https://registry.npmjs.org/sqlstring set size:undefined disposed:false
184 silly fetch manifest generate-function@^2.3.1
185 silly packumentCache full:https://registry.npmjs.org/generate-function cache-miss
186 http fetch GET 200 https://registry.npmjs.org/iconv-lite 430ms (cache miss)
187 silly packumentCache full:https://registry.npmjs.org/iconv-lite set size:undefined disposed:false
188 silly fetch manifest named-placeholders@^1.1.3
189 silly packumentCache full:https://registry.npmjs.org/named-placeholders cache-miss
190 http fetch GET 200 https://registry.npmjs.org/generate-function 64ms (cache miss)
191 silly packumentCache full:https://registry.npmjs.org/generate-function set size:undefined disposed:false
192 http fetch GET 200 https://registry.npmjs.org/named-placeholders 61ms (cache miss)
193 silly packumentCache full:https://registry.npmjs.org/named-placeholders set size:undefined disposed:false
194 http fetch GET 200 https://registry.npmjs.org/aws-ssl-profiles 77ms (cache miss)
195 silly packumentCache full:https://registry.npmjs.org/aws-ssl-profiles set size:undefined disposed:false
196 silly placeDep ROOT c12@3.1.0 OK for: @prisma/config@7.7.0 want: 3.1.0
197 silly placeDep ROOT deepmerge-ts@7.1.5 OK for: @prisma/config@7.7.0 want: 7.1.5
198 silly placeDep ROOT effect@3.20.0 OK for: @prisma/config@7.7.0 want: 3.20.0
199 silly placeDep ROOT empathic@2.0.0 OK for: @prisma/config@7.7.0 want: 2.0.0
200 silly fetch manifest rc9@^2.1.2
201 silly packumentCache full:https://registry.npmjs.org/rc9 cache-miss
202 silly fetch manifest defu@^6.1.4
203 silly packumentCache full:https://registry.npmjs.org/defu cache-miss
204 silly fetch manifest jiti@^2.4.2
205 silly packumentCache full:https://registry.npmjs.org/jiti cache-miss
206 http fetch GET 200 https://registry.npmjs.org/rc9 67ms (cache miss)
207 silly packumentCache full:https://registry.npmjs.org/rc9 set size:undefined disposed:false
208 silly fetch manifest giget@^2.0.0
209 silly packumentCache full:https://registry.npmjs.org/giget cache-miss
210 http fetch GET 200 https://registry.npmjs.org/defu 74ms (cache miss)
211 silly packumentCache full:https://registry.npmjs.org/defu set size:undefined disposed:false
212 silly fetch manifest ohash@^2.0.11
213 silly packumentCache full:https://registry.npmjs.org/ohash cache-miss
214 http fetch GET 200 https://registry.npmjs.org/jiti 93ms (cache miss)
215 silly packumentCache full:https://registry.npmjs.org/jiti set size:undefined disposed:false
216 silly fetch manifest pathe@^2.0.3
217 silly packumentCache full:https://registry.npmjs.org/pathe cache-miss
218 http cache https://registry.npmjs.org/pathe 10ms (cache hit)
219 silly packumentCache full:https://registry.npmjs.org/pathe set size:68788 disposed:false
220 silly fetch manifest dotenv@^16.6.1
221 silly packumentCache full:https://registry.npmjs.org/dotenv cache-miss
222 http fetch GET 200 https://registry.npmjs.org/giget 77ms (cache miss)
223 silly packumentCache full:https://registry.npmjs.org/giget set size:undefined disposed:false
224 silly fetch manifest confbox@^0.2.2
225 silly packumentCache full:https://registry.npmjs.org/confbox cache-miss
226 http fetch GET 200 https://registry.npmjs.org/ohash 76ms (cache miss)
227 silly packumentCache full:https://registry.npmjs.org/ohash set size:undefined disposed:false
228 silly fetch manifest exsolve@^1.0.7
229 silly packumentCache full:https://registry.npmjs.org/exsolve cache-miss
230 http fetch GET 200 https://registry.npmjs.org/dotenv 76ms (cache miss)
231 silly packumentCache full:https://registry.npmjs.org/dotenv set size:undefined disposed:false
232 silly fetch manifest chokidar@^4.0.3
233 silly packumentCache full:https://registry.npmjs.org/chokidar cache-miss
234 http fetch GET 200 https://registry.npmjs.org/exsolve 58ms (cache miss)
235 silly packumentCache full:https://registry.npmjs.org/exsolve set size:undefined disposed:false
236 silly fetch manifest pkg-types@^2.2.0
237 silly packumentCache full:https://registry.npmjs.org/pkg-types cache-miss
238 http fetch GET 200 https://registry.npmjs.org/confbox 73ms (cache miss)
239 silly packumentCache full:https://registry.npmjs.org/confbox set size:undefined disposed:false
240 silly fetch manifest perfect-debounce@^1.0.0
241 silly packumentCache full:https://registry.npmjs.org/perfect-debounce cache-miss
242 http fetch GET 200 https://registry.npmjs.org/chokidar 101ms (cache miss)
243 silly packumentCache full:https://registry.npmjs.org/chokidar set size:undefined disposed:false
244 silly fetch manifest fast-check@^3.23.1
245 silly packumentCache full:https://registry.npmjs.org/fast-check cache-miss
246 http fetch GET 200 https://registry.npmjs.org/perfect-debounce 75ms (cache miss)
247 silly packumentCache full:https://registry.npmjs.org/perfect-debounce set size:undefined disposed:false
248 silly fetch manifest @standard-schema/spec@^1.0.0
249 silly packumentCache full:https://registry.npmjs.org/@standard-schema%2fspec cache-miss
250 http fetch GET 200 https://registry.npmjs.org/pkg-types 89ms (cache miss)
251 silly packumentCache full:https://registry.npmjs.org/pkg-types set size:undefined disposed:false
252 http fetch GET 200 https://registry.npmjs.org/fast-check 108ms (cache miss)
253 silly packumentCache full:https://registry.npmjs.org/fast-check set size:undefined disposed:false
254 http fetch GET 200 https://registry.npmjs.org/@standard-schema%2fspec 115ms (cache miss)
255 silly packumentCache full:https://registry.npmjs.org/@standard-schema%2fspec set size:undefined disposed:false
256 silly placeDep ROOT @electric-sql/pglite@0.4.1 OK for: @prisma/dev@0.24.3 want: 0.4.1
257 silly placeDep ROOT @electric-sql/pglite-socket@0.1.1 OK for: @prisma/dev@0.24.3 want: 0.1.1
258 silly placeDep ROOT @electric-sql/pglite-tools@0.3.1 OK for: @prisma/dev@0.24.3 want: 0.3.1
259 silly placeDep ROOT @hono/node-server@1.19.11 OK for: @prisma/dev@0.24.3 want: 1.19.11
260 silly placeDep ROOT @prisma/get-platform@7.2.0 OK for: @prisma/dev@0.24.3 want: 7.2.0
261 silly placeDep ROOT @prisma/query-plan-executor@7.2.0 OK for: @prisma/dev@0.24.3 want: 7.2.0
262 silly placeDep ROOT @prisma/streams-local@0.1.2 OK for: @prisma/dev@0.24.3 want: 0.1.2
263 silly placeDep ROOT foreground-child@3.3.1 OK for: @prisma/dev@0.24.3 want: 3.3.1
264 silly placeDep ROOT get-port-please@3.2.0 OK for: @prisma/dev@0.24.3 want: 3.2.0
265 silly placeDep ROOT hono@4.12.12 OK for: @prisma/dev@0.24.3 want: ^4.12.8
266 silly placeDep ROOT http-status-codes@2.3.0 OK for: @prisma/dev@0.24.3 want: 2.3.0
267 silly placeDep ROOT pathe@2.0.3 OK for: @prisma/dev@0.24.3 want: 2.0.3
268 silly placeDep ROOT proper-lockfile@4.1.2 OK for: @prisma/dev@0.24.3 want: 4.1.2
269 silly placeDep ROOT remeda@2.33.4 OK for: @prisma/dev@0.24.3 want: 2.33.4
270 silly placeDep ROOT std-env@3.10.0 OK for: @prisma/dev@0.24.3 want: 3.10.0
271 silly placeDep ROOT valibot@1.2.0 OK for: @prisma/dev@0.24.3 want: 1.2.0
272 silly placeDep ROOT zeptomatch@2.1.0 OK for: @prisma/dev@0.24.3 want: 2.1.0
273 silly fetch manifest @prisma/debug@7.2.0
274 silly packumentCache full:https://registry.npmjs.org/@prisma%2fdebug cache-miss
275 silly fetch manifest ajv@^8.12.0
276 silly packumentCache full:https://registry.npmjs.org/ajv cache-miss
277 silly fetch manifest env-paths@^3.0.0
278 silly packumentCache full:https://registry.npmjs.org/env-paths cache-miss
279 http cache https://registry.npmjs.org/@prisma%2fdebug 68ms (cache hit)
280 silly packumentCache full:https://registry.npmjs.org/@prisma%2fdebug set size:28661807 disposed:false
281 silly fetch manifest better-result@^2.7.0
282 silly packumentCache full:https://registry.npmjs.org/better-result cache-miss
283 http fetch GET 200 https://registry.npmjs.org/env-paths 289ms (cache miss)
284 silly packumentCache full:https://registry.npmjs.org/env-paths set size:undefined disposed:false
285 silly fetch manifest proper-lockfile@^4.1.2
286 silly packumentCache full:https://registry.npmjs.org/proper-lockfile cache-miss
287 http cache https://registry.npmjs.org/proper-lockfile 9ms (cache hit)
288 silly packumentCache full:https://registry.npmjs.org/proper-lockfile set size:82421 disposed:false
289 silly fetch manifest cross-spawn@^7.0.6
290 silly packumentCache full:https://registry.npmjs.org/cross-spawn cache-miss
291 http fetch GET 200 https://registry.npmjs.org/ajv 305ms (cache miss)
292 silly packumentCache full:https://registry.npmjs.org/ajv set size:undefined disposed:false
293 silly fetch manifest signal-exit@^4.0.1
294 silly packumentCache full:https://registry.npmjs.org/signal-exit cache-miss
295 http fetch GET 200 https://registry.npmjs.org/better-result 85ms (cache miss)
296 silly packumentCache full:https://registry.npmjs.org/better-result set size:undefined disposed:false
297 silly fetch manifest graceful-fs@^4.2.4
298 silly packumentCache full:https://registry.npmjs.org/graceful-fs cache-miss
299 http fetch GET 200 https://registry.npmjs.org/cross-spawn 63ms (cache miss)
300 silly packumentCache full:https://registry.npmjs.org/cross-spawn set size:undefined disposed:false
301 silly fetch manifest retry@^0.12.0
302 silly packumentCache full:https://registry.npmjs.org/retry cache-miss
303 http fetch GET 200 https://registry.npmjs.org/signal-exit 65ms (cache miss)
304 silly packumentCache full:https://registry.npmjs.org/signal-exit set size:undefined disposed:false
305 silly fetch manifest signal-exit@^3.0.2
306 silly packumentCache full:https://registry.npmjs.org/signal-exit cache-miss
307 http cache https://registry.npmjs.org/signal-exit 7ms (cache hit)
308 silly packumentCache full:https://registry.npmjs.org/signal-exit set size:53489 disposed:false
309 silly fetch manifest grammex@^3.1.11
310 silly packumentCache full:https://registry.npmjs.org/grammex cache-miss
311 http fetch GET 200 https://registry.npmjs.org/graceful-fs 75ms (cache miss)
312 silly packumentCache full:https://registry.npmjs.org/graceful-fs set size:undefined disposed:false
313 silly fetch manifest graphmatch@^1.1.0
314 silly packumentCache full:https://registry.npmjs.org/graphmatch cache-miss
315 http fetch GET 200 https://registry.npmjs.org/retry 66ms (cache miss)
316 silly packumentCache full:https://registry.npmjs.org/retry set size:undefined disposed:false
317 http fetch GET 200 https://registry.npmjs.org/grammex 68ms (cache miss)
318 silly packumentCache full:https://registry.npmjs.org/grammex set size:undefined disposed:false
319 http fetch GET 200 https://registry.npmjs.org/graphmatch 66ms (cache miss)
320 silly packumentCache full:https://registry.npmjs.org/graphmatch set size:undefined disposed:false
321 silly placeDep ROOT @prisma/debug@7.7.0 OK for: @prisma/engines@7.7.0 want: 7.7.0
322 silly placeDep ROOT @prisma/engines-version@7.6.0-1.75cbdc1eb7150937890ad5465d861175c6624711 OK for: @prisma/engines@7.7.0 want: 7.6.0-1.75cbdc1eb7150937890ad5465d861175c6624711
323 silly placeDep ROOT @prisma/fetch-engine@7.7.0 OK for: @prisma/engines@7.7.0 want: 7.7.0
324 silly placeDep node_modules/@prisma/engines @prisma/get-platform@7.7.0 OK for: @prisma/engines@7.7.0 want: 7.7.0
325 silly placeDep node_modules/@prisma/fetch-engine @prisma/get-platform@7.7.0 OK for: @prisma/fetch-engine@7.7.0 want: 7.7.0
326 silly placeDep node_modules/@prisma/get-platform @prisma/debug@7.2.0 OK for: @prisma/get-platform@7.2.0 want: 7.2.0
327 silly placeDep ROOT ajv@8.18.0 OK for: @prisma/streams-local@0.1.2 want: ^8.12.0
328 silly placeDep ROOT better-result@2.8.2 OK for: @prisma/streams-local@0.1.2 want: ^2.7.0
329 silly placeDep ROOT env-paths@3.0.0 OK for: @prisma/streams-local@0.1.2 want: ^3.0.0
330 silly fetch manifest fast-uri@^3.0.1
331 silly packumentCache full:https://registry.npmjs.org/fast-uri cache-miss
332 silly fetch manifest fast-deep-equal@^3.1.3
333 silly packumentCache full:https://registry.npmjs.org/fast-deep-equal cache-miss
334 silly fetch manifest require-from-string@^2.0.2
335 silly packumentCache full:https://registry.npmjs.org/require-from-string cache-miss
336 http fetch GET 200 https://registry.npmjs.org/fast-uri 63ms (cache miss)
337 silly packumentCache full:https://registry.npmjs.org/fast-uri set size:undefined disposed:false
338 silly fetch manifest json-schema-traverse@^1.0.0
339 silly packumentCache full:https://registry.npmjs.org/json-schema-traverse cache-miss
340 http fetch GET 200 https://registry.npmjs.org/require-from-string 85ms (cache miss)
341 silly packumentCache full:https://registry.npmjs.org/require-from-string set size:undefined disposed:false
342 http fetch GET 200 https://registry.npmjs.org/fast-deep-equal 88ms (cache miss)
343 silly packumentCache full:https://registry.npmjs.org/fast-deep-equal set size:undefined disposed:false
344 http fetch GET 200 https://registry.npmjs.org/json-schema-traverse 74ms (cache miss)
345 silly packumentCache full:https://registry.npmjs.org/json-schema-traverse set size:undefined disposed:false
346 silly placeDep ROOT @radix-ui/react-toggle@1.1.10 OK for: @prisma/studio-core@0.27.3 want: 1.1.10
347 silly placeDep ROOT chart.js@4.5.1 OK for: @prisma/studio-core@0.27.3 want: 4.5.1
348 silly fetch manifest @radix-ui/primitive@1.1.3
349 silly packumentCache full:https://registry.npmjs.org/@radix-ui%2fprimitive cache-miss
350 silly fetch manifest @radix-ui/react-primitive@2.1.3
351 silly packumentCache full:https://registry.npmjs.org/@radix-ui%2freact-primitive cache-miss
352 silly fetch manifest @radix-ui/react-use-controllable-state@1.2.2
353 silly packumentCache full:https://registry.npmjs.org/@radix-ui%2freact-use-controllable-state cache-miss
354 http fetch GET 200 https://registry.npmjs.org/@radix-ui%2freact-primitive 302ms (cache miss)
355 silly packumentCache full:https://registry.npmjs.org/@radix-ui%2freact-primitive set size:undefined disposed:false
356 silly fetch manifest @kurkle/color@^0.3.0
357 silly packumentCache full:https://registry.npmjs.org/@kurkle%2fcolor cache-miss
358 http fetch GET 200 https://registry.npmjs.org/@radix-ui%2freact-use-controllable-state 314ms (cache miss)
359 silly packumentCache full:https://registry.npmjs.org/@radix-ui%2freact-use-controllable-state set size:undefined disposed:false
360 http fetch GET 200 https://registry.npmjs.org/@kurkle%2fcolor 467ms (cache miss)
361 silly packumentCache full:https://registry.npmjs.org/@kurkle%2fcolor set size:undefined disposed:false
362 http fetch GET 200 https://registry.npmjs.org/@radix-ui%2fprimitive 854ms (cache miss)
363 silly packumentCache full:https://registry.npmjs.org/@radix-ui%2fprimitive set size:undefined disposed:false
364 silly placeDep ROOT @radix-ui/primitive@1.1.3 OK for: @radix-ui/react-toggle@1.1.10 want: 1.1.3
365 silly placeDep ROOT @radix-ui/react-primitive@2.1.3 OK for: @radix-ui/react-toggle@1.1.10 want: 2.1.3
366 silly placeDep ROOT @radix-ui/react-use-controllable-state@1.2.2 OK for: @radix-ui/react-toggle@1.1.10 want: 1.2.2
367 silly fetch manifest @radix-ui/react-slot@1.2.3
368 silly packumentCache full:https://registry.npmjs.org/@radix-ui%2freact-slot cache-miss
369 silly fetch manifest @radix-ui/react-use-effect-event@0.0.2
370 silly packumentCache full:https://registry.npmjs.org/@radix-ui%2freact-use-effect-event cache-miss
371 silly fetch manifest @radix-ui/react-use-layout-effect@1.1.1
372 silly packumentCache full:https://registry.npmjs.org/@radix-ui%2freact-use-layout-effect cache-miss
373 http fetch GET 200 https://registry.npmjs.org/@radix-ui%2freact-slot 114ms (cache miss)
374 silly packumentCache full:https://registry.npmjs.org/@radix-ui%2freact-slot set size:undefined disposed:false
375 http fetch GET 200 https://registry.npmjs.org/@radix-ui%2freact-use-effect-event 317ms (cache miss)
376 silly packumentCache full:https://registry.npmjs.org/@radix-ui%2freact-use-effect-event set size:undefined disposed:false
377 http fetch GET 200 https://registry.npmjs.org/@radix-ui%2freact-use-layout-effect 330ms (cache miss)
378 silly packumentCache full:https://registry.npmjs.org/@radix-ui%2freact-use-layout-effect set size:undefined disposed:false
379 silly placeDep ROOT @radix-ui/react-slot@1.2.3 OK for: @radix-ui/react-primitive@2.1.3 want: 1.2.3
380 silly fetch manifest @radix-ui/react-compose-refs@1.1.2
381 silly packumentCache full:https://registry.npmjs.org/@radix-ui%2freact-compose-refs cache-miss
382 http fetch GET 200 https://registry.npmjs.org/@radix-ui%2freact-compose-refs 272ms (cache miss)
383 silly packumentCache full:https://registry.npmjs.org/@radix-ui%2freact-compose-refs set size:undefined disposed:false
384 silly placeDep ROOT @radix-ui/react-compose-refs@1.1.2 OK for: @radix-ui/react-slot@1.2.3 want: 1.1.2
385 silly placeDep ROOT @radix-ui/react-use-effect-event@0.0.2 OK for: @radix-ui/react-use-controllable-state@1.2.2 want: 0.0.2
386 silly placeDep ROOT @radix-ui/react-use-layout-effect@1.1.1 OK for: @radix-ui/react-use-controllable-state@1.2.2 want: 1.1.1
387 silly placeDep ROOT fast-deep-equal@3.1.3 OK for: ajv@8.18.0 want: ^3.1.3
388 silly placeDep ROOT fast-uri@3.1.0 OK for: ajv@8.18.0 want: ^3.0.1
389 silly placeDep ROOT json-schema-traverse@1.0.0 OK for: ajv@8.18.0 want: ^1.0.0
390 silly placeDep ROOT require-from-string@2.0.2 OK for: ajv@8.18.0 want: ^2.0.2
391 silly placeDep ROOT chokidar@4.0.3 OK for: c12@3.1.0 want: ^4.0.3
392 silly placeDep ROOT confbox@0.2.4 OK for: c12@3.1.0 want: ^0.2.2
393 silly placeDep ROOT defu@6.1.7 OK for: c12@3.1.0 want: ^6.1.4
394 silly placeDep ROOT dotenv@16.6.1 OK for: c12@3.1.0 want: ^16.6.1
395 silly placeDep ROOT exsolve@1.0.8 OK for: c12@3.1.0 want: ^1.0.7
396 silly placeDep ROOT giget@2.0.0 OK for: c12@3.1.0 want: ^2.0.0
397 silly placeDep ROOT jiti@2.6.1 OK for: c12@3.1.0 want: ^2.4.2
398 silly placeDep ROOT ohash@2.0.11 OK for: c12@3.1.0 want: ^2.0.11
399 silly placeDep ROOT perfect-debounce@1.0.0 OK for: c12@3.1.0 want: ^1.0.0
400 silly placeDep ROOT pkg-types@2.3.0 OK for: c12@3.1.0 want: ^2.2.0
401 silly placeDep ROOT rc9@2.1.2 OK for: c12@3.1.0 want: ^2.1.2
402 silly fetch manifest readdirp@^4.0.1
403 silly packumentCache full:https://registry.npmjs.org/readdirp cache-miss
404 silly fetch manifest nypm@^0.6.0
405 silly packumentCache full:https://registry.npmjs.org/nypm cache-miss
406 silly fetch manifest citty@^0.1.6
407 silly packumentCache full:https://registry.npmjs.org/citty cache-miss
408 http fetch GET 200 https://registry.npmjs.org/citty 71ms (cache miss)
409 silly packumentCache full:https://registry.npmjs.org/citty set size:undefined disposed:false
410 silly fetch manifest consola@^3.4.0
411 silly packumentCache full:https://registry.npmjs.org/consola cache-miss
412 http fetch GET 200 https://registry.npmjs.org/nypm 80ms (cache miss)
413 silly packumentCache full:https://registry.npmjs.org/nypm set size:undefined disposed:false
414 silly fetch manifest node-fetch-native@^1.6.6
415 silly packumentCache full:https://registry.npmjs.org/node-fetch-native cache-miss
416 http fetch GET 200 https://registry.npmjs.org/readdirp 94ms (cache miss)
417 silly packumentCache full:https://registry.npmjs.org/readdirp set size:undefined disposed:false
418 silly fetch manifest destr@^2.0.3
419 silly packumentCache full:https://registry.npmjs.org/destr cache-miss
420 http fetch GET 200 https://registry.npmjs.org/destr 66ms (cache miss)
421 silly packumentCache full:https://registry.npmjs.org/destr set size:undefined disposed:false
422 http fetch GET 200 https://registry.npmjs.org/node-fetch-native 445ms (cache miss)
423 silly packumentCache full:https://registry.npmjs.org/node-fetch-native set size:undefined disposed:false
424 http fetch GET 200 https://registry.npmjs.org/consola 460ms (cache miss)
425 silly packumentCache full:https://registry.npmjs.org/consola set size:undefined disposed:false
426 silly placeDep ROOT @kurkle/color@0.3.4 OK for: chart.js@4.5.1 want: ^0.3.0
427 silly placeDep ROOT readdirp@4.1.2 OK for: chokidar@4.0.3 want: ^4.0.1
428 silly placeDep ROOT @standard-schema/spec@1.1.0 OK for: effect@3.20.0 want: ^1.0.0
429 silly placeDep ROOT fast-check@3.23.2 OK for: effect@3.20.0 want: ^3.23.1
430 silly fetch manifest pure-rand@^6.1.0
431 silly packumentCache full:https://registry.npmjs.org/pure-rand cache-miss
432 http fetch GET 200 https://registry.npmjs.org/pure-rand 124ms (cache miss)
433 silly packumentCache full:https://registry.npmjs.org/pure-rand set size:undefined disposed:false
434 silly placeDep ROOT pure-rand@6.1.0 OK for: fast-check@3.23.2 want: ^6.1.0
435 silly placeDep ROOT cross-spawn@7.0.6 OK for: foreground-child@3.3.1 want: ^7.0.6
436 silly placeDep ROOT signal-exit@4.1.0 OK for: foreground-child@3.3.1 want: ^4.0.1
437 silly fetch manifest which@^2.0.1
438 silly packumentCache full:https://registry.npmjs.org/which cache-miss
439 silly fetch manifest path-key@^3.1.0
440 silly packumentCache full:https://registry.npmjs.org/path-key cache-miss
441 silly fetch manifest shebang-command@^2.0.0
442 silly packumentCache full:https://registry.npmjs.org/shebang-command cache-miss
443 http fetch GET 200 https://registry.npmjs.org/path-key 211ms (cache miss)
444 silly packumentCache full:https://registry.npmjs.org/path-key set size:undefined disposed:false
445 http fetch GET 200 https://registry.npmjs.org/shebang-command 428ms (cache miss)
446 silly packumentCache full:https://registry.npmjs.org/shebang-command set size:undefined disposed:false
447 http fetch GET 200 https://registry.npmjs.org/which 771ms (cache miss)
448 silly packumentCache full:https://registry.npmjs.org/which set size:undefined disposed:false
449 silly placeDep ROOT path-key@3.1.1 OK for: cross-spawn@7.0.6 want: ^3.1.0
450 silly placeDep ROOT shebang-command@2.0.0 OK for: cross-spawn@7.0.6 want: ^2.0.0
451 silly placeDep ROOT which@2.0.2 OK for: cross-spawn@7.0.6 want: ^2.0.1
452 silly fetch manifest shebang-regex@^3.0.0
453 silly packumentCache full:https://registry.npmjs.org/shebang-regex cache-miss
454 silly fetch manifest isexe@^2.0.0
455 silly packumentCache full:https://registry.npmjs.org/isexe cache-miss
456 http fetch GET 200 https://registry.npmjs.org/isexe 133ms (cache miss)
457 silly packumentCache full:https://registry.npmjs.org/isexe set size:undefined disposed:false
458 http fetch GET 200 https://registry.npmjs.org/shebang-regex 140ms (cache miss)
459 silly packumentCache full:https://registry.npmjs.org/shebang-regex set size:undefined disposed:false
460 silly placeDep ROOT citty@0.1.6 OK for: giget@2.0.0 want: ^0.1.6
461 silly placeDep ROOT consola@3.4.2 OK for: giget@2.0.0 want: ^3.4.0
462 silly placeDep ROOT node-fetch-native@1.6.7 OK for: giget@2.0.0 want: ^1.6.6
463 silly placeDep ROOT nypm@0.6.5 OK for: giget@2.0.0 want: ^0.6.0
464 silly fetch manifest consola@^3.2.3
465 silly packumentCache full:https://registry.npmjs.org/consola cache-miss
466 silly fetch manifest citty@^0.2.0
467 silly packumentCache full:https://registry.npmjs.org/citty cache-miss
468 silly fetch manifest tinyexec@^1.0.2
469 silly packumentCache full:https://registry.npmjs.org/tinyexec cache-miss
470 http cache https://registry.npmjs.org/citty 11ms (cache hit)
471 silly packumentCache full:https://registry.npmjs.org/citty set size:38582 disposed:false
472 http cache https://registry.npmjs.org/consola 13ms (cache hit)
473 silly packumentCache full:https://registry.npmjs.org/consola set size:324648 disposed:false
474 http fetch GET 200 https://registry.npmjs.org/tinyexec 89ms (cache miss)
475 silly packumentCache full:https://registry.npmjs.org/tinyexec set size:undefined disposed:false
476 silly placeDep ROOT aws-ssl-profiles@1.1.2 OK for: mysql2@3.15.3 want: ^1.1.1
477 silly placeDep ROOT denque@2.1.0 OK for: mysql2@3.15.3 want: ^2.1.0
478 silly placeDep ROOT generate-function@2.3.1 OK for: mysql2@3.15.3 want: ^2.3.1
479 silly placeDep ROOT iconv-lite@0.7.2 OK for: mysql2@3.15.3 want: ^0.7.0
480 silly placeDep ROOT long@5.3.2 OK for: mysql2@3.15.3 want: ^5.2.1
481 silly placeDep ROOT lru.min@1.1.4 OK for: mysql2@3.15.3 want: ^1.0.0
482 silly placeDep ROOT named-placeholders@1.1.6 OK for: mysql2@3.15.3 want: ^1.1.3
483 silly placeDep ROOT seq-queue@0.0.5 OK for: mysql2@3.15.3 want: ^0.0.5
484 silly placeDep ROOT sqlstring@2.3.3 OK for: mysql2@3.15.3 want: ^2.3.2
485 silly fetch manifest is-property@^1.0.2
486 silly packumentCache full:https://registry.npmjs.org/is-property cache-miss
487 silly fetch manifest safer-buffer@>= 2.1.2 < 3.0.0
488 silly packumentCache full:https://registry.npmjs.org/safer-buffer cache-miss
489 http fetch GET 200 https://registry.npmjs.org/safer-buffer 73ms (cache miss)
490 silly packumentCache full:https://registry.npmjs.org/safer-buffer set size:undefined disposed:false
491 http fetch GET 200 https://registry.npmjs.org/is-property 76ms (cache miss)
492 silly packumentCache full:https://registry.npmjs.org/is-property set size:undefined disposed:false
493 silly placeDep ROOT is-property@1.0.2 OK for: generate-function@2.3.1 want: ^1.0.2
494 silly placeDep ROOT safer-buffer@2.1.2 OK for: iconv-lite@0.7.2 want: >= 2.1.2 < 3.0.0
495 silly placeDep node_modules/nypm citty@0.2.2 OK for: nypm@0.6.5 want: ^0.2.0
496 silly placeDep ROOT tinyexec@1.1.1 OK for: nypm@0.6.5 want: ^1.0.2
497 silly placeDep ROOT graceful-fs@4.2.11 OK for: proper-lockfile@4.1.2 want: ^4.2.4
498 silly placeDep ROOT retry@0.12.0 OK for: proper-lockfile@4.1.2 want: ^0.12.0
499 silly placeDep node_modules/proper-lockfile signal-exit@3.0.7 OK for: proper-lockfile@4.1.2 want: ^3.0.2
500 silly placeDep ROOT destr@2.0.5 OK for: rc9@2.1.2 want: ^2.0.3
501 silly placeDep ROOT shebang-regex@3.0.0 OK for: shebang-command@2.0.0 want: ^3.0.0
502 silly placeDep ROOT isexe@2.0.0 OK for: which@2.0.2 want: ^2.0.0
503 silly placeDep ROOT grammex@3.1.12 OK for: zeptomatch@2.1.0 want: ^3.1.11
504 silly placeDep ROOT graphmatch@1.1.1 OK for: zeptomatch@2.1.0 want: ^1.1.0
505 silly reify moves {}
506 http cache graphmatch@https://registry.npmjs.org/graphmatch/-/graphmatch-1.1.1.tgz 0ms (cache hit)
507 http cache grammex@https://registry.npmjs.org/grammex/-/grammex-3.1.12.tgz 0ms (cache hit)
508 http cache isexe@https://registry.npmjs.org/isexe/-/isexe-2.0.0.tgz 0ms (cache hit)
509 http cache shebang-regex@https://registry.npmjs.org/shebang-regex/-/shebang-regex-3.0.0.tgz 0ms (cache hit)
510 http cache destr@https://registry.npmjs.org/destr/-/destr-2.0.5.tgz 0ms (cache hit)
511 http cache retry@https://registry.npmjs.org/retry/-/retry-0.12.0.tgz 0ms (cache hit)
512 http cache graceful-fs@https://registry.npmjs.org/graceful-fs/-/graceful-fs-4.2.11.tgz 0ms (cache hit)
513 http cache safer-buffer@https://registry.npmjs.org/safer-buffer/-/safer-buffer-2.1.2.tgz 0ms (cache hit)
514 http cache is-property@https://registry.npmjs.org/is-property/-/is-property-1.0.2.tgz 0ms (cache hit)
515 http cache tinyexec@https://registry.npmjs.org/tinyexec/-/tinyexec-1.1.1.tgz 0ms (cache hit)
516 http cache sqlstring@https://registry.npmjs.org/sqlstring/-/sqlstring-2.3.3.tgz 0ms (cache hit)
517 http cache seq-queue@https://registry.npmjs.org/seq-queue/-/seq-queue-0.0.5.tgz 0ms (cache hit)
518 http cache named-placeholders@https://registry.npmjs.org/named-placeholders/-/named-placeholders-1.1.6.tgz 0ms (cache hit)
519 http cache lru.min@https://registry.npmjs.org/lru.min/-/lru.min-1.1.4.tgz 0ms (cache hit)
520 http cache long@https://registry.npmjs.org/long/-/long-5.3.2.tgz 0ms (cache hit)
521 http cache iconv-lite@https://registry.npmjs.org/iconv-lite/-/iconv-lite-0.7.2.tgz 0ms (cache hit)
522 http cache denque@https://registry.npmjs.org/denque/-/denque-2.1.0.tgz 0ms (cache hit)
523 http cache aws-ssl-profiles@https://registry.npmjs.org/aws-ssl-profiles/-/aws-ssl-profiles-1.1.2.tgz 0ms (cache hit)
524 http cache node-fetch-native@https://registry.npmjs.org/node-fetch-native/-/node-fetch-native-1.6.7.tgz 0ms (cache hit)
525 http cache nypm@https://registry.npmjs.org/nypm/-/nypm-0.6.5.tgz 0ms (cache hit)
526 http cache consola@https://registry.npmjs.org/consola/-/consola-3.4.2.tgz 0ms (cache hit)
527 http cache citty@https://registry.npmjs.org/citty/-/citty-0.1.6.tgz 0ms (cache hit)
528 http cache which@https://registry.npmjs.org/which/-/which-2.0.2.tgz 0ms (cache hit)
529 http cache shebang-command@https://registry.npmjs.org/shebang-command/-/shebang-command-2.0.0.tgz 0ms (cache hit)
530 http cache path-key@https://registry.npmjs.org/path-key/-/path-key-3.1.1.tgz 0ms (cache hit)
531 http cache signal-exit@https://registry.npmjs.org/signal-exit/-/signal-exit-4.1.0.tgz 0ms (cache hit)
532 http cache cross-spawn@https://registry.npmjs.org/cross-spawn/-/cross-spawn-7.0.6.tgz 0ms (cache hit)
533 http cache pure-rand@https://registry.npmjs.org/pure-rand/-/pure-rand-6.1.0.tgz 0ms (cache hit)
534 http cache fast-check@https://registry.npmjs.org/fast-check/-/fast-check-3.23.2.tgz 0ms (cache hit)
535 http cache @standard-schema/spec@https://registry.npmjs.org/@standard-schema/spec/-/spec-1.1.0.tgz 0ms (cache hit)
536 http cache @kurkle/color@https://registry.npmjs.org/@kurkle/color/-/color-0.3.4.tgz 0ms (cache hit)
537 http cache readdirp@https://registry.npmjs.org/readdirp/-/readdirp-4.1.2.tgz 0ms (cache hit)
538 http cache rc9@https://registry.npmjs.org/rc9/-/rc9-2.1.2.tgz 0ms (cache hit)
539 http cache pkg-types@https://registry.npmjs.org/pkg-types/-/pkg-types-2.3.0.tgz 0ms (cache hit)
540 http cache perfect-debounce@https://registry.npmjs.org/perfect-debounce/-/perfect-debounce-1.0.0.tgz 0ms (cache hit)
541 http cache ohash@https://registry.npmjs.org/ohash/-/ohash-2.0.11.tgz 0ms (cache hit)
542 http cache jiti@https://registry.npmjs.org/jiti/-/jiti-2.6.1.tgz 0ms (cache hit)
543 http cache exsolve@https://registry.npmjs.org/exsolve/-/exsolve-1.0.8.tgz 0ms (cache hit)
544 http cache giget@https://registry.npmjs.org/giget/-/giget-2.0.0.tgz 0ms (cache hit)
545 http cache dotenv@https://registry.npmjs.org/dotenv/-/dotenv-16.6.1.tgz 0ms (cache hit)
546 http cache defu@https://registry.npmjs.org/defu/-/defu-6.1.7.tgz 0ms (cache hit)
547 http cache confbox@https://registry.npmjs.org/confbox/-/confbox-0.2.4.tgz 0ms (cache hit)
548 http cache chokidar@https://registry.npmjs.org/chokidar/-/chokidar-4.0.3.tgz 0ms (cache hit)
549 http cache require-from-string@https://registry.npmjs.org/require-from-string/-/require-from-string-2.0.2.tgz 0ms (cache hit)
550 http cache json-schema-traverse@https://registry.npmjs.org/json-schema-traverse/-/json-schema-traverse-1.0.0.tgz 0ms (cache hit)
551 http cache fast-uri@https://registry.npmjs.org/fast-uri/-/fast-uri-3.1.0.tgz 0ms (cache hit)
552 http cache fast-deep-equal@https://registry.npmjs.org/fast-deep-equal/-/fast-deep-equal-3.1.3.tgz 0ms (cache hit)
553 http cache @radix-ui/react-use-layout-effect@https://registry.npmjs.org/@radix-ui/react-use-layout-effect/-/react-use-layout-effect-1.1.1.tgz 0ms (cache hit)
554 http cache @radix-ui/react-use-effect-event@https://registry.npmjs.org/@radix-ui/react-use-effect-event/-/react-use-effect-event-0.0.2.tgz 0ms (cache hit)
555 http cache @radix-ui/react-compose-refs@https://registry.npmjs.org/@radix-ui/react-compose-refs/-/react-compose-refs-1.1.2.tgz 0ms (cache hit)
556 http cache @radix-ui/react-slot@https://registry.npmjs.org/@radix-ui/react-slot/-/react-slot-1.2.3.tgz 0ms (cache hit)
557 http cache @radix-ui/react-use-controllable-state@https://registry.npmjs.org/@radix-ui/react-use-controllable-state/-/react-use-controllable-state-1.2.2.tgz 0ms (cache hit)
558 http cache @radix-ui/react-primitive@https://registry.npmjs.org/@radix-ui/react-primitive/-/react-primitive-2.1.3.tgz 0ms (cache hit)
559 http cache chart.js@https://registry.npmjs.org/chart.js/-/chart.js-4.5.1.tgz 0ms (cache hit)
560 http cache generate-function@https://registry.npmjs.org/generate-function/-/generate-function-2.3.1.tgz 0ms (cache hit)
561 http cache @radix-ui/primitive@https://registry.npmjs.org/@radix-ui/primitive/-/primitive-1.1.3.tgz 0ms (cache hit)
562 http cache @radix-ui/react-toggle@https://registry.npmjs.org/@radix-ui/react-toggle/-/react-toggle-1.1.10.tgz 0ms (cache hit)
563 http cache @prisma/fetch-engine@https://registry.npmjs.org/@prisma/fetch-engine/-/fetch-engine-7.7.0.tgz 0ms (cache hit)
564 http cache env-paths@https://registry.npmjs.org/env-paths/-/env-paths-3.0.0.tgz 0ms (cache hit)
565 http cache better-result@https://registry.npmjs.org/better-result/-/better-result-2.8.2.tgz 0ms (cache hit)
566 http cache @prisma/engines-version@https://registry.npmjs.org/@prisma/engines-version/-/engines-version-7.6.0-1.75cbdc1eb7150937890ad5465d861175c6624711.tgz 0ms (cache hit)
567 http cache @prisma/debug@https://registry.npmjs.org/@prisma/debug/-/debug-7.7.0.tgz 0ms (cache hit)
568 http cache zeptomatch@https://registry.npmjs.org/zeptomatch/-/zeptomatch-2.1.0.tgz 0ms (cache hit)
569 http cache valibot@https://registry.npmjs.org/valibot/-/valibot-1.2.0.tgz 0ms (cache hit)
570 http cache ajv@https://registry.npmjs.org/ajv/-/ajv-8.18.0.tgz 0ms (cache hit)
571 http cache remeda@https://registry.npmjs.org/remeda/-/remeda-2.33.4.tgz 0ms (cache hit)
572 http cache std-env@https://registry.npmjs.org/std-env/-/std-env-3.10.0.tgz 0ms (cache hit)
573 http cache pathe@https://registry.npmjs.org/pathe/-/pathe-2.0.3.tgz 0ms (cache hit)
574 http cache proper-lockfile@https://registry.npmjs.org/proper-lockfile/-/proper-lockfile-4.1.2.tgz 0ms (cache hit)
575 http cache hono@https://registry.npmjs.org/hono/-/hono-4.12.12.tgz 0ms (cache hit)
576 http cache get-port-please@https://registry.npmjs.org/get-port-please/-/get-port-please-3.2.0.tgz 0ms (cache hit)
577 http cache @prisma/streams-local@https://registry.npmjs.org/@prisma/streams-local/-/streams-local-0.1.2.tgz 0ms (cache hit)
578 http cache http-status-codes@https://registry.npmjs.org/http-status-codes/-/http-status-codes-2.3.0.tgz 0ms (cache hit)
579 http cache @prisma/get-platform@https://registry.npmjs.org/@prisma/get-platform/-/get-platform-7.2.0.tgz 0ms (cache hit)
580 http cache @prisma/query-plan-executor@https://registry.npmjs.org/@prisma/query-plan-executor/-/query-plan-executor-7.2.0.tgz 0ms (cache hit)
581 http cache @hono/node-server@https://registry.npmjs.org/@hono/node-server/-/node-server-1.19.11.tgz 0ms (cache hit)
582 http cache @electric-sql/pglite-tools@https://registry.npmjs.org/@electric-sql/pglite-tools/-/pglite-tools-0.3.1.tgz 0ms (cache hit)
583 http cache foreground-child@https://registry.npmjs.org/foreground-child/-/foreground-child-3.3.1.tgz 0ms (cache hit)
584 http cache @electric-sql/pglite-socket@https://registry.npmjs.org/@electric-sql/pglite-socket/-/pglite-socket-0.1.1.tgz 0ms (cache hit)
585 http cache @electric-sql/pglite@https://registry.npmjs.org/@electric-sql/pglite/-/pglite-0.4.1.tgz 0ms (cache hit)
586 http cache empathic@https://registry.npmjs.org/empathic/-/empathic-2.0.0.tgz 0ms (cache hit)
587 http cache c12@https://registry.npmjs.org/c12/-/c12-3.1.0.tgz 0ms (cache hit)
588 http cache deepmerge-ts@https://registry.npmjs.org/deepmerge-ts/-/deepmerge-ts-7.1.5.tgz 0ms (cache hit)
589 http cache postgres@https://registry.npmjs.org/postgres/-/postgres-3.4.7.tgz 0ms (cache hit)
590 http cache mysql2@https://registry.npmjs.org/mysql2/-/mysql2-3.15.3.tgz 0ms (cache hit)
591 http cache @prisma/studio-core@https://registry.npmjs.org/@prisma/studio-core/-/studio-core-0.27.3.tgz 0ms (cache hit)
592 http cache @prisma/engines@https://registry.npmjs.org/@prisma/engines/-/engines-7.7.0.tgz 0ms (cache hit)
593 http cache @prisma/dev@https://registry.npmjs.org/@prisma/dev/-/dev-0.24.3.tgz 0ms (cache hit)
594 http cache @prisma/config@https://registry.npmjs.org/@prisma/config/-/config-7.7.0.tgz 0ms (cache hit)
595 http cache prisma@https://registry.npmjs.org/prisma/-/prisma-7.7.0.tgz 0ms (cache hit)
596 http cache @prisma/get-platform@https://registry.npmjs.org/@prisma/get-platform/-/get-platform-7.7.0.tgz 0ms (cache hit)
597 http cache signal-exit@https://registry.npmjs.org/signal-exit/-/signal-exit-3.0.7.tgz 0ms (cache hit)
598 http cache citty@https://registry.npmjs.org/citty/-/citty-0.2.2.tgz 0ms (cache hit)
599 http cache @prisma/debug@https://registry.npmjs.org/@prisma/debug/-/debug-7.2.0.tgz 0ms (cache hit)
600 http cache effect@https://registry.npmjs.org/effect/-/effect-3.20.0.tgz 0ms (cache hit)
601 silly tarball no local data for graphmatch@https://registry.npmjs.org/graphmatch/-/graphmatch-1.1.1.tgz. Extracting by manifest.
602 silly tarball no local data for grammex@https://registry.npmjs.org/grammex/-/grammex-3.1.12.tgz. Extracting by manifest.
603 silly tarball no local data for isexe@https://registry.npmjs.org/isexe/-/isexe-2.0.0.tgz. Extracting by manifest.
604 http cache @prisma/get-platform@https://registry.npmjs.org/@prisma/get-platform/-/get-platform-7.7.0.tgz 0ms (cache hit)
605 silly tarball no local data for shebang-regex@https://registry.npmjs.org/shebang-regex/-/shebang-regex-3.0.0.tgz. Extracting by manifest.
606 silly tarball no local data for destr@https://registry.npmjs.org/destr/-/destr-2.0.5.tgz. Extracting by manifest.
607 silly tarball no local data for retry@https://registry.npmjs.org/retry/-/retry-0.12.0.tgz. Extracting by manifest.
608 silly tarball no local data for graceful-fs@https://registry.npmjs.org/graceful-fs/-/graceful-fs-4.2.11.tgz. Extracting by manifest.
609 silly tarball no local data for safer-buffer@https://registry.npmjs.org/safer-buffer/-/safer-buffer-2.1.2.tgz. Extracting by manifest.
610 silly tarball no local data for is-property@https://registry.npmjs.org/is-property/-/is-property-1.0.2.tgz. Extracting by manifest.
611 silly tarball no local data for tinyexec@https://registry.npmjs.org/tinyexec/-/tinyexec-1.1.1.tgz. Extracting by manifest.
612 silly tarball no local data for sqlstring@https://registry.npmjs.org/sqlstring/-/sqlstring-2.3.3.tgz. Extracting by manifest.
613 silly tarball no local data for seq-queue@https://registry.npmjs.org/seq-queue/-/seq-queue-0.0.5.tgz. Extracting by manifest.
614 silly tarball no local data for named-placeholders@https://registry.npmjs.org/named-placeholders/-/named-placeholders-1.1.6.tgz. Extracting by manifest.
615 silly tarball no local data for lru.min@https://registry.npmjs.org/lru.min/-/lru.min-1.1.4.tgz. Extracting by manifest.
616 silly tarball no local data for long@https://registry.npmjs.org/long/-/long-5.3.2.tgz. Extracting by manifest.
617 silly tarball no local data for iconv-lite@https://registry.npmjs.org/iconv-lite/-/iconv-lite-0.7.2.tgz. Extracting by manifest.
618 silly tarball no local data for denque@https://registry.npmjs.org/denque/-/denque-2.1.0.tgz. Extracting by manifest.
619 silly tarball no local data for aws-ssl-profiles@https://registry.npmjs.org/aws-ssl-profiles/-/aws-ssl-profiles-1.1.2.tgz. Extracting by manifest.
620 silly tarball no local data for node-fetch-native@https://registry.npmjs.org/node-fetch-native/-/node-fetch-native-1.6.7.tgz. Extracting by manifest.
621 silly tarball no local data for nypm@https://registry.npmjs.org/nypm/-/nypm-0.6.5.tgz. Extracting by manifest.
622 silly tarball no local data for consola@https://registry.npmjs.org/consola/-/consola-3.4.2.tgz. Extracting by manifest.
623 silly tarball no local data for citty@https://registry.npmjs.org/citty/-/citty-0.1.6.tgz. Extracting by manifest.
624 silly tarball no local data for which@https://registry.npmjs.org/which/-/which-2.0.2.tgz. Extracting by manifest.
625 silly tarball no local data for shebang-command@https://registry.npmjs.org/shebang-command/-/shebang-command-2.0.0.tgz. Extracting by manifest.
626 silly tarball no local data for path-key@https://registry.npmjs.org/path-key/-/path-key-3.1.1.tgz. Extracting by manifest.
627 silly tarball no local data for signal-exit@https://registry.npmjs.org/signal-exit/-/signal-exit-4.1.0.tgz. Extracting by manifest.
628 silly tarball no local data for cross-spawn@https://registry.npmjs.org/cross-spawn/-/cross-spawn-7.0.6.tgz. Extracting by manifest.
629 silly tarball no local data for pure-rand@https://registry.npmjs.org/pure-rand/-/pure-rand-6.1.0.tgz. Extracting by manifest.
630 silly tarball no local data for fast-check@https://registry.npmjs.org/fast-check/-/fast-check-3.23.2.tgz. Extracting by manifest.
631 silly tarball no local data for @standard-schema/spec@https://registry.npmjs.org/@standard-schema/spec/-/spec-1.1.0.tgz. Extracting by manifest.
632 silly tarball no local data for @kurkle/color@https://registry.npmjs.org/@kurkle/color/-/color-0.3.4.tgz. Extracting by manifest.
633 silly tarball no local data for readdirp@https://registry.npmjs.org/readdirp/-/readdirp-4.1.2.tgz. Extracting by manifest.
634 silly tarball no local data for rc9@https://registry.npmjs.org/rc9/-/rc9-2.1.2.tgz. Extracting by manifest.
635 silly tarball no local data for pkg-types@https://registry.npmjs.org/pkg-types/-/pkg-types-2.3.0.tgz. Extracting by manifest.
636 silly tarball no local data for perfect-debounce@https://registry.npmjs.org/perfect-debounce/-/perfect-debounce-1.0.0.tgz. Extracting by manifest.
637 silly tarball no local data for ohash@https://registry.npmjs.org/ohash/-/ohash-2.0.11.tgz. Extracting by manifest.
638 silly tarball no local data for jiti@https://registry.npmjs.org/jiti/-/jiti-2.6.1.tgz. Extracting by manifest.
639 silly tarball no local data for exsolve@https://registry.npmjs.org/exsolve/-/exsolve-1.0.8.tgz. Extracting by manifest.
640 silly tarball no local data for giget@https://registry.npmjs.org/giget/-/giget-2.0.0.tgz. Extracting by manifest.
641 silly tarball no local data for dotenv@https://registry.npmjs.org/dotenv/-/dotenv-16.6.1.tgz. Extracting by manifest.
642 silly tarball no local data for defu@https://registry.npmjs.org/defu/-/defu-6.1.7.tgz. Extracting by manifest.
643 silly tarball no local data for confbox@https://registry.npmjs.org/confbox/-/confbox-0.2.4.tgz. Extracting by manifest.
644 silly tarball no local data for chokidar@https://registry.npmjs.org/chokidar/-/chokidar-4.0.3.tgz. Extracting by manifest.
645 silly tarball no local data for require-from-string@https://registry.npmjs.org/require-from-string/-/require-from-string-2.0.2.tgz. Extracting by manifest.
646 silly tarball no local data for json-schema-traverse@https://registry.npmjs.org/json-schema-traverse/-/json-schema-traverse-1.0.0.tgz. Extracting by manifest.
647 silly tarball no local data for fast-uri@https://registry.npmjs.org/fast-uri/-/fast-uri-3.1.0.tgz. Extracting by manifest.
648 silly tarball no local data for fast-deep-equal@https://registry.npmjs.org/fast-deep-equal/-/fast-deep-equal-3.1.3.tgz. Extracting by manifest.
649 silly tarball no local data for @radix-ui/react-use-layout-effect@https://registry.npmjs.org/@radix-ui/react-use-layout-effect/-/react-use-layout-effect-1.1.1.tgz. Extracting by manifest.
650 silly tarball no local data for @radix-ui/react-use-effect-event@https://registry.npmjs.org/@radix-ui/react-use-effect-event/-/react-use-effect-event-0.0.2.tgz. Extracting by manifest.
651 silly tarball no local data for @radix-ui/react-compose-refs@https://registry.npmjs.org/@radix-ui/react-compose-refs/-/react-compose-refs-1.1.2.tgz. Extracting by manifest.
652 silly tarball no local data for @radix-ui/react-slot@https://registry.npmjs.org/@radix-ui/react-slot/-/react-slot-1.2.3.tgz. Extracting by manifest.
653 silly tarball no local data for @radix-ui/react-use-controllable-state@https://registry.npmjs.org/@radix-ui/react-use-controllable-state/-/react-use-controllable-state-1.2.2.tgz. Extracting by manifest.
654 silly tarball no local data for @radix-ui/react-primitive@https://registry.npmjs.org/@radix-ui/react-primitive/-/react-primitive-2.1.3.tgz. Extracting by manifest.
655 silly tarball no local data for chart.js@https://registry.npmjs.org/chart.js/-/chart.js-4.5.1.tgz. Extracting by manifest.
656 silly tarball no local data for generate-function@https://registry.npmjs.org/generate-function/-/generate-function-2.3.1.tgz. Extracting by manifest.
657 silly tarball no local data for @radix-ui/primitive@https://registry.npmjs.org/@radix-ui/primitive/-/primitive-1.1.3.tgz. Extracting by manifest.
658 silly tarball no local data for @radix-ui/react-toggle@https://registry.npmjs.org/@radix-ui/react-toggle/-/react-toggle-1.1.10.tgz. Extracting by manifest.
659 silly tarball no local data for @prisma/fetch-engine@https://registry.npmjs.org/@prisma/fetch-engine/-/fetch-engine-7.7.0.tgz. Extracting by manifest.
660 silly tarball no local data for env-paths@https://registry.npmjs.org/env-paths/-/env-paths-3.0.0.tgz. Extracting by manifest.
661 silly tarball no local data for better-result@https://registry.npmjs.org/better-result/-/better-result-2.8.2.tgz. Extracting by manifest.
662 silly tarball no local data for @prisma/engines-version@https://registry.npmjs.org/@prisma/engines-version/-/engines-version-7.6.0-1.75cbdc1eb7150937890ad5465d861175c6624711.tgz. Extracting by manifest.
663 silly tarball no local data for @prisma/debug@https://registry.npmjs.org/@prisma/debug/-/debug-7.7.0.tgz. Extracting by manifest.
664 silly tarball no local data for zeptomatch@https://registry.npmjs.org/zeptomatch/-/zeptomatch-2.1.0.tgz. Extracting by manifest.
665 silly tarball no local data for valibot@https://registry.npmjs.org/valibot/-/valibot-1.2.0.tgz. Extracting by manifest.
666 silly tarball no local data for ajv@https://registry.npmjs.org/ajv/-/ajv-8.18.0.tgz. Extracting by manifest.
667 silly tarball no local data for remeda@https://registry.npmjs.org/remeda/-/remeda-2.33.4.tgz. Extracting by manifest.
668 silly tarball no local data for std-env@https://registry.npmjs.org/std-env/-/std-env-3.10.0.tgz. Extracting by manifest.
669 silly tarball no local data for pathe@https://registry.npmjs.org/pathe/-/pathe-2.0.3.tgz. Extracting by manifest.
670 silly tarball no local data for proper-lockfile@https://registry.npmjs.org/proper-lockfile/-/proper-lockfile-4.1.2.tgz. Extracting by manifest.
671 silly tarball no local data for hono@https://registry.npmjs.org/hono/-/hono-4.12.12.tgz. Extracting by manifest.
672 silly tarball no local data for get-port-please@https://registry.npmjs.org/get-port-please/-/get-port-please-3.2.0.tgz. Extracting by manifest.
673 silly tarball no local data for @prisma/streams-local@https://registry.npmjs.org/@prisma/streams-local/-/streams-local-0.1.2.tgz. Extracting by manifest.
674 silly tarball no local data for http-status-codes@https://registry.npmjs.org/http-status-codes/-/http-status-codes-2.3.0.tgz. Extracting by manifest.
675 silly tarball no local data for @prisma/get-platform@https://registry.npmjs.org/@prisma/get-platform/-/get-platform-7.2.0.tgz. Extracting by manifest.
676 silly tarball no local data for @prisma/query-plan-executor@https://registry.npmjs.org/@prisma/query-plan-executor/-/query-plan-executor-7.2.0.tgz. Extracting by manifest.
677 silly tarball no local data for @hono/node-server@https://registry.npmjs.org/@hono/node-server/-/node-server-1.19.11.tgz. Extracting by manifest.
678 silly tarball no local data for @electric-sql/pglite-tools@https://registry.npmjs.org/@electric-sql/pglite-tools/-/pglite-tools-0.3.1.tgz. Extracting by manifest.
679 silly tarball no local data for foreground-child@https://registry.npmjs.org/foreground-child/-/foreground-child-3.3.1.tgz. Extracting by manifest.
680 silly tarball no local data for @electric-sql/pglite-socket@https://registry.npmjs.org/@electric-sql/pglite-socket/-/pglite-socket-0.1.1.tgz. Extracting by manifest.
681 silly tarball no local data for @electric-sql/pglite@https://registry.npmjs.org/@electric-sql/pglite/-/pglite-0.4.1.tgz. Extracting by manifest.
682 silly tarball no local data for empathic@https://registry.npmjs.org/empathic/-/empathic-2.0.0.tgz. Extracting by manifest.
683 silly tarball no local data for c12@https://registry.npmjs.org/c12/-/c12-3.1.0.tgz. Extracting by manifest.
684 silly tarball no local data for deepmerge-ts@https://registry.npmjs.org/deepmerge-ts/-/deepmerge-ts-7.1.5.tgz. Extracting by manifest.
685 silly tarball no local data for postgres@https://registry.npmjs.org/postgres/-/postgres-3.4.7.tgz. Extracting by manifest.
686 silly tarball no local data for mysql2@https://registry.npmjs.org/mysql2/-/mysql2-3.15.3.tgz. Extracting by manifest.
687 silly tarball no local data for @prisma/studio-core@https://registry.npmjs.org/@prisma/studio-core/-/studio-core-0.27.3.tgz. Extracting by manifest.
688 silly tarball no local data for @prisma/engines@https://registry.npmjs.org/@prisma/engines/-/engines-7.7.0.tgz. Extracting by manifest.
689 silly tarball no local data for @prisma/dev@https://registry.npmjs.org/@prisma/dev/-/dev-0.24.3.tgz. Extracting by manifest.
690 silly tarball no local data for @prisma/config@https://registry.npmjs.org/@prisma/config/-/config-7.7.0.tgz. Extracting by manifest.
691 silly tarball no local data for prisma@https://registry.npmjs.org/prisma/-/prisma-7.7.0.tgz. Extracting by manifest.
692 silly tarball no local data for @prisma/get-platform@https://registry.npmjs.org/@prisma/get-platform/-/get-platform-7.7.0.tgz. Extracting by manifest.
693 silly tarball no local data for signal-exit@https://registry.npmjs.org/signal-exit/-/signal-exit-3.0.7.tgz. Extracting by manifest.
694 silly tarball no local data for citty@https://registry.npmjs.org/citty/-/citty-0.2.2.tgz. Extracting by manifest.
695 silly tarball no local data for @prisma/debug@https://registry.npmjs.org/@prisma/debug/-/debug-7.2.0.tgz. Extracting by manifest.
696 silly tarball no local data for effect@https://registry.npmjs.org/effect/-/effect-3.20.0.tgz. Extracting by manifest.
697 silly tarball no local data for @prisma/get-platform@https://registry.npmjs.org/@prisma/get-platform/-/get-platform-7.7.0.tgz. Extracting by manifest.
698 http fetch GET 200 https://registry.npmjs.org/isexe/-/isexe-2.0.0.tgz 252ms (cache miss)
699 http fetch GET 200 https://registry.npmjs.org/graphmatch/-/graphmatch-1.1.1.tgz 255ms (cache miss)
700 http fetch GET 200 https://registry.npmjs.org/grammex/-/grammex-3.1.12.tgz 256ms (cache miss)
701 http fetch GET 200 https://registry.npmjs.org/aws-ssl-profiles/-/aws-ssl-profiles-1.1.2.tgz 299ms (cache miss)
702 http fetch GET 200 https://registry.npmjs.org/denque/-/denque-2.1.0.tgz 316ms (cache miss)
703 http fetch GET 200 https://registry.npmjs.org/shebang-regex/-/shebang-regex-3.0.0.tgz 1329ms (cache miss)
704 http fetch GET 200 https://registry.npmjs.org/named-placeholders/-/named-placeholders-1.1.6.tgz 1380ms (cache miss)
705 http fetch GET 200 https://registry.npmjs.org/is-property/-/is-property-1.0.2.tgz 4054ms (cache miss)
706 http fetch GET 200 https://registry.npmjs.org/perfect-debounce/-/perfect-debounce-1.0.0.tgz 4106ms (cache miss)
707 http fetch GET 200 https://registry.npmjs.org/pkg-types/-/pkg-types-2.3.0.tgz 4142ms (cache miss)
708 http fetch GET 200 https://registry.npmjs.org/generate-function/-/generate-function-2.3.1.tgz 4132ms (cache miss)
709 http fetch GET 200 https://registry.npmjs.org/zeptomatch/-/zeptomatch-2.1.0.tgz 4128ms (cache miss)
710 http fetch GET 200 https://registry.npmjs.org/@radix-ui/primitive/-/primitive-1.1.3.tgz 4134ms (cache miss)
711 http fetch GET 200 https://registry.npmjs.org/json-schema-traverse/-/json-schema-traverse-1.0.0.tgz 4144ms (cache miss)
712 http fetch GET 200 https://registry.npmjs.org/@radix-ui/react-compose-refs/-/react-compose-refs-1.1.2.tgz 4175ms (cache miss)
713 http fetch GET 200 https://registry.npmjs.org/empathic/-/empathic-2.0.0.tgz 4157ms (cache miss)
714 http fetch GET 200 https://registry.npmjs.org/std-env/-/std-env-3.10.0.tgz 4332ms (cache miss)
715 http fetch GET 200 https://registry.npmjs.org/proper-lockfile/-/proper-lockfile-4.1.2.tgz 4468ms (cache miss)
716 http fetch GET 200 https://registry.npmjs.org/shebang-command/-/shebang-command-2.0.0.tgz 4542ms (cache miss)
717 http fetch GET 200 https://registry.npmjs.org/env-paths/-/env-paths-3.0.0.tgz 4523ms (cache miss)
718 http fetch GET 200 https://registry.npmjs.org/require-from-string/-/require-from-string-2.0.2.tgz 4951ms (cache miss)
719 http fetch GET 200 https://registry.npmjs.org/path-key/-/path-key-3.1.1.tgz 5040ms (cache miss)
720 http fetch GET 200 https://registry.npmjs.org/foreground-child/-/foreground-child-3.3.1.tgz 5013ms (cache miss)
721 http fetch GET 200 https://registry.npmjs.org/signal-exit/-/signal-exit-3.0.7.tgz 5009ms (cache miss)
722 http fetch GET 200 https://registry.npmjs.org/@prisma/engines-version/-/engines-version-7.6.0-1.75cbdc1eb7150937890ad5465d861175c6624711.tgz 5031ms (cache miss)
723 http fetch GET 200 https://registry.npmjs.org/@prisma/config/-/config-7.7.0.tgz 5024ms (cache miss)
724 http fetch GET 200 https://registry.npmjs.org/citty/-/citty-0.2.2.tgz 5022ms (cache miss)
725 http fetch GET 200 https://registry.npmjs.org/long/-/long-5.3.2.tgz 5337ms (cache miss)
726 http fetch GET 200 https://registry.npmjs.org/which/-/which-2.0.2.tgz 5335ms (cache miss)
727 http fetch GET 200 https://registry.npmjs.org/sqlstring/-/sqlstring-2.3.3.tgz 5823ms (cache miss)
728 http fetch GET 200 https://registry.npmjs.org/nypm/-/nypm-0.6.5.tgz 6518ms (cache miss)
729 http fetch GET 200 https://registry.npmjs.org/tinyexec/-/tinyexec-1.1.1.tgz 6533ms (cache miss)
730 http fetch GET 200 https://registry.npmjs.org/@standard-schema/spec/-/spec-1.1.0.tgz 6610ms (cache miss)
731 http fetch GET 200 https://registry.npmjs.org/lru.min/-/lru.min-1.1.4.tgz 6794ms (cache miss)
732 http fetch GET 200 https://registry.npmjs.org/destr/-/destr-2.0.5.tgz 6850ms (cache miss)
733 http fetch GET 200 https://registry.npmjs.org/seq-queue/-/seq-queue-0.0.5.tgz 6874ms (cache miss)
734 http fetch GET 200 https://registry.npmjs.org/exsolve/-/exsolve-1.0.8.tgz 7138ms (cache miss)
735 http fetch GET 200 https://registry.npmjs.org/graceful-fs/-/graceful-fs-4.2.11.tgz 7160ms (cache miss)
736 http fetch GET 200 https://registry.npmjs.org/safer-buffer/-/safer-buffer-2.1.2.tgz 7162ms (cache miss)
737 http fetch GET 200 https://registry.npmjs.org/readdirp/-/readdirp-4.1.2.tgz 7209ms (cache miss)
738 http fetch GET 200 https://registry.npmjs.org/@radix-ui/react-use-layout-effect/-/react-use-layout-effect-1.1.1.tgz 7514ms (cache miss)
739 http fetch GET 200 https://registry.npmjs.org/get-port-please/-/get-port-please-3.2.0.tgz 7981ms (cache miss)
740 http fetch GET 200 https://registry.npmjs.org/rc9/-/rc9-2.1.2.tgz 8047ms (cache miss)
741 http fetch GET 200 https://registry.npmjs.org/@kurkle/color/-/color-0.3.4.tgz 8393ms (cache miss)
742 http fetch GET 200 https://registry.npmjs.org/@prisma/debug/-/debug-7.2.0.tgz 8379ms (cache miss)
743 http fetch GET 200 https://registry.npmjs.org/citty/-/citty-0.1.6.tgz 8489ms (cache miss)
744 http fetch GET 200 https://registry.npmjs.org/c12/-/c12-3.1.0.tgz 8505ms (cache miss)
745 http fetch GET 200 https://registry.npmjs.org/@radix-ui/react-toggle/-/react-toggle-1.1.10.tgz 8582ms (cache miss)
746 http fetch GET 200 https://registry.npmjs.org/@radix-ui/react-use-controllable-state/-/react-use-controllable-state-1.2.2.tgz 8587ms (cache miss)
747 http fetch GET 200 https://registry.npmjs.org/@radix-ui/react-slot/-/react-slot-1.2.3.tgz 8679ms (cache miss)
748 http fetch GET 200 https://registry.npmjs.org/deepmerge-ts/-/deepmerge-ts-7.1.5.tgz 8696ms (cache miss)
749 http fetch GET 200 https://registry.npmjs.org/better-result/-/better-result-2.8.2.tgz 8718ms (cache miss)
750 http fetch GET 200 https://registry.npmjs.org/fast-deep-equal/-/fast-deep-equal-3.1.3.tgz 8734ms (cache miss)
751 http fetch GET 200 https://registry.npmjs.org/@radix-ui/react-primitive/-/react-primitive-2.1.3.tgz 8764ms (cache miss)
752 http fetch GET 200 https://registry.npmjs.org/defu/-/defu-6.1.7.tgz 8958ms (cache miss)
753 http fetch GET 200 https://registry.npmjs.org/giget/-/giget-2.0.0.tgz 8983ms (cache miss)
754 http fetch GET 200 https://registry.npmjs.org/@radix-ui/react-use-effect-event/-/react-use-effect-event-0.0.2.tgz 10897ms (cache miss)
755 http fetch GET 200 https://registry.npmjs.org/@prisma/debug/-/debug-7.7.0.tgz 10895ms (cache miss)
756 http fetch GET 200 https://registry.npmjs.org/cross-spawn/-/cross-spawn-7.0.6.tgz 10937ms (cache miss)
757 http fetch GET 200 https://registry.npmjs.org/@prisma/engines/-/engines-7.7.0.tgz 10944ms (cache miss)
758 http fetch GET 200 https://registry.npmjs.org/dotenv/-/dotenv-16.6.1.tgz 10977ms (cache miss)
759 http fetch GET 200 https://registry.npmjs.org/chokidar/-/chokidar-4.0.3.tgz 11082ms (cache miss)
760 http fetch GET 200 https://registry.npmjs.org/retry/-/retry-0.12.0.tgz 11316ms (cache miss)
761 http fetch GET 200 https://registry.npmjs.org/pathe/-/pathe-2.0.3.tgz 11282ms (cache miss)
762 http fetch GET 200 https://registry.npmjs.org/ohash/-/ohash-2.0.11.tgz 11492ms (cache miss)
763 http fetch GET 200 https://registry.npmjs.org/valibot/-/valibot-1.2.0.tgz 16130ms (cache miss)
764 http fetch GET 200 https://registry.npmjs.org/iconv-lite/-/iconv-lite-0.7.2.tgz 16359ms (cache miss)
765 http fetch GET 200 https://registry.npmjs.org/confbox/-/confbox-0.2.4.tgz 16343ms (cache miss)
766 http fetch GET 200 https://registry.npmjs.org/fast-uri/-/fast-uri-3.1.0.tgz 16524ms (cache miss)
767 http fetch GET 200 https://registry.npmjs.org/@electric-sql/pglite-socket/-/pglite-socket-0.1.1.tgz 17074ms (cache miss)
768 http fetch GET 200 https://registry.npmjs.org/signal-exit/-/signal-exit-4.1.0.tgz 17398ms (cache miss)
769 http fetch GET 200 https://registry.npmjs.org/node-fetch-native/-/node-fetch-native-1.6.7.tgz 18143ms (cache miss)
770 http fetch GET 200 https://registry.npmjs.org/http-status-codes/-/http-status-codes-2.3.0.tgz 18108ms (cache miss)
771 http fetch GET 200 https://registry.npmjs.org/jiti/-/jiti-2.6.1.tgz 18148ms (cache miss)
772 http fetch GET 200 https://registry.npmjs.org/@prisma/streams-local/-/streams-local-0.1.2.tgz 19383ms (cache miss)
773 http fetch GET 200 https://registry.npmjs.org/consola/-/consola-3.4.2.tgz 19494ms (cache miss)
774 http fetch GET 200 https://registry.npmjs.org/postgres/-/postgres-3.4.7.tgz 20067ms (cache miss)
775 http fetch GET 200 https://registry.npmjs.org/@prisma/get-platform/-/get-platform-7.2.0.tgz 20442ms (cache miss)
776 http fetch GET 200 https://registry.npmjs.org/@prisma/get-platform/-/get-platform-7.7.0.tgz 20445ms (cache miss)
777 http fetch GET 200 https://registry.npmjs.org/@electric-sql/pglite-tools/-/pglite-tools-0.3.1.tgz 20521ms (cache miss)
778 http fetch GET 200 https://registry.npmjs.org/@prisma/get-platform/-/get-platform-7.7.0.tgz 20513ms (cache miss)
779 http fetch GET 200 https://registry.npmjs.org/@prisma/fetch-engine/-/fetch-engine-7.7.0.tgz 20651ms (cache miss)
780 http fetch GET 200 https://registry.npmjs.org/@hono/node-server/-/node-server-1.19.11.tgz 20742ms (cache miss)
781 http fetch GET 200 https://registry.npmjs.org/@prisma/query-plan-executor/-/query-plan-executor-7.2.0.tgz 20836ms (cache miss)
782 http fetch GET 200 https://registry.npmjs.org/pure-rand/-/pure-rand-6.1.0.tgz 22108ms (cache miss)
783 http fetch GET 200 https://registry.npmjs.org/mysql2/-/mysql2-3.15.3.tgz 24057ms (cache miss)
784 http fetch GET 200 https://registry.npmjs.org/chart.js/-/chart.js-4.5.1.tgz 30775ms (cache miss)
785 http fetch GET 200 https://registry.npmjs.org/@prisma/dev/-/dev-0.24.3.tgz 31374ms (cache miss)
786 http fetch GET 200 https://registry.npmjs.org/prisma/-/prisma-7.7.0.tgz 36504ms (cache miss)
787 http fetch GET 200 https://registry.npmjs.org/@prisma/studio-core/-/studio-core-0.27.3.tgz 37652ms (cache miss)
788 http fetch GET 200 https://registry.npmjs.org/@electric-sql/pglite/-/pglite-0.4.1.tgz 43585ms (cache miss)
789 http fetch GET 200 https://registry.npmjs.org/ajv/-/ajv-8.18.0.tgz 44771ms (cache miss)
790 http fetch GET 200 https://registry.npmjs.org/remeda/-/remeda-2.33.4.tgz 51088ms (cache miss)
791 http fetch GET 200 https://registry.npmjs.org/hono/-/hono-4.12.12.tgz 51802ms (cache miss)
792 http fetch GET 200 https://registry.npmjs.org/fast-check/-/fast-check-3.23.2.tgz 54120ms (cache miss)
793 http fetch GET 200 https://registry.npmjs.org/effect/-/effect-3.20.0.tgz 67135ms (cache miss)
794 info run prisma@7.7.0 preinstall node_modules/prisma node scripts/preinstall-entry.js
795 info run prisma@7.7.0 preinstall { code: 0, signal: null }
796 info run @prisma/engines@7.7.0 postinstall node_modules/@prisma/engines node scripts/postinstall.js
797 info run @prisma/engines@7.7.0 postinstall { code: 0, signal: null }
798 silly ADD node_modules/graphmatch
799 silly ADD node_modules/grammex
800 silly ADD node_modules/isexe
801 silly ADD node_modules/shebang-regex
802 silly ADD node_modules/destr
803 silly ADD node_modules/retry
804 silly ADD node_modules/graceful-fs
805 silly ADD node_modules/tinyexec
806 silly ADD node_modules/safer-buffer
807 silly ADD node_modules/is-property
808 silly ADD node_modules/sqlstring
809 silly ADD node_modules/seq-queue
810 silly ADD node_modules/named-placeholders
811 silly ADD node_modules/lru.min
812 silly ADD node_modules/long
813 silly ADD node_modules/iconv-lite
814 silly ADD node_modules/generate-function
815 silly ADD node_modules/denque
816 silly ADD node_modules/aws-ssl-profiles
817 silly ADD node_modules/nypm
818 silly ADD node_modules/nypm/node_modules/citty
819 silly ADD node_modules/node-fetch-native
820 silly ADD node_modules/consola
821 silly ADD node_modules/citty
822 silly ADD node_modules/which
823 silly ADD node_modules/shebang-command
824 silly ADD node_modules/path-key
825 silly ADD node_modules/signal-exit
826 silly ADD node_modules/cross-spawn
827 silly ADD node_modules/pure-rand
828 silly ADD node_modules/fast-check
829 silly ADD node_modules/@standard-schema/spec
830 silly ADD node_modules/readdirp
831 silly ADD node_modules/@kurkle/color
832 silly ADD node_modules/rc9
833 silly ADD node_modules/pkg-types
834 silly ADD node_modules/perfect-debounce
835 silly ADD node_modules/ohash
836 silly ADD node_modules/jiti
837 silly ADD node_modules/giget
838 silly ADD node_modules/exsolve
839 silly ADD node_modules/dotenv
840 silly ADD node_modules/defu
841 silly ADD node_modules/confbox
842 silly ADD node_modules/chokidar
843 silly ADD node_modules/require-from-string
844 silly ADD node_modules/json-schema-traverse
845 silly ADD node_modules/fast-uri
846 silly ADD node_modules/fast-deep-equal
847 silly ADD node_modules/@radix-ui/react-use-layout-effect
848 silly ADD node_modules/@radix-ui/react-use-effect-event
849 silly ADD node_modules/@radix-ui/react-compose-refs
850 silly ADD node_modules/@radix-ui/react-slot
851 silly ADD node_modules/@radix-ui/react-use-controllable-state
852 silly ADD node_modules/@radix-ui/react-primitive
853 silly ADD node_modules/@radix-ui/primitive
854 silly ADD node_modules/chart.js
855 silly ADD node_modules/@radix-ui/react-toggle
856 silly ADD node_modules/env-paths
857 silly ADD node_modules/better-result
858 silly ADD node_modules/ajv
859 silly ADD node_modules/@prisma/fetch-engine
860 silly ADD node_modules/@prisma/fetch-engine/node_modules/@prisma/get-platform
861 silly ADD node_modules/@prisma/engines-version
862 silly ADD node_modules/@prisma/debug
863 silly ADD node_modules/zeptomatch
864 silly ADD node_modules/valibot
865 silly ADD node_modules/std-env
866 silly ADD node_modules/remeda
867 silly ADD node_modules/proper-lockfile
868 silly ADD node_modules/proper-lockfile/node_modules/signal-exit
869 silly ADD node_modules/pathe
870 silly ADD node_modules/http-status-codes
871 silly ADD node_modules/hono
872 silly ADD node_modules/get-port-please
873 silly ADD node_modules/foreground-child
874 silly ADD node_modules/@prisma/streams-local
875 silly ADD node_modules/@prisma/query-plan-executor
876 silly ADD node_modules/@prisma/get-platform
877 silly ADD node_modules/@prisma/get-platform/node_modules/@prisma/debug
878 silly ADD node_modules/@hono/node-server
879 silly ADD node_modules/@electric-sql/pglite-tools
880 silly ADD node_modules/@electric-sql/pglite-socket
881 silly ADD node_modules/@electric-sql/pglite
882 silly ADD node_modules/empathic
883 silly ADD node_modules/effect
884 silly ADD node_modules/deepmerge-ts
885 silly ADD node_modules/c12
886 silly ADD node_modules/postgres
887 silly ADD node_modules/mysql2
888 silly ADD node_modules/@prisma/studio-core
889 silly ADD node_modules/@prisma/engines
890 silly ADD node_modules/@prisma/engines/node_modules/@prisma/get-platform
891 silly ADD node_modules/@prisma/dev
892 silly ADD node_modules/@prisma/config
893 silly ADD node_modules/prisma
894 verbose cwd C:\Users\ferna\refrigeracion-don-carlos-erp
895 verbose os Windows_NT 10.0.19045
896 verbose node v24.13.0
897 verbose npm  v11.6.2
898 verbose exit 0
899 info ok
