0 verbose cli C:\Program Files\nodejs\node.exe C:\Program Files\nodejs\node_modules\npm\bin\npm-cli.js
1 info using npm@11.6.2
2 info using node@v24.13.0
3 silly config load:file:C:\Program Files\nodejs\node_modules\npm\npmrc
4 silly config load:file:C:\Users\ferna\refrigeracion-don-carlos-erp\.npmrc
5 silly config load:file:C:\Users\ferna\.npmrc
6 silly config load:file:C:\Users\ferna\AppData\Roaming\npm\etc\npmrc
7 verbose title npm exec create-react-app frontend
8 verbose argv "exec" "--" "create-react-app" "frontend"
9 verbose logfile logs-max:10 dir:C:\Users\ferna\refrigeracion-don-carlos-erp\UsersfernaAppDataLocalnpm-cache\_logs\2026-04-10T02_58_17_740Z-
10 verbose logfile C:\Users\ferna\refrigeracion-don-carlos-erp\UsersfernaAppDataLocalnpm-cache\_logs\2026-04-10T02_58_17_740Z-debug-0.log
11 silly logfile done cleaning log files
12 silly packumentCache heap:4496293888 maxSize:1124073472 maxEntrySize:562036736
13 verbose shrinkwrap failed to load node_modules/.package-lock.json out of date, updated: node_modules
14 http fetch GET 200 https://registry.npmjs.org/create-react-app 250ms (cache miss)
15 silly packumentCache heap:4496293888 maxSize:1124073472 maxEntrySize:562036736
16 silly packumentCache heap:4496293888 maxSize:1124073472 maxEntrySize:562036736
17 warn exec The following package was not found and will be installed: create-react-app@5.1.0
18 silly idealTree buildDeps
19 silly fetch manifest create-react-app@5.1.0
20 silly packumentCache full:https://registry.npmjs.org/create-react-app cache-miss
21 http fetch GET 200 https://registry.npmjs.org/create-react-app 278ms (cache miss)
22 silly packumentCache full:https://registry.npmjs.org/create-react-app set size:undefined disposed:false
23 silly placeDep ROOT create-react-app@5.1.0 OK for:  want: 5.1.0
24 silly fetch manifest tmp@^0.2.1
25 silly packumentCache full:https://registry.npmjs.org/tmp cache-miss
26 silly fetch manifest chalk@^4.1.2
27 silly packumentCache full:https://registry.npmjs.org/chalk cache-miss
28 silly fetch manifest semver@^7.3.5
29 silly packumentCache full:https://registry.npmjs.org/semver cache-miss
30 http fetch GET 200 https://registry.npmjs.org/tmp 83ms (cache miss)
31 silly packumentCache full:https://registry.npmjs.org/tmp set size:undefined disposed:false
32 silly fetch manifest envinfo@^7.8.1
33 silly packumentCache full:https://registry.npmjs.org/envinfo cache-miss
34 http fetch GET 200 https://registry.npmjs.org/chalk 174ms (cache miss)
35 silly packumentCache full:https://registry.npmjs.org/chalk set size:undefined disposed:false
36 silly fetch manifest prompts@^2.4.2
37 silly packumentCache full:https://registry.npmjs.org/prompts cache-miss
38 http fetch GET 200 https://registry.npmjs.org/semver 195ms (cache miss)
39 silly packumentCache full:https://registry.npmjs.org/semver set size:undefined disposed:false
40 silly fetch manifest fs-extra@^10.0.0
41 silly packumentCache full:https://registry.npmjs.org/fs-extra cache-miss
42 http fetch GET 200 https://registry.npmjs.org/prompts 59ms (cache miss)
43 silly packumentCache full:https://registry.npmjs.org/prompts set size:undefined disposed:false
44 silly fetch manifest tar-pack@^3.4.1
45 silly packumentCache full:https://registry.npmjs.org/tar-pack cache-miss
46 http fetch GET 200 https://registry.npmjs.org/fs-extra 72ms (cache miss)
47 silly packumentCache full:https://registry.npmjs.org/fs-extra set size:undefined disposed:false
48 silly fetch manifest commander@^4.1.1
49 silly packumentCache full:https://registry.npmjs.org/commander cache-miss
50 http fetch GET 200 https://registry.npmjs.org/envinfo 267ms (cache miss)
51 silly packumentCache full:https://registry.npmjs.org/envinfo set size:undefined disposed:false
52 silly fetch manifest hyperquest@^2.1.3
53 silly packumentCache full:https://registry.npmjs.org/hyperquest cache-miss
54 http fetch GET 200 https://registry.npmjs.org/tar-pack 255ms (cache miss)
55 silly packumentCache full:https://registry.npmjs.org/tar-pack set size:undefined disposed:false
56 silly fetch manifest cross-spawn@^7.0.3
57 silly packumentCache full:https://registry.npmjs.org/cross-spawn cache-miss
58 http fetch GET 200 https://registry.npmjs.org/commander 293ms (cache miss)
59 silly packumentCache full:https://registry.npmjs.org/commander set size:undefined disposed:false
60 silly fetch manifest validate-npm-package-name@^3.0.0
61 silly packumentCache full:https://registry.npmjs.org/validate-npm-package-name cache-miss
62 http fetch GET 200 https://registry.npmjs.org/hyperquest 258ms (cache miss)
63 silly packumentCache full:https://registry.npmjs.org/hyperquest set size:undefined disposed:false
64 http fetch GET 200 https://registry.npmjs.org/validate-npm-package-name 77ms (cache miss)
65 silly packumentCache full:https://registry.npmjs.org/validate-npm-package-name set size:undefined disposed:false
66 http fetch GET 200 https://registry.npmjs.org/cross-spawn 223ms (cache revalidated)
67 silly packumentCache full:https://registry.npmjs.org/cross-spawn set size:109066 disposed:false
68 silly placeDep ROOT chalk@4.1.2 OK for: create-react-app@5.1.0 want: ^4.1.2
69 silly placeDep ROOT commander@4.1.1 OK for: create-react-app@5.1.0 want: ^4.1.1
70 silly placeDep ROOT cross-spawn@7.0.6 OK for: create-react-app@5.1.0 want: ^7.0.3
71 silly placeDep ROOT envinfo@7.21.0 OK for: create-react-app@5.1.0 want: ^7.8.1
72 silly placeDep ROOT fs-extra@10.1.0 OK for: create-react-app@5.1.0 want: ^10.0.0
73 silly placeDep ROOT hyperquest@2.1.3 OK for: create-react-app@5.1.0 want: ^2.1.3
74 silly placeDep ROOT prompts@2.4.2 OK for: create-react-app@5.1.0 want: ^2.4.2
75 silly placeDep ROOT semver@7.7.4 OK for: create-react-app@5.1.0 want: ^7.3.5
76 silly placeDep ROOT tar-pack@3.4.1 OK for: create-react-app@5.1.0 want: ^3.4.1
77 silly placeDep ROOT tmp@0.2.5 OK for: create-react-app@5.1.0 want: ^0.2.1
78 silly placeDep ROOT validate-npm-package-name@3.0.0 OK for: create-react-app@5.1.0 want: ^3.0.0
79 silly fetch manifest ansi-styles@^4.1.0
80 silly packumentCache full:https://registry.npmjs.org/ansi-styles cache-miss
81 silly fetch manifest supports-color@^7.1.0
82 silly packumentCache full:https://registry.npmjs.org/supports-color cache-miss
83 silly fetch manifest which@^2.0.1
84 silly packumentCache full:https://registry.npmjs.org/which cache-miss
85 http fetch GET 200 https://registry.npmjs.org/ansi-styles 82ms (cache miss)
86 silly packumentCache full:https://registry.npmjs.org/ansi-styles set size:undefined disposed:false
87 silly fetch manifest path-key@^3.1.0
88 silly packumentCache full:https://registry.npmjs.org/path-key cache-miss
89 http fetch GET 200 https://registry.npmjs.org/supports-color 87ms (cache miss)
90 silly packumentCache full:https://registry.npmjs.org/supports-color set size:undefined disposed:false
91 silly fetch manifest shebang-command@^2.0.0
92 silly packumentCache full:https://registry.npmjs.org/shebang-command cache-miss
93 http fetch GET 200 https://registry.npmjs.org/shebang-command 354ms (cache revalidated)
94 silly packumentCache full:https://registry.npmjs.org/shebang-command set size:8525 disposed:false
95 silly fetch manifest jsonfile@^6.0.1
96 silly packumentCache full:https://registry.npmjs.org/jsonfile cache-miss
97 http fetch GET 200 https://registry.npmjs.org/which 489ms (cache revalidated)
98 silly packumentCache full:https://registry.npmjs.org/which set size:67747 disposed:false
99 silly fetch manifest graceful-fs@^4.2.0
100 silly packumentCache full:https://registry.npmjs.org/graceful-fs cache-miss
101 http fetch GET 200 https://registry.npmjs.org/path-key 427ms (cache revalidated)
102 silly packumentCache full:https://registry.npmjs.org/path-key set size:16975 disposed:false
103 silly fetch manifest universalify@^2.0.0
104 silly packumentCache full:https://registry.npmjs.org/universalify cache-miss
105 http fetch GET 200 https://registry.npmjs.org/jsonfile 72ms (cache miss)
106 silly packumentCache full:https://registry.npmjs.org/jsonfile set size:undefined disposed:false
107 silly fetch manifest buffer-from@^0.1.1
108 silly packumentCache full:https://registry.npmjs.org/buffer-from cache-miss
109 http fetch GET 200 https://registry.npmjs.org/buffer-from 64ms (cache miss)
110 silly packumentCache full:https://registry.npmjs.org/buffer-from set size:undefined disposed:false
111 silly fetch manifest duplexer2@~0.0.2
112 silly packumentCache full:https://registry.npmjs.org/duplexer2 cache-miss
113 http fetch GET 200 https://registry.npmjs.org/universalify 80ms (cache miss)
114 silly packumentCache full:https://registry.npmjs.org/universalify set size:undefined disposed:false
115 silly fetch manifest through2@~0.6.3
116 silly packumentCache full:https://registry.npmjs.org/through2 cache-miss
117 http fetch GET 200 https://registry.npmjs.org/duplexer2 57ms (cache miss)
118 silly packumentCache full:https://registry.npmjs.org/duplexer2 set size:undefined disposed:false
119 silly fetch manifest kleur@^3.0.3
120 silly packumentCache full:https://registry.npmjs.org/kleur cache-miss
121 http fetch GET 200 https://registry.npmjs.org/kleur 74ms (cache miss)
122 silly packumentCache full:https://registry.npmjs.org/kleur set size:undefined disposed:false
123 silly fetch manifest sisteransi@^1.0.5
124 silly packumentCache full:https://registry.npmjs.org/sisteransi cache-miss
125 http fetch GET 200 https://registry.npmjs.org/sisteransi 1182ms (cache miss)
126 silly packumentCache full:https://registry.npmjs.org/sisteransi set size:undefined disposed:false
127 silly fetch manifest debug@^2.2.0
128 silly packumentCache full:https://registry.npmjs.org/debug cache-miss
129 http fetch GET 200 https://registry.npmjs.org/through2 1397ms (cache miss)
130 silly packumentCache full:https://registry.npmjs.org/through2 set size:undefined disposed:false
131 silly fetch manifest fstream@^1.0.10
132 silly packumentCache full:https://registry.npmjs.org/fstream cache-miss
133 http fetch GET 200 https://registry.npmjs.org/fstream 74ms (cache miss)
134 silly packumentCache full:https://registry.npmjs.org/fstream set size:undefined disposed:false
135 silly fetch manifest fstream-ignore@^1.0.5
136 silly packumentCache full:https://registry.npmjs.org/fstream-ignore cache-miss
137 http fetch GET 200 https://registry.npmjs.org/debug 247ms (cache miss)
138 silly packumentCache full:https://registry.npmjs.org/debug set size:undefined disposed:false
139 silly fetch manifest once@^1.3.3
140 silly packumentCache full:https://registry.npmjs.org/once cache-miss
141 http fetch GET 200 https://registry.npmjs.org/once 61ms (cache miss)
142 silly packumentCache full:https://registry.npmjs.org/once set size:undefined disposed:false
143 silly fetch manifest readable-stream@^2.1.4
144 silly packumentCache full:https://registry.npmjs.org/readable-stream cache-miss
145 http fetch GET 200 https://registry.npmjs.org/graceful-fs 1770ms (cache revalidated)
146 silly packumentCache full:https://registry.npmjs.org/graceful-fs set size:124285 disposed:false
147 silly fetch manifest rimraf@^2.5.1
148 silly packumentCache full:https://registry.npmjs.org/rimraf cache-miss
149 http fetch GET 200 https://registry.npmjs.org/readable-stream 80ms (cache miss)
150 silly packumentCache full:https://registry.npmjs.org/readable-stream set size:undefined disposed:false
151 silly fetch manifest tar@^2.2.1
152 silly packumentCache full:https://registry.npmjs.org/tar cache-miss
153 http fetch GET 200 https://registry.npmjs.org/fstream-ignore 261ms (cache miss)
154 silly packumentCache full:https://registry.npmjs.org/fstream-ignore set size:undefined disposed:false
155 silly fetch manifest uid-number@^0.0.6
156 silly packumentCache full:https://registry.npmjs.org/uid-number cache-miss
157 http fetch GET 200 https://registry.npmjs.org/rimraf 96ms (cache miss)
158 silly packumentCache full:https://registry.npmjs.org/rimraf set size:undefined disposed:false
159 silly fetch manifest builtins@^1.0.3
160 silly packumentCache full:https://registry.npmjs.org/builtins cache-miss
161 http fetch GET 200 https://registry.npmjs.org/tar 99ms (cache miss)
162 silly packumentCache full:https://registry.npmjs.org/tar set size:undefined disposed:false
163 http fetch GET 200 https://registry.npmjs.org/uid-number 253ms (cache miss)
164 silly packumentCache full:https://registry.npmjs.org/uid-number set size:undefined disposed:false
165 http fetch GET 200 https://registry.npmjs.org/builtins 255ms (cache miss)
166 silly packumentCache full:https://registry.npmjs.org/builtins set size:undefined disposed:false
167 silly placeDep ROOT ansi-styles@4.3.0 OK for: chalk@4.1.2 want: ^4.1.0
168 silly placeDep ROOT supports-color@7.2.0 OK for: chalk@4.1.2 want: ^7.1.0
169 silly fetch manifest color-convert@^2.0.1
170 silly packumentCache full:https://registry.npmjs.org/color-convert cache-miss
171 silly fetch manifest has-flag@^4.0.0
172 silly packumentCache full:https://registry.npmjs.org/has-flag cache-miss
173 http fetch GET 200 https://registry.npmjs.org/color-convert 62ms (cache miss)
174 silly packumentCache full:https://registry.npmjs.org/color-convert set size:undefined disposed:false
175 http fetch GET 200 https://registry.npmjs.org/has-flag 66ms (cache miss)
176 silly packumentCache full:https://registry.npmjs.org/has-flag set size:undefined disposed:false
177 silly placeDep ROOT color-convert@2.0.1 OK for: ansi-styles@4.3.0 want: ^2.0.1
178 silly fetch manifest color-name@~1.1.4
179 silly packumentCache full:https://registry.npmjs.org/color-name cache-miss
180 http fetch GET 200 https://registry.npmjs.org/color-name 71ms (cache miss)
181 silly packumentCache full:https://registry.npmjs.org/color-name set size:undefined disposed:false
182 silly placeDep ROOT color-name@1.1.4 OK for: color-convert@2.0.1 want: ~1.1.4
183 silly placeDep ROOT path-key@3.1.1 OK for: cross-spawn@7.0.6 want: ^3.1.0
184 silly placeDep ROOT shebang-command@2.0.0 OK for: cross-spawn@7.0.6 want: ^2.0.0
185 silly placeDep ROOT which@2.0.2 OK for: cross-spawn@7.0.6 want: ^2.0.1
186 silly fetch manifest shebang-regex@^3.0.0
187 silly packumentCache full:https://registry.npmjs.org/shebang-regex cache-miss
188 silly fetch manifest isexe@^2.0.0
189 silly packumentCache full:https://registry.npmjs.org/isexe cache-miss
190 http fetch GET 200 https://registry.npmjs.org/shebang-regex 774ms (cache revalidated)
191 silly packumentCache full:https://registry.npmjs.org/shebang-regex set size:9763 disposed:false
192 http fetch GET 200 https://registry.npmjs.org/isexe 897ms (cache revalidated)
193 silly packumentCache full:https://registry.npmjs.org/isexe set size:31756 disposed:false
194 silly placeDep ROOT graceful-fs@4.2.11 OK for: fs-extra@10.1.0 want: ^4.2.0
195 silly placeDep ROOT jsonfile@6.2.0 OK for: fs-extra@10.1.0 want: ^6.0.1
196 silly placeDep ROOT universalify@2.0.1 OK for: fs-extra@10.1.0 want: ^2.0.0
197 silly placeDep ROOT buffer-from@0.1.2 OK for: hyperquest@2.1.3 want: ^0.1.1
198 silly placeDep ROOT duplexer2@0.0.2 OK for: hyperquest@2.1.3 want: ~0.0.2
199 silly placeDep ROOT through2@0.6.5 OK for: hyperquest@2.1.3 want: ~0.6.3
200 silly fetch manifest readable-stream@~1.1.9
201 silly packumentCache full:https://registry.npmjs.org/readable-stream cache-miss
202 silly fetch manifest readable-stream@>=1.0.33-1 <1.1.0-0
203 silly packumentCache full:https://registry.npmjs.org/readable-stream cache-miss
204 silly fetch manifest xtend@>=4.0.0 <4.1.0-0
205 silly packumentCache full:https://registry.npmjs.org/xtend cache-miss
206 http cache https://registry.npmjs.org/readable-stream 1293ms (cache hit)
207 silly packumentCache full:https://registry.npmjs.org/readable-stream set size:261096 disposed:false
208 http cache https://registry.npmjs.org/readable-stream 1296ms (cache hit)
209 silly packumentCache full:https://registry.npmjs.org/readable-stream set size:261096 disposed:false
210 silly packumentCache full:https://registry.npmjs.org/readable-stream dispose
211 http fetch GET 200 https://registry.npmjs.org/xtend 1304ms (cache miss)
212 silly packumentCache full:https://registry.npmjs.org/xtend set size:undefined disposed:false
213 silly placeDep ROOT readable-stream@1.1.14 OK for: duplexer2@0.0.2 want: ~1.1.9
214 silly fetch manifest isarray@0.0.1
215 silly packumentCache full:https://registry.npmjs.org/isarray cache-miss
216 silly fetch manifest inherits@~2.0.1
217 silly packumentCache full:https://registry.npmjs.org/inherits cache-miss
218 silly fetch manifest core-util-is@~1.0.0
219 silly packumentCache full:https://registry.npmjs.org/core-util-is cache-miss
220 http fetch GET 200 https://registry.npmjs.org/inherits 52ms (cache miss)
221 silly packumentCache full:https://registry.npmjs.org/inherits set size:undefined disposed:false
222 silly fetch manifest string_decoder@~0.10.x
223 silly packumentCache full:https://registry.npmjs.org/string_decoder cache-miss
224 http fetch GET 200 https://registry.npmjs.org/isarray 70ms (cache miss)
225 silly packumentCache full:https://registry.npmjs.org/isarray set size:undefined disposed:false
226 http fetch GET 200 https://registry.npmjs.org/core-util-is 72ms (cache miss)
227 silly packumentCache full:https://registry.npmjs.org/core-util-is set size:undefined disposed:false
228 http fetch GET 200 https://registry.npmjs.org/string_decoder 66ms (cache miss)
229 silly packumentCache full:https://registry.npmjs.org/string_decoder set size:undefined disposed:false
230 silly placeDep ROOT kleur@3.0.3 OK for: prompts@2.4.2 want: ^3.0.3
231 silly placeDep ROOT sisteransi@1.0.5 OK for: prompts@2.4.2 want: ^1.0.5
232 silly placeDep ROOT core-util-is@1.0.3 OK for: readable-stream@1.1.14 want: ~1.0.0
233 silly placeDep ROOT inherits@2.0.4 OK for: readable-stream@1.1.14 want: ~2.0.1
234 silly placeDep ROOT isarray@0.0.1 OK for: readable-stream@1.1.14 want: 0.0.1
235 silly placeDep ROOT string_decoder@0.10.31 OK for: readable-stream@1.1.14 want: ~0.10.x
236 silly placeDep ROOT shebang-regex@3.0.0 OK for: shebang-command@2.0.0 want: ^3.0.0
237 silly placeDep ROOT has-flag@4.0.0 OK for: supports-color@7.2.0 want: ^4.0.0
238 silly placeDep ROOT debug@2.6.9 OK for: tar-pack@3.4.1 want: ^2.2.0
239 silly placeDep ROOT fstream@1.0.12 OK for: tar-pack@3.4.1 want: ^1.0.10
240 silly placeDep ROOT fstream-ignore@1.0.5 OK for: tar-pack@3.4.1 want: ^1.0.5
241 silly placeDep ROOT once@1.4.0 OK for: tar-pack@3.4.1 want: ^1.3.3
242 silly placeDep node_modules/tar-pack readable-stream@2.3.8 OK for: tar-pack@3.4.1 want: ^2.1.4
243 silly placeDep ROOT rimraf@2.7.1 OK for: tar-pack@3.4.1 want: ^2.5.1
244 silly placeDep ROOT tar@2.2.2 OK for: tar-pack@3.4.1 want: ^2.2.1
245 silly placeDep ROOT uid-number@0.0.6 OK for: tar-pack@3.4.1 want: ^0.0.6
246 silly fetch manifest ms@2.0.0
247 silly packumentCache full:https://registry.npmjs.org/ms cache-miss
248 silly fetch manifest mkdirp@>=0.5 0
249 silly packumentCache full:https://registry.npmjs.org/mkdirp cache-miss
250 silly fetch manifest rimraf@2
251 silly packumentCache full:https://registry.npmjs.org/rimraf cache-miss
252 http cache https://registry.npmjs.org/rimraf 8ms (cache hit)
253 silly packumentCache full:https://registry.npmjs.org/rimraf set size:212626 disposed:false
254 silly fetch manifest minimatch@^3.0.0
255 silly packumentCache full:https://registry.npmjs.org/minimatch cache-miss
256 http fetch GET 200 https://registry.npmjs.org/ms 78ms (cache miss)
257 silly packumentCache full:https://registry.npmjs.org/ms set size:undefined disposed:false
258 silly fetch manifest wrappy@1
259 silly packumentCache full:https://registry.npmjs.org/wrappy cache-miss
260 http fetch GET 200 https://registry.npmjs.org/mkdirp 85ms (cache miss)
261 silly packumentCache full:https://registry.npmjs.org/mkdirp set size:undefined disposed:false
262 silly fetch manifest isarray@~1.0.0
263 silly packumentCache full:https://registry.npmjs.org/isarray cache-miss
264 http cache https://registry.npmjs.org/isarray 7ms (cache hit)
265 silly packumentCache full:https://registry.npmjs.org/isarray set size:17392 disposed:false
266 silly fetch manifest safe-buffer@~5.1.1
267 silly packumentCache full:https://registry.npmjs.org/safe-buffer cache-miss
268 http fetch GET 200 https://registry.npmjs.org/minimatch 96ms (cache miss)
269 silly packumentCache full:https://registry.npmjs.org/minimatch set size:undefined disposed:false
270 silly fetch manifest string_decoder@~1.1.1
271 silly packumentCache full:https://registry.npmjs.org/string_decoder cache-miss
272 http cache https://registry.npmjs.org/string_decoder 7ms (cache hit)
273 silly packumentCache full:https://registry.npmjs.org/string_decoder set size:28441 disposed:false
274 silly fetch manifest util-deprecate@~1.0.1
275 silly packumentCache full:https://registry.npmjs.org/util-deprecate cache-miss
276 http fetch GET 200 https://registry.npmjs.org/wrappy 66ms (cache miss)
277 silly packumentCache full:https://registry.npmjs.org/wrappy set size:undefined disposed:false
278 silly fetch manifest process-nextick-args@~2.0.0
279 silly packumentCache full:https://registry.npmjs.org/process-nextick-args cache-miss
280 http fetch GET 200 https://registry.npmjs.org/safe-buffer 63ms (cache miss)
281 silly packumentCache full:https://registry.npmjs.org/safe-buffer set size:undefined disposed:false
282 silly fetch manifest glob@^7.1.3
283 silly packumentCache full:https://registry.npmjs.org/glob cache-miss
284 http fetch GET 200 https://registry.npmjs.org/util-deprecate 65ms (cache miss)
285 silly packumentCache full:https://registry.npmjs.org/util-deprecate set size:undefined disposed:false
286 silly fetch manifest block-stream@*
287 silly packumentCache full:https://registry.npmjs.org/block-stream cache-miss
288 http fetch GET 200 https://registry.npmjs.org/process-nextick-args 77ms (cache miss)
289 silly packumentCache full:https://registry.npmjs.org/process-nextick-args set size:undefined disposed:false
290 http fetch GET 200 https://registry.npmjs.org/glob 107ms (cache miss)
291 silly packumentCache full:https://registry.npmjs.org/glob set size:undefined disposed:false
292 http fetch GET 200 https://registry.npmjs.org/block-stream 257ms (cache miss)
293 silly packumentCache full:https://registry.npmjs.org/block-stream set size:undefined disposed:false
294 silly placeDep ROOT ms@2.0.0 OK for: debug@2.6.9 want: 2.0.0
295 silly placeDep ROOT mkdirp@0.5.6 OK for: fstream@1.0.12 want: >=0.5 0
296 silly fetch manifest minimist@^1.2.6
297 silly packumentCache full:https://registry.npmjs.org/minimist cache-miss
298 http fetch GET 200 https://registry.npmjs.org/minimist 84ms (cache miss)
299 silly packumentCache full:https://registry.npmjs.org/minimist set size:undefined disposed:false
300 silly placeDep ROOT minimatch@3.1.5 OK for: fstream-ignore@1.0.5 want: ^3.0.0
301 silly fetch manifest brace-expansion@^1.1.7
302 silly packumentCache full:https://registry.npmjs.org/brace-expansion cache-miss
303 http fetch GET 200 https://registry.npmjs.org/brace-expansion 62ms (cache miss)
304 silly packumentCache full:https://registry.npmjs.org/brace-expansion set size:undefined disposed:false
305 silly placeDep ROOT brace-expansion@1.1.13 OK for: minimatch@3.1.5 want: ^1.1.7
306 silly fetch manifest concat-map@0.0.1
307 silly packumentCache full:https://registry.npmjs.org/concat-map cache-miss
308 silly fetch manifest balanced-match@^1.0.0
309 silly packumentCache full:https://registry.npmjs.org/balanced-match cache-miss
310 http fetch GET 200 https://registry.npmjs.org/concat-map 61ms (cache miss)
311 silly packumentCache full:https://registry.npmjs.org/concat-map set size:undefined disposed:false
312 http fetch GET 200 https://registry.npmjs.org/balanced-match 68ms (cache miss)
313 silly packumentCache full:https://registry.npmjs.org/balanced-match set size:undefined disposed:false
314 silly placeDep ROOT balanced-match@1.0.2 OK for: brace-expansion@1.1.13 want: ^1.0.0
315 silly placeDep ROOT concat-map@0.0.1 OK for: brace-expansion@1.1.13 want: 0.0.1
316 silly placeDep ROOT minimist@1.2.8 OK for: mkdirp@0.5.6 want: ^1.2.6
317 silly placeDep ROOT wrappy@1.0.2 OK for: once@1.4.0 want: 1
318 silly placeDep ROOT glob@7.2.3 OK for: rimraf@2.7.1 want: ^7.1.3
319 silly fetch manifest inflight@^1.0.4
320 silly packumentCache full:https://registry.npmjs.org/inflight cache-miss
321 silly fetch manifest fs.realpath@^1.0.0
322 silly packumentCache full:https://registry.npmjs.org/fs.realpath cache-miss
323 silly fetch manifest path-is-absolute@^1.0.0
324 silly packumentCache full:https://registry.npmjs.org/path-is-absolute cache-miss
325 http fetch GET 200 https://registry.npmjs.org/fs.realpath 62ms (cache miss)
326 silly packumentCache full:https://registry.npmjs.org/fs.realpath set size:undefined disposed:false
327 http fetch GET 200 https://registry.npmjs.org/inflight 63ms (cache miss)
328 silly packumentCache full:https://registry.npmjs.org/inflight set size:undefined disposed:false
329 http fetch GET 200 https://registry.npmjs.org/path-is-absolute 68ms (cache miss)
330 silly packumentCache full:https://registry.npmjs.org/path-is-absolute set size:undefined disposed:false
331 silly placeDep ROOT fs.realpath@1.0.0 OK for: glob@7.2.3 want: ^1.0.0
332 silly placeDep ROOT inflight@1.0.6 OK for: glob@7.2.3 want: ^1.0.4
333 silly placeDep ROOT path-is-absolute@1.0.1 OK for: glob@7.2.3 want: ^1.0.0
334 silly placeDep ROOT block-stream@0.0.9 OK for: tar@2.2.2 want: *
335 silly placeDep node_modules/through2 readable-stream@1.0.34 OK for: through2@0.6.5 want: >=1.0.33-1 <1.1.0-0
336 silly placeDep ROOT xtend@4.0.2 OK for: through2@0.6.5 want: >=4.0.0 <4.1.0-0
337 silly placeDep ROOT builtins@1.0.3 OK for: validate-npm-package-name@3.0.0 want: ^1.0.3
338 silly placeDep ROOT isexe@2.0.0 OK for: which@2.0.2 want: ^2.0.0
339 silly placeDep node_modules/tar-pack isarray@1.0.0 OK for: readable-stream@2.3.8 want: ~1.0.0
340 silly placeDep ROOT process-nextick-args@2.0.1 OK for: readable-stream@2.3.8 want: ~2.0.0
341 silly placeDep ROOT safe-buffer@5.1.2 OK for: readable-stream@2.3.8 want: ~5.1.1
342 silly placeDep node_modules/tar-pack string_decoder@1.1.1 OK for: readable-stream@2.3.8 want: ~1.1.1
343 silly placeDep ROOT util-deprecate@1.0.2 OK for: readable-stream@2.3.8 want: ~1.0.1
344 silly reify moves {}
345 silly audit bulk request {
345 silly audit   'create-react-app': [ '5.1.0' ],
345 silly audit   chalk: [ '4.1.2' ],
345 silly audit   commander: [ '4.1.1' ],
345 silly audit   'cross-spawn': [ '7.0.6' ],
345 silly audit   envinfo: [ '7.21.0' ],
345 silly audit   'fs-extra': [ '10.1.0' ],
345 silly audit   hyperquest: [ '2.1.3' ],
345 silly audit   prompts: [ '2.4.2' ],
345 silly audit   semver: [ '7.7.4' ],
345 silly audit   'tar-pack': [ '3.4.1' ],
345 silly audit   tmp: [ '0.2.5' ],
345 silly audit   'validate-npm-package-name': [ '3.0.0' ],
345 silly audit   'ansi-styles': [ '4.3.0' ],
345 silly audit   'supports-color': [ '7.2.0' ],
345 silly audit   'color-convert': [ '2.0.1' ],
345 silly audit   'color-name': [ '1.1.4' ],
345 silly audit   'path-key': [ '3.1.1' ],
345 silly audit   'shebang-command': [ '2.0.0' ],
345 silly audit   which: [ '2.0.2' ],
345 silly audit   'graceful-fs': [ '4.2.11' ],
345 silly audit   jsonfile: [ '6.2.0' ],
345 silly audit   universalify: [ '2.0.1' ],
345 silly audit   'buffer-from': [ '0.1.2' ],
345 silly audit   duplexer2: [ '0.0.2' ],
345 silly audit   through2: [ '0.6.5' ],
345 silly audit   'readable-stream': [ '1.1.14', '2.3.8', '1.0.34' ],
345 silly audit   kleur: [ '3.0.3' ],
345 silly audit   sisteransi: [ '1.0.5' ],
345 silly audit   'core-util-is': [ '1.0.3' ],
345 silly audit   inherits: [ '2.0.4' ],
345 silly audit   isarray: [ '0.0.1', '1.0.0' ],
345 silly audit   string_decoder: [ '0.10.31', '1.1.1' ],
345 silly audit   'shebang-regex': [ '3.0.0' ],
345 silly audit   'has-flag': [ '4.0.0' ],
345 silly audit   debug: [ '2.6.9' ],
345 silly audit   fstream: [ '1.0.12' ],
345 silly audit   'fstream-ignore': [ '1.0.5' ],
345 silly audit   once: [ '1.4.0' ],
345 silly audit   rimraf: [ '2.7.1' ],
345 silly audit   tar: [ '2.2.2' ],
345 silly audit   'uid-number': [ '0.0.6' ],
345 silly audit   ms: [ '2.0.0' ],
345 silly audit   mkdirp: [ '0.5.6' ],
345 silly audit   minimatch: [ '3.1.5' ],
345 silly audit   'brace-expansion': [ '1.1.13' ],
345 silly audit   'balanced-match': [ '1.0.2' ],
345 silly audit   'concat-map': [ '0.0.1' ],
345 silly audit   minimist: [ '1.2.8' ],
345 silly audit   wrappy: [ '1.0.2' ],
345 silly audit   glob: [ '7.2.3' ],
345 silly audit   'fs.realpath': [ '1.0.0' ],
345 silly audit   inflight: [ '1.0.6' ],
345 silly audit   'path-is-absolute': [ '1.0.1' ],
345 silly audit   'block-stream': [ '0.0.9' ],
345 silly audit   xtend: [ '4.0.2' ],
345 silly audit   builtins: [ '1.0.3' ],
345 silly audit   isexe: [ '2.0.0' ],
345 silly audit   'process-nextick-args': [ '2.0.1' ],
345 silly audit   'safe-buffer': [ '5.1.2' ],
345 silly audit   'util-deprecate': [ '1.0.2' ]
345 silly audit }
346 http cache util-deprecate@https://registry.npmjs.org/util-deprecate/-/util-deprecate-1.0.2.tgz 0ms (cache hit)
347 http cache safe-buffer@https://registry.npmjs.org/safe-buffer/-/safe-buffer-5.1.2.tgz 0ms (cache hit)
348 http cache process-nextick-args@https://registry.npmjs.org/process-nextick-args/-/process-nextick-args-2.0.1.tgz 0ms (cache hit)
349 http cache isexe@https://registry.npmjs.org/isexe/-/isexe-2.0.0.tgz 0ms (cache hit)
350 http cache builtins@https://registry.npmjs.org/builtins/-/builtins-1.0.3.tgz 0ms (cache hit)
351 http cache block-stream@https://registry.npmjs.org/block-stream/-/block-stream-0.0.9.tgz 0ms (cache hit)
352 http cache xtend@https://registry.npmjs.org/xtend/-/xtend-4.0.2.tgz 0ms (cache hit)
353 http cache path-is-absolute@https://registry.npmjs.org/path-is-absolute/-/path-is-absolute-1.0.1.tgz 0ms (cache hit)
354 http cache inflight@https://registry.npmjs.org/inflight/-/inflight-1.0.6.tgz 0ms (cache hit)
355 http cache fs.realpath@https://registry.npmjs.org/fs.realpath/-/fs.realpath-1.0.0.tgz 0ms (cache hit)
356 http cache glob@https://registry.npmjs.org/glob/-/glob-7.2.3.tgz 0ms (cache hit)
357 http cache wrappy@https://registry.npmjs.org/wrappy/-/wrappy-1.0.2.tgz 0ms (cache hit)
358 http cache minimist@https://registry.npmjs.org/minimist/-/minimist-1.2.8.tgz 0ms (cache hit)
359 http cache concat-map@https://registry.npmjs.org/concat-map/-/concat-map-0.0.1.tgz 0ms (cache hit)
360 http cache balanced-match@https://registry.npmjs.org/balanced-match/-/balanced-match-1.0.2.tgz 0ms (cache hit)
361 http cache brace-expansion@https://registry.npmjs.org/brace-expansion/-/brace-expansion-1.1.13.tgz 0ms (cache hit)
362 http cache minimatch@https://registry.npmjs.org/minimatch/-/minimatch-3.1.5.tgz 0ms (cache hit)
363 http cache mkdirp@https://registry.npmjs.org/mkdirp/-/mkdirp-0.5.6.tgz 0ms (cache hit)
364 http cache ms@https://registry.npmjs.org/ms/-/ms-2.0.0.tgz 0ms (cache hit)
365 http cache uid-number@https://registry.npmjs.org/uid-number/-/uid-number-0.0.6.tgz 0ms (cache hit)
366 http cache tar@https://registry.npmjs.org/tar/-/tar-2.2.2.tgz 0ms (cache hit)
367 http cache rimraf@https://registry.npmjs.org/rimraf/-/rimraf-2.7.1.tgz 0ms (cache hit)
368 http cache once@https://registry.npmjs.org/once/-/once-1.4.0.tgz 0ms (cache hit)
369 http cache fstream-ignore@https://registry.npmjs.org/fstream-ignore/-/fstream-ignore-1.0.5.tgz 0ms (cache hit)
370 http cache fstream@https://registry.npmjs.org/fstream/-/fstream-1.0.12.tgz 0ms (cache hit)
371 http cache debug@https://registry.npmjs.org/debug/-/debug-2.6.9.tgz 0ms (cache hit)
372 http cache has-flag@https://registry.npmjs.org/has-flag/-/has-flag-4.0.0.tgz 0ms (cache hit)
373 http cache shebang-regex@https://registry.npmjs.org/shebang-regex/-/shebang-regex-3.0.0.tgz 0ms (cache hit)
374 http cache string_decoder@https://registry.npmjs.org/string_decoder/-/string_decoder-0.10.31.tgz 0ms (cache hit)
375 http cache isarray@https://registry.npmjs.org/isarray/-/isarray-0.0.1.tgz 0ms (cache hit)
376 http cache inherits@https://registry.npmjs.org/inherits/-/inherits-2.0.4.tgz 0ms (cache hit)
377 http cache core-util-is@https://registry.npmjs.org/core-util-is/-/core-util-is-1.0.3.tgz 0ms (cache hit)
378 http cache sisteransi@https://registry.npmjs.org/sisteransi/-/sisteransi-1.0.5.tgz 0ms (cache hit)
379 http cache kleur@https://registry.npmjs.org/kleur/-/kleur-3.0.3.tgz 0ms (cache hit)
380 http cache readable-stream@https://registry.npmjs.org/readable-stream/-/readable-stream-1.1.14.tgz 0ms (cache hit)
381 http cache through2@https://registry.npmjs.org/through2/-/through2-0.6.5.tgz 0ms (cache hit)
382 http cache duplexer2@https://registry.npmjs.org/duplexer2/-/duplexer2-0.0.2.tgz 0ms (cache hit)
383 http cache universalify@https://registry.npmjs.org/universalify/-/universalify-2.0.1.tgz 0ms (cache hit)
384 http cache buffer-from@https://registry.npmjs.org/buffer-from/-/buffer-from-0.1.2.tgz 0ms (cache hit)
385 http cache jsonfile@https://registry.npmjs.org/jsonfile/-/jsonfile-6.2.0.tgz 0ms (cache hit)
386 http cache graceful-fs@https://registry.npmjs.org/graceful-fs/-/graceful-fs-4.2.11.tgz 0ms (cache hit)
387 http cache which@https://registry.npmjs.org/which/-/which-2.0.2.tgz 0ms (cache hit)
388 http cache shebang-command@https://registry.npmjs.org/shebang-command/-/shebang-command-2.0.0.tgz 0ms (cache hit)
389 http cache path-key@https://registry.npmjs.org/path-key/-/path-key-3.1.1.tgz 0ms (cache hit)
390 http cache color-name@https://registry.npmjs.org/color-name/-/color-name-1.1.4.tgz 0ms (cache hit)
391 http cache color-convert@https://registry.npmjs.org/color-convert/-/color-convert-2.0.1.tgz 0ms (cache hit)
392 http cache supports-color@https://registry.npmjs.org/supports-color/-/supports-color-7.2.0.tgz 0ms (cache hit)
393 http cache ansi-styles@https://registry.npmjs.org/ansi-styles/-/ansi-styles-4.3.0.tgz 0ms (cache hit)
394 http cache validate-npm-package-name@https://registry.npmjs.org/validate-npm-package-name/-/validate-npm-package-name-3.0.0.tgz 0ms (cache hit)
395 http cache tmp@https://registry.npmjs.org/tmp/-/tmp-0.2.5.tgz 0ms (cache hit)
396 http cache semver@https://registry.npmjs.org/semver/-/semver-7.7.4.tgz 0ms (cache hit)
397 http cache tar-pack@https://registry.npmjs.org/tar-pack/-/tar-pack-3.4.1.tgz 0ms (cache hit)
398 http cache prompts@https://registry.npmjs.org/prompts/-/prompts-2.4.2.tgz 0ms (cache hit)
399 http cache hyperquest@https://registry.npmjs.org/hyperquest/-/hyperquest-2.1.3.tgz 0ms (cache hit)
400 http cache fs-extra@https://registry.npmjs.org/fs-extra/-/fs-extra-10.1.0.tgz 0ms (cache hit)
401 http cache envinfo@https://registry.npmjs.org/envinfo/-/envinfo-7.21.0.tgz 0ms (cache hit)
402 http cache cross-spawn@https://registry.npmjs.org/cross-spawn/-/cross-spawn-7.0.6.tgz 0ms (cache hit)
403 http cache commander@https://registry.npmjs.org/commander/-/commander-4.1.1.tgz 0ms (cache hit)
404 http cache chalk@https://registry.npmjs.org/chalk/-/chalk-4.1.2.tgz 0ms (cache hit)
405 http cache create-react-app@https://registry.npmjs.org/create-react-app/-/create-react-app-5.1.0.tgz 0ms (cache hit)
406 http cache readable-stream@https://registry.npmjs.org/readable-stream/-/readable-stream-1.0.34.tgz 0ms (cache hit)
407 http cache string_decoder@https://registry.npmjs.org/string_decoder/-/string_decoder-1.1.1.tgz 0ms (cache hit)
408 http cache isarray@https://registry.npmjs.org/isarray/-/isarray-1.0.0.tgz 0ms (cache hit)
409 silly tarball no local data for util-deprecate@https://registry.npmjs.org/util-deprecate/-/util-deprecate-1.0.2.tgz. Extracting by manifest.
410 silly tarball no local data for safe-buffer@https://registry.npmjs.org/safe-buffer/-/safe-buffer-5.1.2.tgz. Extracting by manifest.
411 silly tarball no local data for process-nextick-args@https://registry.npmjs.org/process-nextick-args/-/process-nextick-args-2.0.1.tgz. Extracting by manifest.
412 http cache readable-stream@https://registry.npmjs.org/readable-stream/-/readable-stream-2.3.8.tgz 0ms (cache hit)
413 silly tarball no local data for builtins@https://registry.npmjs.org/builtins/-/builtins-1.0.3.tgz. Extracting by manifest.
414 silly tarball no local data for block-stream@https://registry.npmjs.org/block-stream/-/block-stream-0.0.9.tgz. Extracting by manifest.
415 silly tarball no local data for xtend@https://registry.npmjs.org/xtend/-/xtend-4.0.2.tgz. Extracting by manifest.
416 silly tarball no local data for path-is-absolute@https://registry.npmjs.org/path-is-absolute/-/path-is-absolute-1.0.1.tgz. Extracting by manifest.
417 silly tarball no local data for inflight@https://registry.npmjs.org/inflight/-/inflight-1.0.6.tgz. Extracting by manifest.
418 silly tarball no local data for fs.realpath@https://registry.npmjs.org/fs.realpath/-/fs.realpath-1.0.0.tgz. Extracting by manifest.
419 silly tarball no local data for glob@https://registry.npmjs.org/glob/-/glob-7.2.3.tgz. Extracting by manifest.
420 silly tarball no local data for wrappy@https://registry.npmjs.org/wrappy/-/wrappy-1.0.2.tgz. Extracting by manifest.
421 silly tarball no local data for minimist@https://registry.npmjs.org/minimist/-/minimist-1.2.8.tgz. Extracting by manifest.
422 silly tarball no local data for concat-map@https://registry.npmjs.org/concat-map/-/concat-map-0.0.1.tgz. Extracting by manifest.
423 silly tarball no local data for balanced-match@https://registry.npmjs.org/balanced-match/-/balanced-match-1.0.2.tgz. Extracting by manifest.
424 silly tarball no local data for brace-expansion@https://registry.npmjs.org/brace-expansion/-/brace-expansion-1.1.13.tgz. Extracting by manifest.
425 silly tarball no local data for minimatch@https://registry.npmjs.org/minimatch/-/minimatch-3.1.5.tgz. Extracting by manifest.
426 silly tarball no local data for mkdirp@https://registry.npmjs.org/mkdirp/-/mkdirp-0.5.6.tgz. Extracting by manifest.
427 silly tarball no local data for ms@https://registry.npmjs.org/ms/-/ms-2.0.0.tgz. Extracting by manifest.
428 silly tarball no local data for uid-number@https://registry.npmjs.org/uid-number/-/uid-number-0.0.6.tgz. Extracting by manifest.
429 silly tarball no local data for tar@https://registry.npmjs.org/tar/-/tar-2.2.2.tgz. Extracting by manifest.
430 silly tarball no local data for rimraf@https://registry.npmjs.org/rimraf/-/rimraf-2.7.1.tgz. Extracting by manifest.
431 silly tarball no local data for once@https://registry.npmjs.org/once/-/once-1.4.0.tgz. Extracting by manifest.
432 silly tarball no local data for fstream-ignore@https://registry.npmjs.org/fstream-ignore/-/fstream-ignore-1.0.5.tgz. Extracting by manifest.
433 silly tarball no local data for fstream@https://registry.npmjs.org/fstream/-/fstream-1.0.12.tgz. Extracting by manifest.
434 silly tarball no local data for debug@https://registry.npmjs.org/debug/-/debug-2.6.9.tgz. Extracting by manifest.
435 silly tarball no local data for has-flag@https://registry.npmjs.org/has-flag/-/has-flag-4.0.0.tgz. Extracting by manifest.
436 silly tarball no local data for string_decoder@https://registry.npmjs.org/string_decoder/-/string_decoder-0.10.31.tgz. Extracting by manifest.
437 silly tarball no local data for isarray@https://registry.npmjs.org/isarray/-/isarray-0.0.1.tgz. Extracting by manifest.
438 silly tarball no local data for inherits@https://registry.npmjs.org/inherits/-/inherits-2.0.4.tgz. Extracting by manifest.
439 silly tarball no local data for core-util-is@https://registry.npmjs.org/core-util-is/-/core-util-is-1.0.3.tgz. Extracting by manifest.
440 silly tarball no local data for sisteransi@https://registry.npmjs.org/sisteransi/-/sisteransi-1.0.5.tgz. Extracting by manifest.
441 silly tarball no local data for kleur@https://registry.npmjs.org/kleur/-/kleur-3.0.3.tgz. Extracting by manifest.
442 silly tarball no local data for readable-stream@https://registry.npmjs.org/readable-stream/-/readable-stream-1.1.14.tgz. Extracting by manifest.
443 silly tarball no local data for through2@https://registry.npmjs.org/through2/-/through2-0.6.5.tgz. Extracting by manifest.
444 silly tarball no local data for duplexer2@https://registry.npmjs.org/duplexer2/-/duplexer2-0.0.2.tgz. Extracting by manifest.
445 silly tarball no local data for universalify@https://registry.npmjs.org/universalify/-/universalify-2.0.1.tgz. Extracting by manifest.
446 silly tarball no local data for buffer-from@https://registry.npmjs.org/buffer-from/-/buffer-from-0.1.2.tgz. Extracting by manifest.
447 silly tarball no local data for jsonfile@https://registry.npmjs.org/jsonfile/-/jsonfile-6.2.0.tgz. Extracting by manifest.
448 silly tarball no local data for color-name@https://registry.npmjs.org/color-name/-/color-name-1.1.4.tgz. Extracting by manifest.
449 silly tarball no local data for color-convert@https://registry.npmjs.org/color-convert/-/color-convert-2.0.1.tgz. Extracting by manifest.
450 silly tarball no local data for supports-color@https://registry.npmjs.org/supports-color/-/supports-color-7.2.0.tgz. Extracting by manifest.
451 silly tarball no local data for ansi-styles@https://registry.npmjs.org/ansi-styles/-/ansi-styles-4.3.0.tgz. Extracting by manifest.
452 silly tarball no local data for validate-npm-package-name@https://registry.npmjs.org/validate-npm-package-name/-/validate-npm-package-name-3.0.0.tgz. Extracting by manifest.
453 silly tarball no local data for tmp@https://registry.npmjs.org/tmp/-/tmp-0.2.5.tgz. Extracting by manifest.
454 silly tarball no local data for semver@https://registry.npmjs.org/semver/-/semver-7.7.4.tgz. Extracting by manifest.
455 silly tarball no local data for tar-pack@https://registry.npmjs.org/tar-pack/-/tar-pack-3.4.1.tgz. Extracting by manifest.
456 silly tarball no local data for prompts@https://registry.npmjs.org/prompts/-/prompts-2.4.2.tgz. Extracting by manifest.
457 silly tarball no local data for hyperquest@https://registry.npmjs.org/hyperquest/-/hyperquest-2.1.3.tgz. Extracting by manifest.
458 silly tarball no local data for fs-extra@https://registry.npmjs.org/fs-extra/-/fs-extra-10.1.0.tgz. Extracting by manifest.
459 silly tarball no local data for envinfo@https://registry.npmjs.org/envinfo/-/envinfo-7.21.0.tgz. Extracting by manifest.
460 silly tarball no local data for commander@https://registry.npmjs.org/commander/-/commander-4.1.1.tgz. Extracting by manifest.
461 silly tarball no local data for chalk@https://registry.npmjs.org/chalk/-/chalk-4.1.2.tgz. Extracting by manifest.
462 silly tarball no local data for create-react-app@https://registry.npmjs.org/create-react-app/-/create-react-app-5.1.0.tgz. Extracting by manifest.
463 silly tarball no local data for readable-stream@https://registry.npmjs.org/readable-stream/-/readable-stream-1.0.34.tgz. Extracting by manifest.
464 silly tarball no local data for string_decoder@https://registry.npmjs.org/string_decoder/-/string_decoder-1.1.1.tgz. Extracting by manifest.
465 silly tarball no local data for isarray@https://registry.npmjs.org/isarray/-/isarray-1.0.0.tgz. Extracting by manifest.
466 silly tarball no local data for readable-stream@https://registry.npmjs.org/readable-stream/-/readable-stream-2.3.8.tgz. Extracting by manifest.
467 http fetch POST 200 https://registry.npmjs.org/-/npm/v1/security/advisories/bulk 299ms
468 silly audit report {
468 silly audit report   tar: [
468 silly audit report     {
468 silly audit report       id: 1112659,
468 silly audit report       url: 'https://github.com/advisories/GHSA-34x7-hfp2-rc4v',
468 silly audit report       title: 'node-tar Vulnerable to Arbitrary File Creation/Overwrite via Hardlink Path Traversal',
468 silly audit report       severity: 'high',
468 silly audit report       vulnerable_versions: '<7.5.7',
468 silly audit report       cwe: [Array],
468 silly audit report       cvss: [Object]
468 silly audit report     },
468 silly audit report     {
468 silly audit report       id: 1113300,
468 silly audit report       url: 'https://github.com/advisories/GHSA-8qq5-rm4j-mr97',
468 silly audit report       title: 'node-tar is Vulnerable to Arbitrary File Overwrite and Symlink Poisoning via Insufficient Path Sanitization',
468 silly audit report       severity: 'high',
468 silly audit report       vulnerable_versions: '<=7.5.2',
468 silly audit report       cwe: [Array],
468 silly audit report       cvss: [Object]
468 silly audit report     },
468 silly audit report     {
468 silly audit report       id: 1113375,
468 silly audit report       url: 'https://github.com/advisories/GHSA-83g3-92jg-28cx',
468 silly audit report       title: 'Arbitrary File Read/Write via Hardlink Target Escape Through Symlink Chain in node-tar Extraction',
468 silly audit report       severity: 'high',
468 silly audit report       vulnerable_versions: '<7.5.8',
468 silly audit report       cwe: [Array],
468 silly audit report       cvss: [Object]
468 silly audit report     },
468 silly audit report     {
468 silly audit report       id: 1114200,
468 silly audit report       url: 'https://github.com/advisories/GHSA-qffp-2rhf-9h96',
468 silly audit report       title: 'tar has Hardlink Path Traversal via Drive-Relative Linkpath',
468 silly audit report       severity: 'high',
468 silly audit report       vulnerable_versions: '<=7.5.9',
468 silly audit report       cwe: [Array],
468 silly audit report       cvss: [Object]
468 silly audit report     },
468 silly audit report     {
468 silly audit report       id: 1114302,
468 silly audit report       url: 'https://github.com/advisories/GHSA-9ppj-qmqm-q256',
468 silly audit report       title: 'node-tar Symlink Path Traversal via Drive-Relative Linkpath',
468 silly audit report       severity: 'high',
468 silly audit report       vulnerable_versions: '<=7.5.10',
468 silly audit report       cwe: [Array],
468 silly audit report       cvss: [Object]
468 silly audit report     },
468 silly audit report     {
468 silly audit report       id: 1114680,
468 silly audit report       url: 'https://github.com/advisories/GHSA-r6q2-hw4h-h46w',
468 silly audit report       title: 'Race Condition in node-tar Path Reservations via Unicode Ligature Collisions on macOS APFS',
468 silly audit report       severity: 'high',
468 silly audit report       vulnerable_versions: '<=7.5.3',
468 silly audit report       cwe: [Array],
468 silly audit report       cvss: [Object]
468 silly audit report     },
468 silly audit report     {
468 silly audit report       id: 1089685,
468 silly audit report       url: 'https://github.com/advisories/GHSA-3jfq-g458-7qm9',
468 silly audit report       title: 'Arbitrary File Creation/Overwrite due to insufficient absolute path sanitization',
468 silly audit report       severity: 'high',
468 silly audit report       vulnerable_versions: '<3.2.2',
468 silly audit report       cwe: [Array],
468 silly audit report       cvss: [Object]
468 silly audit report     },
468 silly audit report     {
468 silly audit report       id: 1095117,
468 silly audit report       url: 'https://github.com/advisories/GHSA-5955-9wpr-37jh',
468 silly audit report       title: 'Arbitrary File Creation/Overwrite on Windows via insufficient relative path sanitization',
468 silly audit report       severity: 'high',
468 silly audit report       vulnerable_versions: '<4.4.18',
468 silly audit report       cwe: [Array],
468 silly audit report       cvss: [Object]
468 silly audit report     },
468 silly audit report     {
468 silly audit report       id: 1097493,
468 silly audit report       url: 'https://github.com/advisories/GHSA-f5x3-32g6-xq36',
468 silly audit report       title: 'Denial of service while parsing a tar file due to lack of folders count validation',
468 silly audit report       severity: 'moderate',
468 silly audit report       vulnerable_versions: '<6.2.1',
468 silly audit report       cwe: [Array],
468 silly audit report       cvss: [Object]
468 silly audit report     }
468 silly audit report   ]
468 silly audit report }
469 silly packumentCache corgi:https://registry.npmjs.org/tar cache-miss
470 http fetch GET 200 https://registry.npmjs.org/util-deprecate/-/util-deprecate-1.0.2.tgz 326ms (cache miss)
471 http fetch GET 200 https://registry.npmjs.org/safe-buffer/-/safe-buffer-5.1.2.tgz 338ms (cache miss)
472 http fetch GET 200 https://registry.npmjs.org/minimatch/-/minimatch-3.1.5.tgz 357ms (cache miss)
473 http fetch GET 200 https://registry.npmjs.org/brace-expansion/-/brace-expansion-1.1.13.tgz 369ms (cache miss)
474 http fetch GET 200 https://registry.npmjs.org/ms/-/ms-2.0.0.tgz 444ms (cache miss)
475 http fetch GET 200 https://registry.npmjs.org/process-nextick-args/-/process-nextick-args-2.0.1.tgz 474ms (cache miss)
476 http fetch GET 200 https://registry.npmjs.org/inflight/-/inflight-1.0.6.tgz 500ms (cache miss)
477 http fetch GET 200 https://registry.npmjs.org/mkdirp/-/mkdirp-0.5.6.tgz 495ms (cache miss)
478 warn deprecated inflight@1.0.6: This module is not supported, and leaks memory. Do not use it. Check out lru-cache if you want a good and tested way to coalesce async requests by a key value, which is much more comprehensive and powerful.
479 http fetch GET 200 https://registry.npmjs.org/uid-number/-/uid-number-0.0.6.tgz 533ms (cache miss)
480 http fetch GET 200 https://registry.npmjs.org/path-is-absolute/-/path-is-absolute-1.0.1.tgz 682ms (cache miss)
481 warn deprecated uid-number@0.0.6: This package is no longer supported.
482 http fetch GET 200 https://registry.npmjs.org/fs.realpath/-/fs.realpath-1.0.0.tgz 727ms (cache miss)
483 http fetch GET 200 https://registry.npmjs.org/block-stream/-/block-stream-0.0.9.tgz 793ms (cache miss)
484 http fetch GET 200 https://registry.npmjs.org/wrappy/-/wrappy-1.0.2.tgz 864ms (cache miss)
485 http fetch GET 200 https://registry.npmjs.org/fstream-ignore/-/fstream-ignore-1.0.5.tgz 857ms (cache miss)
486 http fetch GET 200 https://registry.npmjs.org/has-flag/-/has-flag-4.0.0.tgz 856ms (cache miss)
487 http fetch GET 200 https://registry.npmjs.org/builtins/-/builtins-1.0.3.tgz 903ms (cache miss)
488 http fetch GET 200 https://registry.npmjs.org/xtend/-/xtend-4.0.2.tgz 959ms (cache miss)
489 warn deprecated fstream-ignore@1.0.5: This package is no longer supported.
490 http fetch GET 200 https://registry.npmjs.org/once/-/once-1.4.0.tgz 1016ms (cache miss)
491 http fetch GET 200 https://registry.npmjs.org/inherits/-/inherits-2.0.4.tgz 1117ms (cache miss)
492 http fetch GET 200 https://registry.npmjs.org/isarray/-/isarray-0.0.1.tgz 1129ms (cache miss)
493 http fetch GET 200 https://registry.npmjs.org/string_decoder/-/string_decoder-0.10.31.tgz 1133ms (cache miss)
494 http fetch GET 200 https://registry.npmjs.org/duplexer2/-/duplexer2-0.0.2.tgz 1128ms (cache miss)
495 http fetch GET 200 https://registry.npmjs.org/balanced-match/-/balanced-match-1.0.2.tgz 1148ms (cache miss)
496 http fetch GET 200 https://registry.npmjs.org/core-util-is/-/core-util-is-1.0.3.tgz 1175ms (cache miss)
497 http fetch GET 200 https://registry.npmjs.org/color-name/-/color-name-1.1.4.tgz 1171ms (cache miss)
498 http fetch GET 200 https://registry.npmjs.org/create-react-app/-/create-react-app-5.1.0.tgz 1196ms (cache miss)
499 http fetch GET 200 https://registry.npmjs.org/jsonfile/-/jsonfile-6.2.0.tgz 1209ms (cache miss)
500 http fetch GET 200 https://registry.npmjs.org/universalify/-/universalify-2.0.1.tgz 1293ms (cache miss)
501 http fetch GET 200 https://registry.npmjs.org/rimraf/-/rimraf-2.7.1.tgz 1327ms (cache miss)
502 warn deprecated rimraf@2.7.1: Rimraf versions prior to v4 are no longer supported
503 http fetch GET 200 https://registry.npmjs.org/buffer-from/-/buffer-from-0.1.2.tgz 1318ms (cache miss)
504 http fetch GET 200 https://registry.npmjs.org/kleur/-/kleur-3.0.3.tgz 1651ms (cache miss)
505 http fetch GET 200 https://registry.npmjs.org/supports-color/-/supports-color-7.2.0.tgz 1658ms (cache miss)
506 http fetch GET 200 https://registry.npmjs.org/concat-map/-/concat-map-0.0.1.tgz 1683ms (cache miss)
507 http fetch GET 200 https://registry.npmjs.org/sisteransi/-/sisteransi-1.0.5.tgz 1696ms (cache miss)
508 http fetch GET 200 https://registry.npmjs.org/through2/-/through2-0.6.5.tgz 1736ms (cache miss)
509 http fetch GET 200 https://registry.npmjs.org/ansi-styles/-/ansi-styles-4.3.0.tgz 1758ms (cache miss)
510 http fetch GET 200 https://registry.npmjs.org/glob/-/glob-7.2.3.tgz 1838ms (cache miss)
511 warn deprecated glob@7.2.3: Old versions of glob are not supported, and contain widely publicized security vulnerabilities, which have been fixed in the current version. Please update. Support for old versions may be purchased (at exorbitant rates) by contacting i@izs.me
512 http fetch GET 200 https://registry.npmjs.org/isarray/-/isarray-1.0.0.tgz 1818ms (cache miss)
513 http fetch GET 200 https://registry.npmjs.org/string_decoder/-/string_decoder-1.1.1.tgz 1854ms (cache miss)
514 http fetch GET 200 https://registry.npmjs.org/tar 1659ms (cache miss)
515 silly packumentCache corgi:https://registry.npmjs.org/tar set size:undefined disposed:false
516 http fetch GET 200 https://registry.npmjs.org/chalk/-/chalk-4.1.2.tgz 1901ms (cache miss)
517 http fetch GET 200 https://registry.npmjs.org/color-convert/-/color-convert-2.0.1.tgz 1910ms (cache miss)
518 http fetch GET 200 https://registry.npmjs.org/tmp/-/tmp-0.2.5.tgz 1909ms (cache miss)
519 http fetch GET 200 https://registry.npmjs.org/validate-npm-package-name/-/validate-npm-package-name-3.0.0.tgz 1949ms (cache miss)
520 silly packumentCache corgi:https://registry.npmjs.org/tar-pack cache-miss
521 http fetch GET 200 https://registry.npmjs.org/commander/-/commander-4.1.1.tgz 2115ms (cache miss)
522 http fetch GET 200 https://registry.npmjs.org/envinfo/-/envinfo-7.21.0.tgz 2128ms (cache miss)
523 http fetch GET 200 https://registry.npmjs.org/tar-pack/-/tar-pack-3.4.1.tgz 2140ms (cache miss)
524 http fetch GET 200 https://registry.npmjs.org/readable-stream/-/readable-stream-1.0.34.tgz 2136ms (cache miss)
525 http fetch GET 200 https://registry.npmjs.org/debug/-/debug-2.6.9.tgz 2166ms (cache miss)
526 http fetch GET 200 https://registry.npmjs.org/hyperquest/-/hyperquest-2.1.3.tgz 2276ms (cache miss)
527 http fetch GET 200 https://registry.npmjs.org/readable-stream/-/readable-stream-1.1.14.tgz 2290ms (cache miss)
528 http fetch GET 200 https://registry.npmjs.org/minimist/-/minimist-1.2.8.tgz 2355ms (cache miss)
529 http fetch GET 200 https://registry.npmjs.org/fstream/-/fstream-1.0.12.tgz 2354ms (cache miss)
530 warn deprecated fstream@1.0.12: This package is no longer supported.
531 http fetch GET 200 https://registry.npmjs.org/readable-stream/-/readable-stream-2.3.8.tgz 2367ms (cache miss)
532 http fetch GET 200 https://registry.npmjs.org/tar-pack 322ms (cache miss)
533 silly packumentCache corgi:https://registry.npmjs.org/tar-pack set size:undefined disposed:false
534 silly packumentCache corgi:https://registry.npmjs.org/create-react-app cache-miss
535 http cache https://registry.npmjs.org/create-react-app 11ms (cache hit)
536 silly packumentCache corgi:https://registry.npmjs.org/create-react-app set size:137779 disposed:false
537 http fetch GET 200 https://registry.npmjs.org/fs-extra/-/fs-extra-10.1.0.tgz 2503ms (cache miss)
538 http fetch GET 200 https://registry.npmjs.org/semver/-/semver-7.7.4.tgz 2845ms (cache miss)
539 http fetch GET 200 https://registry.npmjs.org/prompts/-/prompts-2.4.2.tgz 2911ms (cache miss)
540 http fetch GET 200 https://registry.npmjs.org/tar/-/tar-2.2.2.tgz 3653ms (cache miss)
541 warn deprecated tar@2.2.2: Old versions of tar are not supported, and contain widely publicized security vulnerabilities, which have been fixed in the current version. Please update. Support for old versions may be purchased (at exorbitant rates) by contacting i@izs.me
542 verbose cwd C:\Users\ferna\refrigeracion-don-carlos-erp
543 verbose os Windows_NT 10.0.19045
544 verbose node v24.13.0
545 verbose npm  v11.6.2
546 verbose exit 0
547 info ok
