0 verbose cli C:\Program Files\nodejs\node.exe C:\Program Files\nodejs\node_modules\npm\bin\npm-cli.js
1 info using npm@11.6.2
2 info using node@v24.13.0
3 silly config load:file:C:\Program Files\nodejs\node_modules\npm\npmrc
4 silly config load:file:C:\Users\ferna\.npmrc
5 silly config load:file:C:\Users\ferna\AppData\Roaming\npm\etc\npmrc
6 verbose title npm install yarn
7 verbose argv "install" "--global" "yarn"
8 verbose logfile logs-max:10 dir:C:\Users\ferna\refrigeracion-don-carlos-erp\UsersfernaAppDataLocalnpm-cache\_logs\2026-04-09T18_12_33_447Z-
9 verbose logfile C:\Users\ferna\refrigeracion-don-carlos-erp\UsersfernaAppDataLocalnpm-cache\_logs\2026-04-09T18_12_33_447Z-debug-0.log
10 silly packumentCache heap:4496293888 maxSize:1124073472 maxEntrySize:562036736
11 silly logfile done cleaning log files
12 silly idealTree buildDeps
13 silly fetch manifest yarn@*
14 silly packumentCache full:https://registry.npmjs.org/yarn cache-miss
15 http fetch GET 200 https://registry.npmjs.org/yarn 213ms (cache miss)
16 silly packumentCache full:https://registry.npmjs.org/yarn set size:undefined disposed:false
17 silly placeDep ROOT yarn@1.22.22 OK for:  want: *
18 silly reify moves {}
19 http cache yarn@https://registry.npmjs.org/yarn/-/yarn-1.22.22.tgz 0ms (cache hit)
20 silly tarball no local data for yarn@https://registry.npmjs.org/yarn/-/yarn-1.22.22.tgz. Extracting by manifest.
21 http fetch GET 200 https://registry.npmjs.org/npm 352ms
22 http fetch GET 200 https://registry.npmjs.org/yarn/-/yarn-1.22.22.tgz 396ms (cache miss)
23 info run yarn@1.22.22 preinstall node_modules/yarn :; (node ./preinstall.js > /dev/null 2>&1 || true)
24 info run yarn@1.22.22 preinstall { code: 0, signal: null }
25 silly ADD node_modules/yarn
26 verbose cwd C:\Users\ferna\refrigeracion-don-carlos-erp
27 verbose os Windows_NT 10.0.19045
28 verbose node v24.13.0
29 verbose npm  v11.6.2
30 notice
30 notice New minor version of npm available! 11.6.2 -> 11.12.1
30 notice Changelog: https://github.com/npm/cli/releases/tag/v11.12.1
30 notice To update run: npm install -g npm@11.12.1
30 notice  { force: true, Symbol(proc-log.meta): true }
31 verbose exit 0
32 info ok
